21:21:38.946 [background-preinit] INFO  o.h.v.i.util.Version - [<clinit>,21] - HV000001: Hibernate Validator 6.2.0.Final
21:21:40.644 [main] INFO  c.a.n.c.c.i.LocalConfigInfoProcessor - [<clinit>,67] - LOCAL_SNAPSHOT_PATH:C:\Users\清研\nacos\config
21:21:40.644 [main] INFO  c.a.n.c.r.client - [lambda$createClient$0,77] - [RpcClientFactory] create a new rpc client of c91b352c-f906-45db-b81f-7892b1f1b285_config-0
21:21:40.813 [main] INFO  o.r.Reflections - [scan,232] - Reflections took 92 ms to scan 1 urls, producing 3 keys and 6 values 
21:21:40.864 [main] INFO  o.r.Reflections - [scan,232] - Reflections took 28 ms to scan 1 urls, producing 4 keys and 9 values 
21:21:40.882 [main] INFO  o.r.Reflections - [scan,232] - Reflections took 18 ms to scan 1 urls, producing 3 keys and 10 values 
21:21:40.921 [main] INFO  o.r.Reflections - [scan,232] - Reflections took 21 ms to scan 1 urls, producing 1 keys and 5 values 
21:21:40.929 [main] INFO  o.r.Reflections - [scan,232] - Reflections took 4 ms to scan 1 urls, producing 1 keys and 7 values 
21:21:40.964 [main] INFO  o.r.Reflections - [scan,232] - Reflections took 15 ms to scan 1 urls, producing 2 keys and 8 values 
21:21:40.976 [main] INFO  c.a.n.c.r.client - [printIfInfoEnabled,60] - [c91b352c-f906-45db-b81f-7892b1f1b285_config-0]RpcClient init label, labels={module=config, Vipserver-Tag=null, source=sdk, Amory-Tag=null, Location-Tag=null, taskId=0, AppName=unknown}
21:21:40.976 [main] INFO  c.a.n.c.r.client - [printIfInfoEnabled,60] - [c91b352c-f906-45db-b81f-7892b1f1b285_config-0]Register server push request handler:com.alibaba.nacos.client.config.impl.ClientWorker$ConfigRpcTransportClient$$Lambda$447/0x0000000800406440
21:21:40.976 [main] INFO  c.a.n.c.r.client - [printIfInfoEnabled,60] - [c91b352c-f906-45db-b81f-7892b1f1b285_config-0]Register server push request handler:com.alibaba.nacos.client.config.impl.ClientWorker$ConfigRpcTransportClient$$Lambda$448/0x0000000800405840
21:21:40.979 [main] INFO  c.a.n.c.r.client - [printIfInfoEnabled,60] - [c91b352c-f906-45db-b81f-7892b1f1b285_config-0]Registry connection listener to current client:com.alibaba.nacos.client.config.impl.ClientWorker$ConfigRpcTransportClient$1
21:21:40.979 [main] INFO  c.a.n.c.r.client - [printIfInfoEnabled,60] - [c91b352c-f906-45db-b81f-7892b1f1b285_config-0]RpcClient init, ServerListFactory =com.alibaba.nacos.client.config.impl.ClientWorker$ConfigRpcTransportClient$2
21:21:40.983 [main] INFO  c.a.n.c.r.client - [printIfInfoEnabled,60] - [c91b352c-f906-45db-b81f-7892b1f1b285_config-0] Try to connect to server on start up, server: {serverIp='127.0.0.1', server main port=8848}
21:21:43.126 [main] INFO  c.a.n.c.r.client - [printIfInfoEnabled,60] - [c91b352c-f906-45db-b81f-7892b1f1b285_config-0] Success to connect to server [127.0.0.1:8848] on start up,connectionId=1636204902780_127.0.0.1_9538
21:21:43.128 [main] INFO  c.a.n.c.r.client - [printIfInfoEnabled,60] - [c91b352c-f906-45db-b81f-7892b1f1b285_config-0]Register server push request handler:com.alibaba.nacos.common.remote.client.RpcClient$ConnectResetRequestHandler
21:21:43.128 [main] INFO  c.a.n.c.r.client - [printIfInfoEnabled,60] - [c91b352c-f906-45db-b81f-7892b1f1b285_config-0]Register server push request handler:com.alibaba.nacos.common.remote.client.RpcClient$4
21:21:43.126 [com.alibaba.nacos.client.remote.worker] INFO  c.a.n.c.r.client - [printIfInfoEnabled,60] - [c91b352c-f906-45db-b81f-7892b1f1b285_config-0]Notify connected event to listeners.
21:21:43.131 [com.alibaba.nacos.client.remote.worker] INFO  c.a.n.c.c.i.ClientWorker - [onConnected,681] - [c91b352c-f906-45db-b81f-7892b1f1b285_config-0] Connected,notify listen context...
21:21:43.263 [main] INFO  c.a.n.c.c.i.Limiter - [<clinit>,56] - limitTime:5.0
21:21:43.453 [main] INFO  c.a.n.c.c.u.JvmUtil - [<clinit>,53] - isMultiInstance:false
21:21:43.692 [main] INFO  c.r.g.RuoYiGatewayApplication - [logStartupProfileInfo,663] - The following profiles are active: dev
21:22:04.373 [main] INFO  c.a.c.s.g.s.SentinelSCGAutoConfiguration - [sentinelGatewayFilter,144] - [Sentinel SpringCloudGateway] register SentinelGatewayFilter with order: -2147483648
21:22:04.862 [main] INFO  c.a.n.client.naming - [initNamespaceForNaming,63] - initializer namespace from System Property : null
21:22:04.864 [main] INFO  c.a.n.client.naming - [call,69] - initializer namespace from System Environment :null
21:22:04.866 [main] INFO  c.a.n.client.naming - [call,79] - initializer namespace from System Property :null
21:22:04.899 [main] INFO  c.a.n.c.r.client - [lambda$createClient$0,77] - [RpcClientFactory] create a new rpc client of 4464cff6-66fb-4a77-9251-7f00386aeea0
21:22:04.901 [main] INFO  c.a.n.c.r.client - [printIfInfoEnabled,60] - [4464cff6-66fb-4a77-9251-7f00386aeea0]RpcClient init label, labels={module=naming, source=sdk}
21:22:04.906 [main] INFO  c.a.n.c.r.client - [printIfInfoEnabled,60] - [4464cff6-66fb-4a77-9251-7f00386aeea0]RpcClient init, ServerListFactory =com.alibaba.nacos.client.naming.core.ServerListManager
21:22:04.906 [main] INFO  c.a.n.c.r.client - [printIfInfoEnabled,60] - [4464cff6-66fb-4a77-9251-7f00386aeea0]Registry connection listener to current client:com.alibaba.nacos.client.naming.remote.gprc.redo.NamingGrpcRedoService
21:22:04.907 [main] INFO  c.a.n.c.r.client - [printIfInfoEnabled,60] - [4464cff6-66fb-4a77-9251-7f00386aeea0]Register server push request handler:com.alibaba.nacos.client.naming.remote.gprc.NamingPushRequestHandler
21:22:04.908 [main] INFO  c.a.n.c.r.client - [printIfInfoEnabled,60] - [4464cff6-66fb-4a77-9251-7f00386aeea0] Try to connect to server on start up, server: {serverIp='127.0.0.1', server main port=8848}
21:22:05.056 [main] INFO  c.a.n.c.r.client - [printIfInfoEnabled,60] - [4464cff6-66fb-4a77-9251-7f00386aeea0] Success to connect to server [127.0.0.1:8848] on start up,connectionId=1636204924924_127.0.0.1_9666
21:22:05.056 [com.alibaba.nacos.client.remote.worker] INFO  c.a.n.c.r.client - [printIfInfoEnabled,60] - [4464cff6-66fb-4a77-9251-7f00386aeea0]Notify connected event to listeners.
21:22:05.056 [main] INFO  c.a.n.c.r.client - [printIfInfoEnabled,60] - [4464cff6-66fb-4a77-9251-7f00386aeea0]Register server push request handler:com.alibaba.nacos.common.remote.client.RpcClient$ConnectResetRequestHandler
21:22:05.057 [com.alibaba.nacos.client.remote.worker] INFO  c.a.n.client.naming - [onConnected,76] - Grpc connection connect
21:22:05.057 [main] INFO  c.a.n.c.r.client - [printIfInfoEnabled,60] - [4464cff6-66fb-4a77-9251-7f00386aeea0]Register server push request handler:com.alibaba.nacos.common.remote.client.RpcClient$4
21:22:05.542 [main] INFO  c.a.c.s.g.s.SentinelSCGAutoConfiguration - [sentinelGatewayBlockExceptionHandler,134] - [Sentinel SpringCloudGateway] register SentinelGatewayBlockExceptionHandler
21:22:06.728 [main] INFO  c.a.n.c.c.i.ClientWorker - [addCacheDataIfAbsent,384] - [config_rpc_client] [subscribe] sentinel-ruoyi-gateway+DEFAULT_GROUP
21:22:06.747 [main] INFO  c.a.n.c.c.i.CacheData - [addListener,173] - [config_rpc_client] [add-listener] ok, tenant=, dataId=sentinel-ruoyi-gateway, group=DEFAULT_GROUP, cnt=1
21:22:06.748 [main] INFO  c.a.n.c.r.client - [lambda$createClient$0,77] - [RpcClientFactory] create a new rpc client of 79e35912-868f-46a1-840e-0abc0a5ca0cc_config-0
21:22:06.748 [main] INFO  c.a.n.c.r.client - [printIfInfoEnabled,60] - [79e35912-868f-46a1-840e-0abc0a5ca0cc_config-0]RpcClient init label, labels={module=config, Vipserver-Tag=null, source=sdk, Amory-Tag=null, Location-Tag=null, taskId=0, AppName=unknown}
21:22:06.749 [main] INFO  c.a.n.c.r.client - [printIfInfoEnabled,60] - [79e35912-868f-46a1-840e-0abc0a5ca0cc_config-0]Register server push request handler:com.alibaba.nacos.client.config.impl.ClientWorker$ConfigRpcTransportClient$$Lambda$447/0x0000000800406440
21:22:06.750 [main] INFO  c.a.n.c.r.client - [printIfInfoEnabled,60] - [79e35912-868f-46a1-840e-0abc0a5ca0cc_config-0]Register server push request handler:com.alibaba.nacos.client.config.impl.ClientWorker$ConfigRpcTransportClient$$Lambda$448/0x0000000800405840
21:22:06.750 [main] INFO  c.a.n.c.r.client - [printIfInfoEnabled,60] - [79e35912-868f-46a1-840e-0abc0a5ca0cc_config-0]Registry connection listener to current client:com.alibaba.nacos.client.config.impl.ClientWorker$ConfigRpcTransportClient$1
21:22:06.750 [main] INFO  c.a.n.c.r.client - [printIfInfoEnabled,60] - [79e35912-868f-46a1-840e-0abc0a5ca0cc_config-0]RpcClient init, ServerListFactory =com.alibaba.nacos.client.config.impl.ClientWorker$ConfigRpcTransportClient$2
21:22:06.751 [main] INFO  c.a.n.c.r.client - [printIfInfoEnabled,60] - [79e35912-868f-46a1-840e-0abc0a5ca0cc_config-0] Try to connect to server on start up, server: {serverIp='127.0.0.1', server main port=8848}
21:22:06.910 [main] INFO  c.a.n.c.r.client - [printIfInfoEnabled,60] - [79e35912-868f-46a1-840e-0abc0a5ca0cc_config-0] Success to connect to server [127.0.0.1:8848] on start up,connectionId=1636204926777_127.0.0.1_9669
21:22:06.910 [com.alibaba.nacos.client.remote.worker] INFO  c.a.n.c.r.client - [printIfInfoEnabled,60] - [79e35912-868f-46a1-840e-0abc0a5ca0cc_config-0]Notify connected event to listeners.
21:22:06.910 [main] INFO  c.a.n.c.r.client - [printIfInfoEnabled,60] - [79e35912-868f-46a1-840e-0abc0a5ca0cc_config-0]Register server push request handler:com.alibaba.nacos.common.remote.client.RpcClient$ConnectResetRequestHandler
21:22:06.910 [com.alibaba.nacos.client.remote.worker] INFO  c.a.n.c.c.i.ClientWorker - [onConnected,681] - [79e35912-868f-46a1-840e-0abc0a5ca0cc_config-0] Connected,notify listen context...
21:22:06.910 [main] INFO  c.a.n.c.r.client - [printIfInfoEnabled,60] - [79e35912-868f-46a1-840e-0abc0a5ca0cc_config-0]Register server push request handler:com.alibaba.nacos.common.remote.client.RpcClient$4
21:22:07.326 [main] INFO  c.a.n.client.naming - [isChangedServiceInfo,181] - init new ips(0) service: DEFAULT_GROUP@@ruoyi-gateway@@DEFAULT -> []
21:22:07.330 [main] INFO  c.a.n.client.naming - [processServiceInfo,166] - current ips:(0) service: DEFAULT_GROUP@@ruoyi-gateway@@DEFAULT -> []
21:22:09.174 [nacos-grpc-client-executor-10] INFO  c.a.n.c.r.client - [printIfInfoEnabled,60] - [4464cff6-66fb-4a77-9251-7f00386aeea0]receive server push request,request=NotifySubscriberRequest,requestId=1
21:22:09.174 [nacos-grpc-client-executor-10] INFO  c.a.n.client.naming - [isChangedServiceInfo,181] - init new ips(0) service: DEFAULT_GROUP@@ruoyi-gateway -> []
21:22:09.175 [nacos-grpc-client-executor-10] INFO  c.a.n.client.naming - [processServiceInfo,166] - current ips:(0) service: DEFAULT_GROUP@@ruoyi-gateway -> []
21:22:09.177 [nacos-grpc-client-executor-10] INFO  c.a.n.c.r.client - [printIfInfoEnabled,60] - [4464cff6-66fb-4a77-9251-7f00386aeea0]ack server push request,request=NotifySubscriberRequest,requestId=1
21:22:10.259 [main] INFO  c.a.n.client.naming - [registerService,112] - [REGISTER-SERVICE] public registering service ruoyi-gateway with instance Instance{instanceId='null', ip='192.168.31.122', port=8080, weight=1.0, healthy=true, enabled=true, ephemeral=true, clusterName='DEFAULT', serviceName='null', metadata={preserved.register.source=SPRING_CLOUD}}
21:22:10.285 [main] INFO  c.a.c.n.r.NacosServiceRegistry - [register,75] - nacos registry, DEFAULT_GROUP ruoyi-gateway 192.168.31.122:8080 register finished
21:22:10.347 [main] INFO  c.r.g.RuoYiGatewayApplication - [logStarted,61] - Started RuoYiGatewayApplication in 32.266 seconds (JVM running for 33.572)
21:22:10.354 [main] INFO  c.a.n.c.c.i.ClientWorker - [addCacheDataIfAbsent,384] - [config_rpc_client] [subscribe] ruoyi-gateway+DEFAULT_GROUP
21:22:10.354 [main] INFO  c.a.n.c.c.i.CacheData - [addListener,173] - [config_rpc_client] [add-listener] ok, tenant=, dataId=ruoyi-gateway, group=DEFAULT_GROUP, cnt=1
21:22:10.355 [main] INFO  c.a.n.c.c.i.ClientWorker - [addCacheDataIfAbsent,384] - [config_rpc_client] [subscribe] ruoyi-gateway.yml+DEFAULT_GROUP
21:22:10.357 [main] INFO  c.a.n.c.c.i.CacheData - [addListener,173] - [config_rpc_client] [add-listener] ok, tenant=, dataId=ruoyi-gateway.yml, group=DEFAULT_GROUP, cnt=1
21:22:10.360 [main] INFO  c.a.n.c.c.i.ClientWorker - [addCacheDataIfAbsent,384] - [config_rpc_client] [subscribe] ruoyi-gateway-dev.yml+DEFAULT_GROUP
21:22:10.360 [main] INFO  c.a.n.c.c.i.CacheData - [addListener,173] - [config_rpc_client] [add-listener] ok, tenant=, dataId=ruoyi-gateway-dev.yml, group=DEFAULT_GROUP, cnt=1
21:22:10.382 [com.alibaba.nacos.client.naming.updater.0] INFO  c.a.n.client.naming - [isChangedServiceInfo,235] - new ips(1) service: DEFAULT_GROUP@@ruoyi-gateway@@DEFAULT -> [{"ip":"192.168.31.122","port":8080,"weight":1.0,"healthy":true,"enabled":true,"ephemeral":true,"clusterName":"DEFAULT","serviceName":"DEFAULT_GROUP@@ruoyi-gateway","metadata":{"preserved.register.source":"SPRING_CLOUD"},"ipDeleteTimeout":30000,"instanceHeartBeatInterval":5000,"instanceHeartBeatTimeOut":15000}]
21:22:10.384 [com.alibaba.nacos.client.naming.updater.0] INFO  c.a.n.client.naming - [processServiceInfo,166] - current ips:(1) service: DEFAULT_GROUP@@ruoyi-gateway@@DEFAULT -> [{"ip":"192.168.31.122","port":8080,"weight":1.0,"healthy":true,"enabled":true,"ephemeral":true,"clusterName":"DEFAULT","serviceName":"DEFAULT_GROUP@@ruoyi-gateway","metadata":{"preserved.register.source":"SPRING_CLOUD"},"ipDeleteTimeout":30000,"instanceHeartBeatInterval":5000,"instanceHeartBeatTimeOut":15000}]
21:22:10.878 [nacos-grpc-client-executor-16] INFO  c.a.n.c.r.client - [printIfInfoEnabled,60] - [4464cff6-66fb-4a77-9251-7f00386aeea0]receive server push request,request=NotifySubscriberRequest,requestId=2
21:22:10.879 [nacos-grpc-client-executor-16] INFO  c.a.n.client.naming - [isChangedServiceInfo,235] - new ips(1) service: DEFAULT_GROUP@@ruoyi-gateway -> [{"ip":"192.168.31.122","port":8080,"weight":1.0,"healthy":true,"enabled":true,"ephemeral":true,"clusterName":"DEFAULT","serviceName":"DEFAULT_GROUP@@ruoyi-gateway","metadata":{"preserved.register.source":"SPRING_CLOUD"},"ipDeleteTimeout":30000,"instanceHeartBeatInterval":5000,"instanceHeartBeatTimeOut":15000}]
21:22:10.879 [nacos-grpc-client-executor-16] INFO  c.a.n.client.naming - [processServiceInfo,166] - current ips:(1) service: DEFAULT_GROUP@@ruoyi-gateway -> [{"ip":"192.168.31.122","port":8080,"weight":1.0,"healthy":true,"enabled":true,"ephemeral":true,"clusterName":"DEFAULT","serviceName":"DEFAULT_GROUP@@ruoyi-gateway","metadata":{"preserved.register.source":"SPRING_CLOUD"},"ipDeleteTimeout":30000,"instanceHeartBeatInterval":5000,"instanceHeartBeatTimeOut":15000}]
21:22:10.881 [nacos-grpc-client-executor-16] INFO  c.a.n.c.r.client - [printIfInfoEnabled,60] - [4464cff6-66fb-4a77-9251-7f00386aeea0]ack server push request,request=NotifySubscriberRequest,requestId=2
21:22:13.626 [SpringApplicationShutdownHook] INFO  c.a.c.n.r.NacosServiceRegistry - [deregister,90] - De-registering from Nacos Server now...
21:22:13.626 [SpringApplicationShutdownHook] INFO  c.a.n.client.naming - [deregisterService,136] - [DEREGISTER-SERVICE] public deregistering service ruoyi-gateway with instance: Instance{instanceId='null', ip='192.168.31.122', port=8080, weight=1.0, healthy=true, enabled=true, ephemeral=true, clusterName='DEFAULT', serviceName='null', metadata={}}
21:22:13.633 [SpringApplicationShutdownHook] INFO  c.a.c.n.r.NacosServiceRegistry - [deregister,110] - De-registration finished.
21:22:13.634 [SpringApplicationShutdownHook] INFO  c.a.n.client.naming - [shutdown,256] - com.alibaba.nacos.client.naming.cache.ServiceInfoHolder do shutdown begin
21:22:13.635 [SpringApplicationShutdownHook] INFO  c.a.n.client.naming - [shutdown,140] - com.alibaba.nacos.client.naming.backups.FailoverReactor do shutdown begin
21:22:13.938 [SpringApplicationShutdownHook] INFO  c.a.n.client.naming - [shutdown,142] - com.alibaba.nacos.client.naming.backups.FailoverReactor do shutdown stop
21:22:13.938 [SpringApplicationShutdownHook] INFO  c.a.n.client.naming - [shutdown,258] - com.alibaba.nacos.client.naming.cache.ServiceInfoHolder do shutdown stop
21:22:13.938 [SpringApplicationShutdownHook] INFO  c.a.n.client.naming - [shutdown,176] - com.alibaba.nacos.client.naming.remote.NamingClientProxyDelegate do shutdown begin
21:22:13.938 [SpringApplicationShutdownHook] INFO  c.a.n.client.naming - [shutdown,130] - com.alibaba.nacos.client.naming.core.ServiceInfoUpdateService do shutdown begin
21:22:14.213 [nacos-grpc-client-executor-19] INFO  c.a.n.c.r.client - [printIfInfoEnabled,60] - [4464cff6-66fb-4a77-9251-7f00386aeea0]receive server push request,request=NotifySubscriberRequest,requestId=3
21:22:14.214 [nacos-grpc-client-executor-19] INFO  c.a.n.client.naming - [isChangedServiceInfo,241] - removed ips(1) service: DEFAULT_GROUP@@ruoyi-gateway -> [{"ip":"192.168.31.122","port":8080,"weight":1.0,"healthy":true,"enabled":true,"ephemeral":true,"clusterName":"DEFAULT","serviceName":"DEFAULT_GROUP@@ruoyi-gateway","metadata":{"preserved.register.source":"SPRING_CLOUD"},"ipDeleteTimeout":30000,"instanceHeartBeatInterval":5000,"instanceHeartBeatTimeOut":15000}]
21:22:14.215 [nacos-grpc-client-executor-19] INFO  c.a.n.client.naming - [processServiceInfo,166] - current ips:(0) service: DEFAULT_GROUP@@ruoyi-gateway -> []
21:22:14.217 [nacos-grpc-client-executor-19] INFO  c.a.n.c.r.client - [printIfInfoEnabled,60] - [4464cff6-66fb-4a77-9251-7f00386aeea0]ack server push request,request=NotifySubscriberRequest,requestId=3
21:22:14.241 [SpringApplicationShutdownHook] INFO  c.a.n.client.naming - [shutdown,132] - com.alibaba.nacos.client.naming.core.ServiceInfoUpdateService do shutdown stop
21:22:14.241 [SpringApplicationShutdownHook] INFO  c.a.n.client.naming - [shutdown,188] - com.alibaba.nacos.client.naming.core.ServerListManager do shutdown begin
21:22:14.242 [SpringApplicationShutdownHook] INFO  c.a.n.client.naming - [shutdown,193] - com.alibaba.nacos.client.naming.core.ServerListManager do shutdown stop
21:22:14.242 [SpringApplicationShutdownHook] INFO  c.a.n.client.naming - [shutdown,519] - com.alibaba.nacos.client.naming.remote.http.NamingHttpClientProxy do shutdown begin
21:22:14.243 [SpringApplicationShutdownHook] INFO  c.a.n.client.naming - [shutdown,162] - com.alibaba.nacos.client.naming.beat.BeatReactor do shutdown begin
21:22:14.243 [SpringApplicationShutdownHook] INFO  c.a.n.client.naming - [shutdown,164] - com.alibaba.nacos.client.naming.beat.BeatReactor do shutdown stop
21:22:14.244 [SpringApplicationShutdownHook] INFO  c.a.n.c.i.CredentialWatcher - [stop,105] - [null] CredentialWatcher is stopped
21:22:14.244 [SpringApplicationShutdownHook] INFO  c.a.n.c.i.CredentialService - [free,99] - [null] CredentialService is freed
21:22:14.244 [SpringApplicationShutdownHook] INFO  c.a.n.client.naming - [shutdown,523] - com.alibaba.nacos.client.naming.remote.http.NamingHttpClientProxy do shutdown stop
21:22:14.244 [SpringApplicationShutdownHook] INFO  c.a.n.c.r.client - [shutdown,461] - Shutdown rpc client ,set status to shutdown
21:22:14.245 [SpringApplicationShutdownHook] INFO  c.a.n.c.r.client - [shutdown,463] - Shutdown  client event executor java.util.concurrent.ScheduledThreadPoolExecutor@2034d5ae[Running, pool size = 2, active threads = 2, queued tasks = 0, completed tasks = 0]
21:22:14.245 [SpringApplicationShutdownHook] INFO  c.a.n.c.r.client - [shutdown,465] - Close current connection 1636204924924_127.0.0.1_9666
21:22:14.249 [nacos-grpc-client-executor-20] INFO  c.a.n.c.r.c.g.GrpcClient - [printIfInfoEnabled,60] - [1636204924924_127.0.0.1_9666]Ignore complete event,isRunning:false,isAbandon=false
21:22:14.254 [SpringApplicationShutdownHook] INFO  c.a.n.c.r.c.g.GrpcClient - [shutdown,83] - Shutdown grpc executor java.util.concurrent.ThreadPoolExecutor@5d220117[Running, pool size = 21, active threads = 0, queued tasks = 0, completed tasks = 21]
21:22:14.255 [SpringApplicationShutdownHook] INFO  c.a.n.client.naming - [shutdown,251] - Shutdown grpc redo service executor java.util.concurrent.ScheduledThreadPoolExecutor@5cf20a61[Running, pool size = 1, active threads = 0, queued tasks = 1, completed tasks = 3]
21:22:14.256 [SpringApplicationShutdownHook] INFO  c.a.n.client.naming - [shutdown,182] - com.alibaba.nacos.client.naming.remote.NamingClientProxyDelegate do shutdown stop
