03:05:04.103 [com.alibaba.nacos.client.remote.worker] INFO  c.a.n.c.r.client - [printIfInfoEnabled,60] - [1699bf58-a46d-4262-87ca-df7c0128831b_config-0] try to re connect to a new server ,server is  not appointed,will choose a random server.
03:05:04.117 [com.alibaba.nacos.client.remote.worker] INFO  c.a.n.c.r.client - [printIfInfoEnabled,60] - [d4adaab4-44fb-4ce6-90b7-4c00e3662853] try to re connect to a new server ,server is  not appointed,will choose a random server.
03:05:04.034 [lettuce-nioEventLoop-4-1] INFO  i.l.c.p.CommandHandler - [log,217] - null Unexpected exception during request: java.io.IOException: 远程主机强迫关闭了一个现有的连接。
java.io.IOException: 远程主机强迫关闭了一个现有的连接。
	at java.base/sun.nio.ch.SocketDispatcher.read0(Native Method)
	at java.base/sun.nio.ch.SocketDispatcher.read(SocketDispatcher.java:43)
	at java.base/sun.nio.ch.IOUtil.readIntoNativeBuffer(IOUtil.java:276)
	at java.base/sun.nio.ch.IOUtil.read(IOUtil.java:233)
	at java.base/sun.nio.ch.IOUtil.read(IOUtil.java:223)
	at java.base/sun.nio.ch.SocketChannelImpl.read(SocketChannelImpl.java:358)
	at io.netty.buffer.PooledByteBuf.setBytes(PooledByteBuf.java:253)
	at io.netty.buffer.AbstractByteBuf.writeBytes(AbstractByteBuf.java:1132)
	at io.netty.channel.socket.nio.NioSocketChannel.doReadBytes(NioSocketChannel.java:350)
	at io.netty.channel.nio.AbstractNioByteChannel$NioByteUnsafe.read(AbstractNioByteChannel.java:151)
	at io.netty.channel.nio.NioEventLoop.processSelectedKey(NioEventLoop.java:719)
	at io.netty.channel.nio.NioEventLoop.processSelectedKeysOptimized(NioEventLoop.java:655)
	at io.netty.channel.nio.NioEventLoop.processSelectedKeys(NioEventLoop.java:581)
	at io.netty.channel.nio.NioEventLoop.run(NioEventLoop.java:493)
	at io.netty.util.concurrent.SingleThreadEventExecutor$4.run(SingleThreadEventExecutor.java:986)
	at io.netty.util.internal.ThreadExecutorMap$2.run(ThreadExecutorMap.java:74)
	at io.netty.util.concurrent.FastThreadLocalRunnable.run(FastThreadLocalRunnable.java:30)
	at java.base/java.lang.Thread.run(Thread.java:834)
03:05:04.397 [lettuce-eventExecutorLoop-1-1] INFO  i.l.c.p.ConnectionWatchdog - [log,171] - Reconnecting, last destination was localhost/127.0.0.1:6379
03:05:08.541 [com.alibaba.nacos.client.remote.worker] INFO  c.a.n.c.r.client - [printIfInfoEnabled,60] - [1699bf58-a46d-4262-87ca-df7c0128831b_config-0] fail to connect server,after trying 1 times, last try server is {serverIp='127.0.0.1', server main port=8848},error=unknown
03:05:08.542 [com.alibaba.nacos.client.remote.worker] INFO  c.a.n.c.r.client - [printIfInfoEnabled,60] - [d4adaab4-44fb-4ce6-90b7-4c00e3662853] fail to connect server,after trying 1 times, last try server is {serverIp='127.0.0.1', server main port=8848},error=unknown
03:05:10.704 [lettuce-eventExecutorLoop-1-3] INFO  i.l.c.p.ConnectionWatchdog - [log,171] - Reconnecting, last destination was localhost:6379
03:05:10.855 [com.alibaba.nacos.client.remote.worker] INFO  c.a.n.c.r.client - [printIfInfoEnabled,60] - [d4adaab4-44fb-4ce6-90b7-4c00e3662853] fail to connect server,after trying 2 times, last try server is {serverIp='127.0.0.1', server main port=8848},error=unknown
03:05:10.855 [com.alibaba.nacos.client.remote.worker] INFO  c.a.n.c.r.client - [printIfInfoEnabled,60] - [1699bf58-a46d-4262-87ca-df7c0128831b_config-0] fail to connect server,after trying 2 times, last try server is {serverIp='127.0.0.1', server main port=8848},error=unknown
03:05:11.500 [SpringApplicationShutdownHook] INFO  c.a.c.n.r.NacosServiceRegistry - [deregister,90] - De-registering from Nacos Server now...
03:05:11.500 [SpringApplicationShutdownHook] INFO  c.a.n.client.naming - [deregisterService,136] - [DEREGISTER-SERVICE] public deregistering service ruoyi-gen with instance: Instance{instanceId='null', ip='192.168.31.122', port=9202, weight=1.0, healthy=true, enabled=true, ephemeral=true, clusterName='DEFAULT', serviceName='null', metadata={}}
03:05:11.851 [SpringApplicationShutdownHook] INFO  c.a.c.n.r.NacosServiceRegistry - [deregister,110] - De-registration finished.
03:05:11.853 [SpringApplicationShutdownHook] INFO  c.a.n.client.naming - [shutdown,256] - com.alibaba.nacos.client.naming.cache.ServiceInfoHolder do shutdown begin
03:05:11.853 [SpringApplicationShutdownHook] INFO  c.a.n.client.naming - [shutdown,140] - com.alibaba.nacos.client.naming.backups.FailoverReactor do shutdown begin
03:05:11.857 [SpringApplicationShutdownHook] INFO  c.a.n.client.naming - [shutdown,142] - com.alibaba.nacos.client.naming.backups.FailoverReactor do shutdown stop
03:05:11.857 [SpringApplicationShutdownHook] INFO  c.a.n.client.naming - [shutdown,258] - com.alibaba.nacos.client.naming.cache.ServiceInfoHolder do shutdown stop
03:05:11.858 [SpringApplicationShutdownHook] INFO  c.a.n.client.naming - [shutdown,176] - com.alibaba.nacos.client.naming.remote.NamingClientProxyDelegate do shutdown begin
03:05:11.858 [SpringApplicationShutdownHook] INFO  c.a.n.client.naming - [shutdown,130] - com.alibaba.nacos.client.naming.core.ServiceInfoUpdateService do shutdown begin
03:05:12.194 [SpringApplicationShutdownHook] INFO  c.a.n.client.naming - [shutdown,132] - com.alibaba.nacos.client.naming.core.ServiceInfoUpdateService do shutdown stop
03:05:12.204 [SpringApplicationShutdownHook] INFO  c.a.n.client.naming - [shutdown,188] - com.alibaba.nacos.client.naming.core.ServerListManager do shutdown begin
03:05:12.205 [SpringApplicationShutdownHook] INFO  c.a.n.client.naming - [shutdown,193] - com.alibaba.nacos.client.naming.core.ServerListManager do shutdown stop
03:05:12.206 [SpringApplicationShutdownHook] INFO  c.a.n.client.naming - [shutdown,519] - com.alibaba.nacos.client.naming.remote.http.NamingHttpClientProxy do shutdown begin
03:05:12.206 [SpringApplicationShutdownHook] INFO  c.a.n.client.naming - [shutdown,162] - com.alibaba.nacos.client.naming.beat.BeatReactor do shutdown begin
03:05:12.206 [SpringApplicationShutdownHook] INFO  c.a.n.client.naming - [shutdown,164] - com.alibaba.nacos.client.naming.beat.BeatReactor do shutdown stop
03:05:12.206 [SpringApplicationShutdownHook] INFO  c.a.n.c.i.CredentialWatcher - [stop,105] - [null] CredentialWatcher is stopped
03:05:12.206 [SpringApplicationShutdownHook] INFO  c.a.n.c.i.CredentialService - [free,99] - [null] CredentialService is freed
03:05:12.206 [SpringApplicationShutdownHook] INFO  c.a.n.client.naming - [shutdown,523] - com.alibaba.nacos.client.naming.remote.http.NamingHttpClientProxy do shutdown stop
03:05:12.207 [SpringApplicationShutdownHook] INFO  c.a.n.c.r.client - [shutdown,461] - Shutdown rpc client ,set status to shutdown
03:05:12.207 [SpringApplicationShutdownHook] INFO  c.a.n.c.r.client - [shutdown,463] - Shutdown  client event executor java.util.concurrent.ScheduledThreadPoolExecutor@1ac76569[Running, pool size = 2, active threads = 2, queued tasks = 0, completed tasks = 0]
03:05:12.207 [SpringApplicationShutdownHook] INFO  c.a.n.c.r.client - [shutdown,465] - Close current connection 1635347849394_127.0.0.1_11722
03:05:12.207 [SpringApplicationShutdownHook] INFO  c.a.n.c.r.c.g.GrpcClient - [shutdown,83] - Shutdown grpc executor java.util.concurrent.ThreadPoolExecutor@7d3bccbc[Running, pool size = 7, active threads = 0, queued tasks = 0, completed tasks = 2854]
03:05:12.208 [SpringApplicationShutdownHook] INFO  c.a.n.client.naming - [shutdown,251] - Shutdown grpc redo service executor java.util.concurrent.ScheduledThreadPoolExecutor@768fe416[Running, pool size = 1, active threads = 0, queued tasks = 1, completed tasks = 4542]
03:05:12.208 [com.alibaba.nacos.client.remote.worker] INFO  c.a.n.c.r.client - [printIfInfoEnabled,60] - [d4adaab4-44fb-4ce6-90b7-4c00e3662853]Notify disconnected event to listeners
03:05:12.212 [com.alibaba.nacos.client.remote.worker] INFO  c.a.n.c.r.client - [printIfInfoEnabled,60] - [d4adaab4-44fb-4ce6-90b7-4c00e3662853] fail to connect server,after trying 3 times, last try server is {serverIp='127.0.0.1', server main port=8848},error=unknown
03:05:12.214 [SpringApplicationShutdownHook] INFO  c.a.n.client.naming - [shutdown,182] - com.alibaba.nacos.client.naming.remote.NamingClientProxyDelegate do shutdown stop
03:05:12.412 [SpringApplicationShutdownHook] INFO  c.z.h.HikariDataSource - [close,350] - HikariPool-1 - Shutdown initiated...
03:05:12.424 [SpringApplicationShutdownHook] INFO  c.z.h.HikariDataSource - [close,352] - HikariPool-1 - Shutdown completed.
08:50:16.676 [background-preinit] INFO  o.h.v.i.util.Version - [<clinit>,21] - HV000001: Hibernate Validator 6.2.0.Final
08:50:17.713 [main] INFO  c.a.n.c.c.i.LocalConfigInfoProcessor - [<clinit>,67] - LOCAL_SNAPSHOT_PATH:C:\Users\清研\nacos\config
08:50:17.715 [main] INFO  c.a.n.c.r.client - [lambda$createClient$0,77] - [RpcClientFactory] create a new rpc client of cf9df637-6354-498c-9556-cc339d6a279f_config-0
08:50:17.759 [main] INFO  o.r.Reflections - [scan,232] - Reflections took 27 ms to scan 1 urls, producing 3 keys and 6 values 
08:50:17.788 [main] INFO  o.r.Reflections - [scan,232] - Reflections took 12 ms to scan 1 urls, producing 4 keys and 9 values 
08:50:17.803 [main] INFO  o.r.Reflections - [scan,232] - Reflections took 12 ms to scan 1 urls, producing 3 keys and 10 values 
08:50:17.821 [main] INFO  o.r.Reflections - [scan,232] - Reflections took 11 ms to scan 1 urls, producing 1 keys and 5 values 
08:50:17.836 [main] INFO  o.r.Reflections - [scan,232] - Reflections took 12 ms to scan 1 urls, producing 1 keys and 7 values 
08:50:17.857 [main] INFO  o.r.Reflections - [scan,232] - Reflections took 16 ms to scan 1 urls, producing 2 keys and 8 values 
08:50:17.862 [main] INFO  c.a.n.c.r.client - [printIfInfoEnabled,60] - [cf9df637-6354-498c-9556-cc339d6a279f_config-0]RpcClient init label, labels={module=config, Vipserver-Tag=null, source=sdk, Amory-Tag=null, Location-Tag=null, taskId=0, AppName=unknown}
08:50:17.862 [main] INFO  c.a.n.c.r.client - [printIfInfoEnabled,60] - [cf9df637-6354-498c-9556-cc339d6a279f_config-0]Register server push request handler:com.alibaba.nacos.client.config.impl.ClientWorker$ConfigRpcTransportClient$$Lambda$452/0x000000080040a040
08:50:17.864 [main] INFO  c.a.n.c.r.client - [printIfInfoEnabled,60] - [cf9df637-6354-498c-9556-cc339d6a279f_config-0]Register server push request handler:com.alibaba.nacos.client.config.impl.ClientWorker$ConfigRpcTransportClient$$Lambda$453/0x000000080040a440
08:50:17.864 [main] INFO  c.a.n.c.r.client - [printIfInfoEnabled,60] - [cf9df637-6354-498c-9556-cc339d6a279f_config-0]Registry connection listener to current client:com.alibaba.nacos.client.config.impl.ClientWorker$ConfigRpcTransportClient$1
08:50:17.865 [main] INFO  c.a.n.c.r.client - [printIfInfoEnabled,60] - [cf9df637-6354-498c-9556-cc339d6a279f_config-0]RpcClient init, ServerListFactory =com.alibaba.nacos.client.config.impl.ClientWorker$ConfigRpcTransportClient$2
08:50:17.878 [main] INFO  c.a.n.c.r.client - [printIfInfoEnabled,60] - [cf9df637-6354-498c-9556-cc339d6a279f_config-0] Try to connect to server on start up, server: {serverIp='127.0.0.1', server main port=8848}
08:50:22.271 [main] INFO  c.a.n.c.r.client - [printIfInfoEnabled,60] - [cf9df637-6354-498c-9556-cc339d6a279f_config-0] Success to connect to server [127.0.0.1:8848] on start up,connectionId=1635382221882_127.0.0.1_3977
08:50:22.271 [main] INFO  c.a.n.c.r.client - [printIfInfoEnabled,60] - [cf9df637-6354-498c-9556-cc339d6a279f_config-0]Register server push request handler:com.alibaba.nacos.common.remote.client.RpcClient$ConnectResetRequestHandler
08:50:22.272 [com.alibaba.nacos.client.remote.worker] INFO  c.a.n.c.r.client - [printIfInfoEnabled,60] - [cf9df637-6354-498c-9556-cc339d6a279f_config-0]Notify connected event to listeners.
08:50:22.272 [main] INFO  c.a.n.c.r.client - [printIfInfoEnabled,60] - [cf9df637-6354-498c-9556-cc339d6a279f_config-0]Register server push request handler:com.alibaba.nacos.common.remote.client.RpcClient$4
08:50:22.273 [com.alibaba.nacos.client.remote.worker] INFO  c.a.n.c.c.i.ClientWorker - [onConnected,681] - [cf9df637-6354-498c-9556-cc339d6a279f_config-0] Connected,notify listen context...
08:50:22.340 [main] INFO  c.a.n.c.c.i.Limiter - [<clinit>,56] - limitTime:5.0
08:50:22.435 [main] INFO  c.a.n.c.c.u.JvmUtil - [<clinit>,53] - isMultiInstance:false
08:50:22.596 [main] INFO  c.r.g.RuoYiGenApplication - [logStartupProfileInfo,663] - The following profiles are active: dev
08:50:28.528 [main] INFO  o.a.c.h.Http11NioProtocol - [log,173] - Initializing ProtocolHandler ["http-nio-9202"]
08:50:28.528 [main] INFO  o.a.c.c.StandardService - [log,173] - Starting service [Tomcat]
08:50:28.528 [main] INFO  o.a.c.c.StandardEngine - [log,173] - Starting Servlet engine: [Apache Tomcat/9.0.53]
08:50:28.787 [main] INFO  o.a.c.c.C.[.[.[/] - [log,173] - Initializing Spring embedded WebApplicationContext
08:50:31.476 [main] INFO  c.a.c.s.SentinelWebAutoConfiguration - [addInterceptors,80] - [Sentinel Starter] register SentinelWebInterceptor with urlPatterns: [/**].
08:50:33.233 [main] INFO  c.a.n.client.naming - [initNamespaceForNaming,63] - initializer namespace from System Property : null
08:50:33.234 [main] INFO  c.a.n.client.naming - [call,69] - initializer namespace from System Environment :null
08:50:33.235 [main] INFO  c.a.n.client.naming - [call,79] - initializer namespace from System Property :null
08:50:33.332 [main] INFO  c.a.n.c.r.client - [lambda$createClient$0,77] - [RpcClientFactory] create a new rpc client of 0f81ffea-8ef1-4ab2-b6cc-c73156b796f7
08:50:33.333 [main] INFO  c.a.n.c.r.client - [printIfInfoEnabled,60] - [0f81ffea-8ef1-4ab2-b6cc-c73156b796f7]RpcClient init label, labels={module=naming, source=sdk}
08:50:33.335 [main] INFO  c.a.n.c.r.client - [printIfInfoEnabled,60] - [0f81ffea-8ef1-4ab2-b6cc-c73156b796f7]RpcClient init, ServerListFactory =com.alibaba.nacos.client.naming.core.ServerListManager
08:50:33.337 [main] INFO  c.a.n.c.r.client - [printIfInfoEnabled,60] - [0f81ffea-8ef1-4ab2-b6cc-c73156b796f7]Registry connection listener to current client:com.alibaba.nacos.client.naming.remote.gprc.redo.NamingGrpcRedoService
08:50:33.338 [main] INFO  c.a.n.c.r.client - [printIfInfoEnabled,60] - [0f81ffea-8ef1-4ab2-b6cc-c73156b796f7]Register server push request handler:com.alibaba.nacos.client.naming.remote.gprc.NamingPushRequestHandler
08:50:33.338 [main] INFO  c.a.n.c.r.client - [printIfInfoEnabled,60] - [0f81ffea-8ef1-4ab2-b6cc-c73156b796f7] Try to connect to server on start up, server: {serverIp='127.0.0.1', server main port=8848}
08:50:33.496 [main] INFO  c.a.n.c.r.client - [printIfInfoEnabled,60] - [0f81ffea-8ef1-4ab2-b6cc-c73156b796f7] Success to connect to server [127.0.0.1:8848] on start up,connectionId=1635382233369_127.0.0.1_4093
08:50:33.496 [com.alibaba.nacos.client.remote.worker] INFO  c.a.n.c.r.client - [printIfInfoEnabled,60] - [0f81ffea-8ef1-4ab2-b6cc-c73156b796f7]Notify connected event to listeners.
08:50:33.496 [com.alibaba.nacos.client.remote.worker] INFO  c.a.n.client.naming - [onConnected,76] - Grpc connection connect
08:50:33.496 [main] INFO  c.a.n.c.r.client - [printIfInfoEnabled,60] - [0f81ffea-8ef1-4ab2-b6cc-c73156b796f7]Register server push request handler:com.alibaba.nacos.common.remote.client.RpcClient$ConnectResetRequestHandler
08:50:33.496 [main] INFO  c.a.n.c.r.client - [printIfInfoEnabled,60] - [0f81ffea-8ef1-4ab2-b6cc-c73156b796f7]Register server push request handler:com.alibaba.nacos.common.remote.client.RpcClient$4
08:50:35.912 [main] INFO  c.a.n.client.naming - [isChangedServiceInfo,181] - init new ips(0) service: DEFAULT_GROUP@@ruoyi-gen@@DEFAULT -> []
08:50:35.921 [main] INFO  c.a.n.client.naming - [processServiceInfo,166] - current ips:(0) service: DEFAULT_GROUP@@ruoyi-gen@@DEFAULT -> []
08:50:35.927 [main] INFO  o.a.c.h.Http11NioProtocol - [log,173] - Starting ProtocolHandler ["http-nio-9202"]
08:50:35.947 [main] INFO  c.a.n.client.naming - [registerService,112] - [REGISTER-SERVICE] public registering service ruoyi-gen with instance Instance{instanceId='null', ip='10.131.41.89', port=9202, weight=1.0, healthy=true, enabled=true, ephemeral=true, clusterName='DEFAULT', serviceName='null', metadata={preserved.register.source=SPRING_CLOUD}}
08:50:35.955 [main] INFO  c.a.c.n.r.NacosServiceRegistry - [register,75] - nacos registry, DEFAULT_GROUP ruoyi-gen 10.131.41.89:9202 register finished
08:50:36.477 [nacos-grpc-client-executor-6] INFO  c.a.n.c.r.client - [printIfInfoEnabled,60] - [0f81ffea-8ef1-4ab2-b6cc-c73156b796f7]receive server push request,request=NotifySubscriberRequest,requestId=2
08:50:36.478 [nacos-grpc-client-executor-6] INFO  c.a.n.client.naming - [isChangedServiceInfo,181] - init new ips(1) service: DEFAULT_GROUP@@ruoyi-gen -> [{"ip":"10.131.41.89","port":9202,"weight":1.0,"healthy":true,"enabled":true,"ephemeral":true,"clusterName":"DEFAULT","serviceName":"DEFAULT_GROUP@@ruoyi-gen","metadata":{"preserved.register.source":"SPRING_CLOUD"},"ipDeleteTimeout":30000,"instanceHeartBeatTimeOut":15000,"instanceHeartBeatInterval":5000}]
08:50:36.480 [nacos-grpc-client-executor-6] INFO  c.a.n.client.naming - [processServiceInfo,166] - current ips:(1) service: DEFAULT_GROUP@@ruoyi-gen -> [{"ip":"10.131.41.89","port":9202,"weight":1.0,"healthy":true,"enabled":true,"ephemeral":true,"clusterName":"DEFAULT","serviceName":"DEFAULT_GROUP@@ruoyi-gen","metadata":{"preserved.register.source":"SPRING_CLOUD"},"ipDeleteTimeout":30000,"instanceHeartBeatTimeOut":15000,"instanceHeartBeatInterval":5000}]
08:50:36.481 [nacos-grpc-client-executor-6] INFO  c.a.n.c.r.client - [printIfInfoEnabled,60] - [0f81ffea-8ef1-4ab2-b6cc-c73156b796f7]ack server push request,request=NotifySubscriberRequest,requestId=2
08:50:36.657 [main] INFO  c.r.g.RuoYiGenApplication - [logStarted,61] - Started RuoYiGenApplication in 20.813 seconds (JVM running for 22.207)
08:50:36.669 [main] INFO  c.a.n.c.c.i.ClientWorker - [addCacheDataIfAbsent,384] - [config_rpc_client] [subscribe] ruoyi-gen+DEFAULT_GROUP
08:50:36.671 [main] INFO  c.a.n.c.c.i.CacheData - [addListener,173] - [config_rpc_client] [add-listener] ok, tenant=, dataId=ruoyi-gen, group=DEFAULT_GROUP, cnt=1
08:50:36.672 [main] INFO  c.a.n.c.c.i.ClientWorker - [addCacheDataIfAbsent,384] - [config_rpc_client] [subscribe] ruoyi-gen-dev.yml+DEFAULT_GROUP
08:50:36.672 [main] INFO  c.a.n.c.c.i.CacheData - [addListener,173] - [config_rpc_client] [add-listener] ok, tenant=, dataId=ruoyi-gen-dev.yml, group=DEFAULT_GROUP, cnt=1
08:50:36.672 [main] INFO  c.a.n.c.c.i.ClientWorker - [addCacheDataIfAbsent,384] - [config_rpc_client] [subscribe] ruoyi-gen.yml+DEFAULT_GROUP
08:50:36.672 [main] INFO  c.a.n.c.c.i.CacheData - [addListener,173] - [config_rpc_client] [add-listener] ok, tenant=, dataId=ruoyi-gen.yml, group=DEFAULT_GROUP, cnt=1
08:50:36.913 [com.alibaba.nacos.client.naming.updater.0] INFO  c.a.n.client.naming - [isChangedServiceInfo,235] - new ips(1) service: DEFAULT_GROUP@@ruoyi-gen@@DEFAULT -> [{"ip":"10.131.41.89","port":9202,"weight":1.0,"healthy":true,"enabled":true,"ephemeral":true,"clusterName":"DEFAULT","serviceName":"DEFAULT_GROUP@@ruoyi-gen","metadata":{"preserved.register.source":"SPRING_CLOUD"},"ipDeleteTimeout":30000,"instanceHeartBeatTimeOut":15000,"instanceHeartBeatInterval":5000}]
08:50:36.914 [com.alibaba.nacos.client.naming.updater.0] INFO  c.a.n.client.naming - [processServiceInfo,166] - current ips:(1) service: DEFAULT_GROUP@@ruoyi-gen@@DEFAULT -> [{"ip":"10.131.41.89","port":9202,"weight":1.0,"healthy":true,"enabled":true,"ephemeral":true,"clusterName":"DEFAULT","serviceName":"DEFAULT_GROUP@@ruoyi-gen","metadata":{"preserved.register.source":"SPRING_CLOUD"},"ipDeleteTimeout":30000,"instanceHeartBeatTimeOut":15000,"instanceHeartBeatInterval":5000}]
08:50:37.075 [RMI TCP Connection(9)-10.131.41.89] INFO  o.a.c.c.C.[.[.[/] - [log,173] - Initializing Spring DispatcherServlet 'dispatcherServlet'
08:50:37.132 [RMI TCP Connection(8)-10.131.41.89] INFO  c.z.h.HikariDataSource - [getConnection,110] - HikariPool-1 - Starting...
08:50:37.651 [RMI TCP Connection(8)-10.131.41.89] INFO  c.z.h.HikariDataSource - [getConnection,123] - HikariPool-1 - Start completed.
09:00:00.884 [SpringApplicationShutdownHook] INFO  c.a.c.n.r.NacosServiceRegistry - [deregister,90] - De-registering from Nacos Server now...
09:00:00.885 [SpringApplicationShutdownHook] INFO  c.a.n.client.naming - [deregisterService,136] - [DEREGISTER-SERVICE] public deregistering service ruoyi-gen with instance: Instance{instanceId='null', ip='10.131.41.89', port=9202, weight=1.0, healthy=true, enabled=true, ephemeral=true, clusterName='DEFAULT', serviceName='null', metadata={}}
09:00:00.886 [SpringApplicationShutdownHook] INFO  c.a.c.n.r.NacosServiceRegistry - [deregister,110] - De-registration finished.
09:00:00.887 [SpringApplicationShutdownHook] INFO  c.a.n.client.naming - [shutdown,256] - com.alibaba.nacos.client.naming.cache.ServiceInfoHolder do shutdown begin
09:00:00.888 [SpringApplicationShutdownHook] INFO  c.a.n.client.naming - [shutdown,140] - com.alibaba.nacos.client.naming.backups.FailoverReactor do shutdown begin
09:00:00.888 [SpringApplicationShutdownHook] INFO  c.a.n.client.naming - [shutdown,142] - com.alibaba.nacos.client.naming.backups.FailoverReactor do shutdown stop
09:00:00.888 [SpringApplicationShutdownHook] INFO  c.a.n.client.naming - [shutdown,258] - com.alibaba.nacos.client.naming.cache.ServiceInfoHolder do shutdown stop
09:00:00.888 [SpringApplicationShutdownHook] INFO  c.a.n.client.naming - [shutdown,176] - com.alibaba.nacos.client.naming.remote.NamingClientProxyDelegate do shutdown begin
09:00:00.888 [SpringApplicationShutdownHook] INFO  c.a.n.client.naming - [shutdown,130] - com.alibaba.nacos.client.naming.core.ServiceInfoUpdateService do shutdown begin
09:00:01.210 [SpringApplicationShutdownHook] INFO  c.a.n.client.naming - [shutdown,132] - com.alibaba.nacos.client.naming.core.ServiceInfoUpdateService do shutdown stop
09:00:01.210 [SpringApplicationShutdownHook] INFO  c.a.n.client.naming - [shutdown,188] - com.alibaba.nacos.client.naming.core.ServerListManager do shutdown begin
09:00:01.211 [SpringApplicationShutdownHook] INFO  c.a.n.client.naming - [shutdown,193] - com.alibaba.nacos.client.naming.core.ServerListManager do shutdown stop
09:00:01.211 [SpringApplicationShutdownHook] INFO  c.a.n.client.naming - [shutdown,519] - com.alibaba.nacos.client.naming.remote.http.NamingHttpClientProxy do shutdown begin
09:00:01.211 [SpringApplicationShutdownHook] INFO  c.a.n.client.naming - [shutdown,162] - com.alibaba.nacos.client.naming.beat.BeatReactor do shutdown begin
09:00:01.211 [SpringApplicationShutdownHook] INFO  c.a.n.client.naming - [shutdown,164] - com.alibaba.nacos.client.naming.beat.BeatReactor do shutdown stop
09:00:01.211 [SpringApplicationShutdownHook] INFO  c.a.n.c.i.CredentialWatcher - [stop,105] - [null] CredentialWatcher is stopped
09:00:01.211 [SpringApplicationShutdownHook] INFO  c.a.n.c.i.CredentialService - [free,99] - [null] CredentialService is freed
09:00:01.211 [SpringApplicationShutdownHook] INFO  c.a.n.client.naming - [shutdown,523] - com.alibaba.nacos.client.naming.remote.http.NamingHttpClientProxy do shutdown stop
09:00:01.212 [SpringApplicationShutdownHook] INFO  c.a.n.c.r.client - [shutdown,461] - Shutdown rpc client ,set status to shutdown
09:00:01.212 [SpringApplicationShutdownHook] INFO  c.a.n.c.r.client - [shutdown,463] - Shutdown  client event executor java.util.concurrent.ScheduledThreadPoolExecutor@6e002385[Running, pool size = 2, active threads = 2, queued tasks = 0, completed tasks = 0]
09:00:01.212 [SpringApplicationShutdownHook] INFO  c.a.n.c.r.client - [shutdown,465] - Close current connection 1635382233369_127.0.0.1_4093
09:00:01.213 [nacos-grpc-client-executor-136] INFO  c.a.n.c.r.c.g.GrpcClient - [printIfInfoEnabled,60] - [1635382233369_127.0.0.1_4093]Ignore complete event,isRunning:false,isAbandon=false
09:00:01.216 [SpringApplicationShutdownHook] INFO  c.a.n.c.r.c.g.GrpcClient - [shutdown,83] - Shutdown grpc executor java.util.concurrent.ThreadPoolExecutor@69f42d0[Running, pool size = 5, active threads = 0, queued tasks = 0, completed tasks = 137]
09:00:01.216 [SpringApplicationShutdownHook] INFO  c.a.n.client.naming - [shutdown,251] - Shutdown grpc redo service executor java.util.concurrent.ScheduledThreadPoolExecutor@76fd5ba9[Running, pool size = 1, active threads = 0, queued tasks = 1, completed tasks = 188]
09:00:01.217 [SpringApplicationShutdownHook] INFO  c.a.n.client.naming - [shutdown,182] - com.alibaba.nacos.client.naming.remote.NamingClientProxyDelegate do shutdown stop
09:00:01.341 [SpringApplicationShutdownHook] INFO  c.z.h.HikariDataSource - [close,350] - HikariPool-1 - Shutdown initiated...
09:00:01.348 [SpringApplicationShutdownHook] INFO  c.z.h.HikariDataSource - [close,352] - HikariPool-1 - Shutdown completed.
14:48:25.357 [background-preinit] INFO  o.h.v.i.util.Version - [<clinit>,21] - HV000001: Hibernate Validator 6.2.0.Final
14:48:26.076 [main] INFO  c.a.n.c.c.i.LocalConfigInfoProcessor - [<clinit>,67] - LOCAL_SNAPSHOT_PATH:C:\Users\清研\nacos\config
14:48:26.079 [main] INFO  c.a.n.c.r.client - [lambda$createClient$0,77] - [RpcClientFactory] create a new rpc client of 582407c6-334f-45cf-ab8a-e4fb9b273fd0_config-0
14:48:26.116 [main] INFO  o.r.Reflections - [scan,232] - Reflections took 23 ms to scan 1 urls, producing 3 keys and 6 values 
14:48:26.136 [main] INFO  o.r.Reflections - [scan,232] - Reflections took 10 ms to scan 1 urls, producing 4 keys and 9 values 
14:48:26.149 [main] INFO  o.r.Reflections - [scan,232] - Reflections took 11 ms to scan 1 urls, producing 3 keys and 10 values 
14:48:26.165 [main] INFO  o.r.Reflections - [scan,232] - Reflections took 10 ms to scan 1 urls, producing 1 keys and 5 values 
14:48:26.178 [main] INFO  o.r.Reflections - [scan,232] - Reflections took 11 ms to scan 1 urls, producing 1 keys and 7 values 
14:48:26.194 [main] INFO  o.r.Reflections - [scan,232] - Reflections took 13 ms to scan 1 urls, producing 2 keys and 8 values 
14:48:26.198 [main] INFO  c.a.n.c.r.client - [printIfInfoEnabled,60] - [582407c6-334f-45cf-ab8a-e4fb9b273fd0_config-0]RpcClient init label, labels={module=config, Vipserver-Tag=null, source=sdk, Amory-Tag=null, Location-Tag=null, taskId=0, AppName=unknown}
14:48:26.199 [main] INFO  c.a.n.c.r.client - [printIfInfoEnabled,60] - [582407c6-334f-45cf-ab8a-e4fb9b273fd0_config-0]Register server push request handler:com.alibaba.nacos.client.config.impl.ClientWorker$ConfigRpcTransportClient$$Lambda$452/0x000000080040c840
14:48:26.200 [main] INFO  c.a.n.c.r.client - [printIfInfoEnabled,60] - [582407c6-334f-45cf-ab8a-e4fb9b273fd0_config-0]Register server push request handler:com.alibaba.nacos.client.config.impl.ClientWorker$ConfigRpcTransportClient$$Lambda$453/0x000000080040cc40
14:48:26.200 [main] INFO  c.a.n.c.r.client - [printIfInfoEnabled,60] - [582407c6-334f-45cf-ab8a-e4fb9b273fd0_config-0]Registry connection listener to current client:com.alibaba.nacos.client.config.impl.ClientWorker$ConfigRpcTransportClient$1
14:48:26.202 [main] INFO  c.a.n.c.r.client - [printIfInfoEnabled,60] - [582407c6-334f-45cf-ab8a-e4fb9b273fd0_config-0]RpcClient init, ServerListFactory =com.alibaba.nacos.client.config.impl.ClientWorker$ConfigRpcTransportClient$2
14:48:26.210 [main] INFO  c.a.n.c.r.client - [printIfInfoEnabled,60] - [582407c6-334f-45cf-ab8a-e4fb9b273fd0_config-0] Try to connect to server on start up, server: {serverIp='127.0.0.1', server main port=8848}
14:48:27.458 [main] INFO  c.a.n.c.r.client - [printIfInfoEnabled,60] - [582407c6-334f-45cf-ab8a-e4fb9b273fd0_config-0] Success to connect to server [127.0.0.1:8848] on start up,connectionId=1635403707261_127.0.0.1_1301
14:48:27.458 [com.alibaba.nacos.client.remote.worker] INFO  c.a.n.c.r.client - [printIfInfoEnabled,60] - [582407c6-334f-45cf-ab8a-e4fb9b273fd0_config-0]Notify connected event to listeners.
14:48:27.458 [main] INFO  c.a.n.c.r.client - [printIfInfoEnabled,60] - [582407c6-334f-45cf-ab8a-e4fb9b273fd0_config-0]Register server push request handler:com.alibaba.nacos.common.remote.client.RpcClient$ConnectResetRequestHandler
14:48:27.458 [com.alibaba.nacos.client.remote.worker] INFO  c.a.n.c.c.i.ClientWorker - [onConnected,681] - [582407c6-334f-45cf-ab8a-e4fb9b273fd0_config-0] Connected,notify listen context...
14:48:27.460 [main] INFO  c.a.n.c.r.client - [printIfInfoEnabled,60] - [582407c6-334f-45cf-ab8a-e4fb9b273fd0_config-0]Register server push request handler:com.alibaba.nacos.common.remote.client.RpcClient$4
14:48:27.496 [main] INFO  c.a.n.c.c.i.Limiter - [<clinit>,56] - limitTime:5.0
14:48:27.511 [main] INFO  c.a.n.c.c.u.JvmUtil - [<clinit>,53] - isMultiInstance:false
14:48:27.576 [main] INFO  c.r.g.RuoYiGenApplication - [logStartupProfileInfo,663] - The following profiles are active: dev
14:48:31.556 [main] INFO  o.a.c.h.Http11NioProtocol - [log,173] - Initializing ProtocolHandler ["http-nio-9202"]
14:48:31.556 [main] INFO  o.a.c.c.StandardService - [log,173] - Starting service [Tomcat]
14:48:31.556 [main] INFO  o.a.c.c.StandardEngine - [log,173] - Starting Servlet engine: [Apache Tomcat/9.0.53]
14:48:31.842 [main] INFO  o.a.c.c.C.[.[.[/] - [log,173] - Initializing Spring embedded WebApplicationContext
14:48:32.980 [main] INFO  c.a.c.s.SentinelWebAutoConfiguration - [addInterceptors,80] - [Sentinel Starter] register SentinelWebInterceptor with urlPatterns: [/**].
14:48:33.627 [main] INFO  c.a.n.client.naming - [initNamespaceForNaming,63] - initializer namespace from System Property : null
14:48:33.627 [main] INFO  c.a.n.client.naming - [call,69] - initializer namespace from System Environment :null
14:48:33.628 [main] INFO  c.a.n.client.naming - [call,79] - initializer namespace from System Property :null
14:48:33.641 [main] INFO  c.a.n.c.r.client - [lambda$createClient$0,77] - [RpcClientFactory] create a new rpc client of f2ffdca7-fb29-445e-a383-91a7152dfa4e
14:48:33.641 [main] INFO  c.a.n.c.r.client - [printIfInfoEnabled,60] - [f2ffdca7-fb29-445e-a383-91a7152dfa4e]RpcClient init label, labels={module=naming, source=sdk}
14:48:33.643 [main] INFO  c.a.n.c.r.client - [printIfInfoEnabled,60] - [f2ffdca7-fb29-445e-a383-91a7152dfa4e]RpcClient init, ServerListFactory =com.alibaba.nacos.client.naming.core.ServerListManager
14:48:33.643 [main] INFO  c.a.n.c.r.client - [printIfInfoEnabled,60] - [f2ffdca7-fb29-445e-a383-91a7152dfa4e]Registry connection listener to current client:com.alibaba.nacos.client.naming.remote.gprc.redo.NamingGrpcRedoService
14:48:33.643 [main] INFO  c.a.n.c.r.client - [printIfInfoEnabled,60] - [f2ffdca7-fb29-445e-a383-91a7152dfa4e]Register server push request handler:com.alibaba.nacos.client.naming.remote.gprc.NamingPushRequestHandler
14:48:33.644 [main] INFO  c.a.n.c.r.client - [printIfInfoEnabled,60] - [f2ffdca7-fb29-445e-a383-91a7152dfa4e] Try to connect to server on start up, server: {serverIp='127.0.0.1', server main port=8848}
14:48:33.771 [main] INFO  c.a.n.c.r.client - [printIfInfoEnabled,60] - [f2ffdca7-fb29-445e-a383-91a7152dfa4e] Success to connect to server [127.0.0.1:8848] on start up,connectionId=1635403713650_127.0.0.1_1386
14:48:33.771 [main] INFO  c.a.n.c.r.client - [printIfInfoEnabled,60] - [f2ffdca7-fb29-445e-a383-91a7152dfa4e]Register server push request handler:com.alibaba.nacos.common.remote.client.RpcClient$ConnectResetRequestHandler
14:48:33.771 [com.alibaba.nacos.client.remote.worker] INFO  c.a.n.c.r.client - [printIfInfoEnabled,60] - [f2ffdca7-fb29-445e-a383-91a7152dfa4e]Notify connected event to listeners.
14:48:33.771 [main] INFO  c.a.n.c.r.client - [printIfInfoEnabled,60] - [f2ffdca7-fb29-445e-a383-91a7152dfa4e]Register server push request handler:com.alibaba.nacos.common.remote.client.RpcClient$4
14:48:33.771 [com.alibaba.nacos.client.remote.worker] INFO  c.a.n.client.naming - [onConnected,76] - Grpc connection connect
14:48:35.445 [main] INFO  c.a.n.client.naming - [isChangedServiceInfo,181] - init new ips(0) service: DEFAULT_GROUP@@ruoyi-gen@@DEFAULT -> []
14:48:35.452 [main] INFO  c.a.n.client.naming - [processServiceInfo,166] - current ips:(0) service: DEFAULT_GROUP@@ruoyi-gen@@DEFAULT -> []
14:48:35.458 [main] INFO  o.a.c.h.Http11NioProtocol - [log,173] - Starting ProtocolHandler ["http-nio-9202"]
14:48:35.475 [main] INFO  c.a.n.client.naming - [registerService,112] - [REGISTER-SERVICE] public registering service ruoyi-gen with instance Instance{instanceId='null', ip='10.131.41.89', port=9202, weight=1.0, healthy=true, enabled=true, ephemeral=true, clusterName='DEFAULT', serviceName='null', metadata={preserved.register.source=SPRING_CLOUD}}
14:48:35.480 [main] INFO  c.a.c.n.r.NacosServiceRegistry - [register,75] - nacos registry, DEFAULT_GROUP ruoyi-gen 10.131.41.89:9202 register finished
14:48:35.945 [nacos-grpc-client-executor-8] INFO  c.a.n.c.r.client - [printIfInfoEnabled,60] - [f2ffdca7-fb29-445e-a383-91a7152dfa4e]receive server push request,request=NotifySubscriberRequest,requestId=224
14:48:35.947 [nacos-grpc-client-executor-8] INFO  c.a.n.client.naming - [isChangedServiceInfo,181] - init new ips(1) service: DEFAULT_GROUP@@ruoyi-gen -> [{"ip":"10.131.41.89","port":9202,"weight":1.0,"healthy":true,"enabled":true,"ephemeral":true,"clusterName":"DEFAULT","serviceName":"DEFAULT_GROUP@@ruoyi-gen","metadata":{"preserved.register.source":"SPRING_CLOUD"},"instanceHeartBeatInterval":5000,"ipDeleteTimeout":30000,"instanceHeartBeatTimeOut":15000}]
14:48:35.947 [nacos-grpc-client-executor-8] INFO  c.a.n.client.naming - [processServiceInfo,166] - current ips:(1) service: DEFAULT_GROUP@@ruoyi-gen -> [{"ip":"10.131.41.89","port":9202,"weight":1.0,"healthy":true,"enabled":true,"ephemeral":true,"clusterName":"DEFAULT","serviceName":"DEFAULT_GROUP@@ruoyi-gen","metadata":{"preserved.register.source":"SPRING_CLOUD"},"instanceHeartBeatInterval":5000,"ipDeleteTimeout":30000,"instanceHeartBeatTimeOut":15000}]
14:48:35.948 [nacos-grpc-client-executor-8] INFO  c.a.n.c.r.client - [printIfInfoEnabled,60] - [f2ffdca7-fb29-445e-a383-91a7152dfa4e]ack server push request,request=NotifySubscriberRequest,requestId=224
14:48:35.959 [main] INFO  c.r.g.RuoYiGenApplication - [logStarted,61] - Started RuoYiGenApplication in 11.384 seconds (JVM running for 12.448)
14:48:35.965 [main] INFO  c.a.n.c.c.i.ClientWorker - [addCacheDataIfAbsent,384] - [config_rpc_client] [subscribe] ruoyi-gen+DEFAULT_GROUP
14:48:35.967 [main] INFO  c.a.n.c.c.i.CacheData - [addListener,173] - [config_rpc_client] [add-listener] ok, tenant=, dataId=ruoyi-gen, group=DEFAULT_GROUP, cnt=1
14:48:35.968 [main] INFO  c.a.n.c.c.i.ClientWorker - [addCacheDataIfAbsent,384] - [config_rpc_client] [subscribe] ruoyi-gen-dev.yml+DEFAULT_GROUP
14:48:35.968 [main] INFO  c.a.n.c.c.i.CacheData - [addListener,173] - [config_rpc_client] [add-listener] ok, tenant=, dataId=ruoyi-gen-dev.yml, group=DEFAULT_GROUP, cnt=1
14:48:35.968 [main] INFO  c.a.n.c.c.i.ClientWorker - [addCacheDataIfAbsent,384] - [config_rpc_client] [subscribe] ruoyi-gen.yml+DEFAULT_GROUP
14:48:35.969 [main] INFO  c.a.n.c.c.i.CacheData - [addListener,173] - [config_rpc_client] [add-listener] ok, tenant=, dataId=ruoyi-gen.yml, group=DEFAULT_GROUP, cnt=1
14:48:36.283 [RMI TCP Connection(5)-10.131.41.89] INFO  c.z.h.HikariDataSource - [getConnection,110] - HikariPool-1 - Starting...
14:48:36.468 [com.alibaba.nacos.client.naming.updater.0] INFO  c.a.n.client.naming - [isChangedServiceInfo,235] - new ips(1) service: DEFAULT_GROUP@@ruoyi-gen@@DEFAULT -> [{"ip":"10.131.41.89","port":9202,"weight":1.0,"healthy":true,"enabled":true,"ephemeral":true,"clusterName":"DEFAULT","serviceName":"DEFAULT_GROUP@@ruoyi-gen","metadata":{"preserved.register.source":"SPRING_CLOUD"},"instanceHeartBeatInterval":5000,"ipDeleteTimeout":30000,"instanceHeartBeatTimeOut":15000}]
14:48:36.468 [com.alibaba.nacos.client.naming.updater.0] INFO  c.a.n.client.naming - [processServiceInfo,166] - current ips:(1) service: DEFAULT_GROUP@@ruoyi-gen@@DEFAULT -> [{"ip":"10.131.41.89","port":9202,"weight":1.0,"healthy":true,"enabled":true,"ephemeral":true,"clusterName":"DEFAULT","serviceName":"DEFAULT_GROUP@@ruoyi-gen","metadata":{"preserved.register.source":"SPRING_CLOUD"},"instanceHeartBeatInterval":5000,"ipDeleteTimeout":30000,"instanceHeartBeatTimeOut":15000}]
14:48:36.598 [RMI TCP Connection(7)-10.131.41.89] INFO  o.a.c.c.C.[.[.[/] - [log,173] - Initializing Spring DispatcherServlet 'dispatcherServlet'
14:48:36.602 [RMI TCP Connection(5)-10.131.41.89] INFO  c.z.h.HikariDataSource - [getConnection,123] - HikariPool-1 - Start completed.
15:33:59.279 [SpringApplicationShutdownHook] INFO  c.a.c.n.r.NacosServiceRegistry - [deregister,90] - De-registering from Nacos Server now...
15:33:59.280 [SpringApplicationShutdownHook] INFO  c.a.n.client.naming - [deregisterService,136] - [DEREGISTER-SERVICE] public deregistering service ruoyi-gen with instance: Instance{instanceId='null', ip='10.131.41.89', port=9202, weight=1.0, healthy=true, enabled=true, ephemeral=true, clusterName='DEFAULT', serviceName='null', metadata={}}
15:33:59.281 [SpringApplicationShutdownHook] INFO  c.a.c.n.r.NacosServiceRegistry - [deregister,110] - De-registration finished.
15:33:59.282 [SpringApplicationShutdownHook] INFO  c.a.n.client.naming - [shutdown,256] - com.alibaba.nacos.client.naming.cache.ServiceInfoHolder do shutdown begin
15:33:59.282 [SpringApplicationShutdownHook] INFO  c.a.n.client.naming - [shutdown,140] - com.alibaba.nacos.client.naming.backups.FailoverReactor do shutdown begin
15:33:59.282 [SpringApplicationShutdownHook] INFO  c.a.n.client.naming - [shutdown,142] - com.alibaba.nacos.client.naming.backups.FailoverReactor do shutdown stop
15:33:59.282 [SpringApplicationShutdownHook] INFO  c.a.n.client.naming - [shutdown,258] - com.alibaba.nacos.client.naming.cache.ServiceInfoHolder do shutdown stop
15:33:59.282 [SpringApplicationShutdownHook] INFO  c.a.n.client.naming - [shutdown,176] - com.alibaba.nacos.client.naming.remote.NamingClientProxyDelegate do shutdown begin
15:33:59.282 [SpringApplicationShutdownHook] INFO  c.a.n.client.naming - [shutdown,130] - com.alibaba.nacos.client.naming.core.ServiceInfoUpdateService do shutdown begin
15:33:59.608 [SpringApplicationShutdownHook] INFO  c.a.n.client.naming - [shutdown,132] - com.alibaba.nacos.client.naming.core.ServiceInfoUpdateService do shutdown stop
15:33:59.608 [SpringApplicationShutdownHook] INFO  c.a.n.client.naming - [shutdown,188] - com.alibaba.nacos.client.naming.core.ServerListManager do shutdown begin
15:33:59.608 [SpringApplicationShutdownHook] INFO  c.a.n.client.naming - [shutdown,193] - com.alibaba.nacos.client.naming.core.ServerListManager do shutdown stop
15:33:59.609 [SpringApplicationShutdownHook] INFO  c.a.n.client.naming - [shutdown,519] - com.alibaba.nacos.client.naming.remote.http.NamingHttpClientProxy do shutdown begin
15:33:59.609 [SpringApplicationShutdownHook] INFO  c.a.n.client.naming - [shutdown,162] - com.alibaba.nacos.client.naming.beat.BeatReactor do shutdown begin
15:33:59.609 [SpringApplicationShutdownHook] INFO  c.a.n.client.naming - [shutdown,164] - com.alibaba.nacos.client.naming.beat.BeatReactor do shutdown stop
15:33:59.609 [SpringApplicationShutdownHook] INFO  c.a.n.c.i.CredentialWatcher - [stop,105] - [null] CredentialWatcher is stopped
15:33:59.609 [SpringApplicationShutdownHook] INFO  c.a.n.c.i.CredentialService - [free,99] - [null] CredentialService is freed
15:33:59.609 [SpringApplicationShutdownHook] INFO  c.a.n.client.naming - [shutdown,523] - com.alibaba.nacos.client.naming.remote.http.NamingHttpClientProxy do shutdown stop
15:33:59.609 [SpringApplicationShutdownHook] INFO  c.a.n.c.r.client - [shutdown,461] - Shutdown rpc client ,set status to shutdown
15:33:59.609 [SpringApplicationShutdownHook] INFO  c.a.n.c.r.client - [shutdown,463] - Shutdown  client event executor java.util.concurrent.ScheduledThreadPoolExecutor@712faa5b[Running, pool size = 2, active threads = 2, queued tasks = 0, completed tasks = 0]
15:33:59.609 [SpringApplicationShutdownHook] INFO  c.a.n.c.r.client - [shutdown,465] - Close current connection 1635403713650_127.0.0.1_1386
15:33:59.611 [nacos-grpc-client-executor-608] INFO  c.a.n.c.r.c.g.GrpcClient - [printIfInfoEnabled,60] - [1635403713650_127.0.0.1_1386]Ignore complete event,isRunning:false,isAbandon=false
15:33:59.612 [SpringApplicationShutdownHook] INFO  c.a.n.c.r.c.g.GrpcClient - [shutdown,83] - Shutdown grpc executor java.util.concurrent.ThreadPoolExecutor@40ad0a06[Running, pool size = 5, active threads = 0, queued tasks = 0, completed tasks = 609]
15:33:59.612 [SpringApplicationShutdownHook] INFO  c.a.n.client.naming - [shutdown,251] - Shutdown grpc redo service executor java.util.concurrent.ScheduledThreadPoolExecutor@6929a2fc[Running, pool size = 1, active threads = 0, queued tasks = 1, completed tasks = 906]
15:33:59.613 [SpringApplicationShutdownHook] INFO  c.a.n.client.naming - [shutdown,182] - com.alibaba.nacos.client.naming.remote.NamingClientProxyDelegate do shutdown stop
15:33:59.741 [SpringApplicationShutdownHook] INFO  c.z.h.HikariDataSource - [close,350] - HikariPool-1 - Shutdown initiated...
15:33:59.748 [SpringApplicationShutdownHook] INFO  c.z.h.HikariDataSource - [close,352] - HikariPool-1 - Shutdown completed.
