21:21:47.085 [background-preinit] INFO  o.h.v.i.util.Version - [<clinit>,21] - HV000001: Hibernate Validator 6.2.0.Final
21:21:50.758 [main] INFO  c.a.n.c.c.i.LocalConfigInfoProcessor - [<clinit>,67] - LOCAL_SNAPSHOT_PATH:C:\Users\清研\nacos\config
21:21:50.762 [main] INFO  c.a.n.c.r.client - [lambda$createClient$0,77] - [RpcClientFactory] create a new rpc client of f10370e2-620a-4e2c-95fb-cb739e2f8400_config-0
21:21:50.928 [main] INFO  o.r.Reflections - [scan,232] - Reflections took 117 ms to scan 1 urls, producing 3 keys and 6 values 
21:21:51.020 [main] INFO  o.r.Reflections - [scan,232] - Reflections took 51 ms to scan 1 urls, producing 4 keys and 9 values 
21:21:51.095 [main] INFO  o.r.Reflections - [scan,232] - Reflections took 54 ms to scan 1 urls, producing 3 keys and 10 values 
21:21:51.211 [main] INFO  o.r.Reflections - [scan,232] - Reflections took 66 ms to scan 1 urls, producing 1 keys and 5 values 
21:21:51.274 [main] INFO  o.r.Reflections - [scan,232] - Reflections took 51 ms to scan 1 urls, producing 1 keys and 7 values 
21:21:51.322 [main] INFO  o.r.Reflections - [scan,232] - Reflections took 41 ms to scan 1 urls, producing 2 keys and 8 values 
21:21:51.339 [main] INFO  c.a.n.c.r.client - [printIfInfoEnabled,60] - [f10370e2-620a-4e2c-95fb-cb739e2f8400_config-0]RpcClient init label, labels={module=config, Vipserver-Tag=null, source=sdk, Amory-Tag=null, Location-Tag=null, taskId=0, AppName=unknown}
21:21:51.342 [main] INFO  c.a.n.c.r.client - [printIfInfoEnabled,60] - [f10370e2-620a-4e2c-95fb-cb739e2f8400_config-0]Register server push request handler:com.alibaba.nacos.client.config.impl.ClientWorker$ConfigRpcTransportClient$$Lambda$452/0x000000080040a040
21:21:51.342 [main] INFO  c.a.n.c.r.client - [printIfInfoEnabled,60] - [f10370e2-620a-4e2c-95fb-cb739e2f8400_config-0]Register server push request handler:com.alibaba.nacos.client.config.impl.ClientWorker$ConfigRpcTransportClient$$Lambda$453/0x000000080040a440
21:21:51.351 [main] INFO  c.a.n.c.r.client - [printIfInfoEnabled,60] - [f10370e2-620a-4e2c-95fb-cb739e2f8400_config-0]Registry connection listener to current client:com.alibaba.nacos.client.config.impl.ClientWorker$ConfigRpcTransportClient$1
21:21:51.354 [main] INFO  c.a.n.c.r.client - [printIfInfoEnabled,60] - [f10370e2-620a-4e2c-95fb-cb739e2f8400_config-0]RpcClient init, ServerListFactory =com.alibaba.nacos.client.config.impl.ClientWorker$ConfigRpcTransportClient$2
21:21:51.398 [main] INFO  c.a.n.c.r.client - [printIfInfoEnabled,60] - [f10370e2-620a-4e2c-95fb-cb739e2f8400_config-0] Try to connect to server on start up, server: {serverIp='127.0.0.1', server main port=8848}
21:21:58.320 [main] INFO  c.a.n.c.r.client - [printIfInfoEnabled,60] - [f10370e2-620a-4e2c-95fb-cb739e2f8400_config-0] Try to connect to server on start up, server: {serverIp='127.0.0.1', server main port=8848}
21:22:01.134 [main] INFO  c.a.n.c.r.client - [printIfInfoEnabled,60] - [f10370e2-620a-4e2c-95fb-cb739e2f8400_config-0] Success to connect to server [127.0.0.1:8848] on start up,connectionId=1636204920633_127.0.0.1_9630
21:22:01.137 [main] INFO  c.a.n.c.r.client - [printIfInfoEnabled,60] - [f10370e2-620a-4e2c-95fb-cb739e2f8400_config-0]Register server push request handler:com.alibaba.nacos.common.remote.client.RpcClient$ConnectResetRequestHandler
21:22:01.138 [main] INFO  c.a.n.c.r.client - [printIfInfoEnabled,60] - [f10370e2-620a-4e2c-95fb-cb739e2f8400_config-0]Register server push request handler:com.alibaba.nacos.common.remote.client.RpcClient$4
21:22:01.138 [com.alibaba.nacos.client.remote.worker] INFO  c.a.n.c.r.client - [printIfInfoEnabled,60] - [f10370e2-620a-4e2c-95fb-cb739e2f8400_config-0]Notify connected event to listeners.
21:22:01.141 [com.alibaba.nacos.client.remote.worker] INFO  c.a.n.c.c.i.ClientWorker - [onConnected,681] - [f10370e2-620a-4e2c-95fb-cb739e2f8400_config-0] Connected,notify listen context...
21:22:01.267 [main] INFO  c.a.n.c.c.i.Limiter - [<clinit>,56] - limitTime:5.0
21:22:01.436 [main] INFO  c.a.n.c.c.u.JvmUtil - [<clinit>,53] - isMultiInstance:false
21:22:01.582 [main] INFO  c.r.a.RuoYiAuthApplication - [logStartupProfileInfo,663] - The following profiles are active: dev
21:22:06.350 [main] INFO  o.a.c.h.Http11NioProtocol - [log,173] - Initializing ProtocolHandler ["http-nio-9200"]
21:22:06.351 [main] INFO  o.a.c.c.StandardService - [log,173] - Starting service [Tomcat]
21:22:06.352 [main] INFO  o.a.c.c.StandardEngine - [log,173] - Starting Servlet engine: [Apache Tomcat/9.0.53]
21:22:06.706 [main] INFO  o.a.c.c.C.[.[.[/] - [log,173] - Initializing Spring embedded WebApplicationContext
21:22:10.492 [main] INFO  c.a.c.s.SentinelWebAutoConfiguration - [addInterceptors,80] - [Sentinel Starter] register SentinelWebInterceptor with urlPatterns: [/**].
21:22:11.905 [main] INFO  c.a.n.client.naming - [initNamespaceForNaming,63] - initializer namespace from System Property : null
21:22:11.906 [main] INFO  c.a.n.client.naming - [call,69] - initializer namespace from System Environment :null
21:22:11.907 [main] INFO  c.a.n.client.naming - [call,79] - initializer namespace from System Property :null
21:22:11.936 [main] INFO  c.a.n.c.r.client - [lambda$createClient$0,77] - [RpcClientFactory] create a new rpc client of 0b56fbfd-18c6-4a9d-bd69-5543c512f24f
21:22:11.937 [main] INFO  c.a.n.c.r.client - [printIfInfoEnabled,60] - [0b56fbfd-18c6-4a9d-bd69-5543c512f24f]RpcClient init label, labels={module=naming, source=sdk}
21:22:11.940 [main] INFO  c.a.n.c.r.client - [printIfInfoEnabled,60] - [0b56fbfd-18c6-4a9d-bd69-5543c512f24f]RpcClient init, ServerListFactory =com.alibaba.nacos.client.naming.core.ServerListManager
21:22:11.940 [main] INFO  c.a.n.c.r.client - [printIfInfoEnabled,60] - [0b56fbfd-18c6-4a9d-bd69-5543c512f24f]Registry connection listener to current client:com.alibaba.nacos.client.naming.remote.gprc.redo.NamingGrpcRedoService
21:22:11.941 [main] INFO  c.a.n.c.r.client - [printIfInfoEnabled,60] - [0b56fbfd-18c6-4a9d-bd69-5543c512f24f]Register server push request handler:com.alibaba.nacos.client.naming.remote.gprc.NamingPushRequestHandler
21:22:11.941 [main] INFO  c.a.n.c.r.client - [printIfInfoEnabled,60] - [0b56fbfd-18c6-4a9d-bd69-5543c512f24f] Try to connect to server on start up, server: {serverIp='127.0.0.1', server main port=8848}
21:22:12.109 [main] INFO  c.a.n.c.r.client - [printIfInfoEnabled,60] - [0b56fbfd-18c6-4a9d-bd69-5543c512f24f] Success to connect to server [127.0.0.1:8848] on start up,connectionId=1636204931955_127.0.0.1_9696
21:22:12.109 [com.alibaba.nacos.client.remote.worker] INFO  c.a.n.c.r.client - [printIfInfoEnabled,60] - [0b56fbfd-18c6-4a9d-bd69-5543c512f24f]Notify connected event to listeners.
21:22:12.109 [com.alibaba.nacos.client.remote.worker] INFO  c.a.n.client.naming - [onConnected,76] - Grpc connection connect
21:22:12.109 [main] INFO  c.a.n.c.r.client - [printIfInfoEnabled,60] - [0b56fbfd-18c6-4a9d-bd69-5543c512f24f]Register server push request handler:com.alibaba.nacos.common.remote.client.RpcClient$ConnectResetRequestHandler
21:22:12.109 [main] INFO  c.a.n.c.r.client - [printIfInfoEnabled,60] - [0b56fbfd-18c6-4a9d-bd69-5543c512f24f]Register server push request handler:com.alibaba.nacos.common.remote.client.RpcClient$4
21:22:13.795 [main] INFO  c.a.n.client.naming - [isChangedServiceInfo,181] - init new ips(0) service: DEFAULT_GROUP@@ruoyi-auth@@DEFAULT -> []
21:22:13.806 [main] INFO  c.a.n.client.naming - [processServiceInfo,166] - current ips:(0) service: DEFAULT_GROUP@@ruoyi-auth@@DEFAULT -> []
21:22:13.833 [main] INFO  c.a.n.client.naming - [registerService,112] - [REGISTER-SERVICE] public registering service ruoyi-auth with instance Instance{instanceId='null', ip='192.168.31.122', port=9200, weight=1.0, healthy=true, enabled=true, ephemeral=true, clusterName='DEFAULT', serviceName='null', metadata={preserved.register.source=SPRING_CLOUD}}
21:22:13.845 [main] INFO  c.a.c.n.r.NacosServiceRegistry - [register,75] - nacos registry, DEFAULT_GROUP ruoyi-auth 192.168.31.122:9200 register finished
21:22:14.342 [nacos-grpc-client-executor-8] INFO  c.a.n.c.r.client - [printIfInfoEnabled,60] - [0b56fbfd-18c6-4a9d-bd69-5543c512f24f]receive server push request,request=NotifySubscriberRequest,requestId=4
21:22:14.345 [nacos-grpc-client-executor-8] INFO  c.a.n.client.naming - [isChangedServiceInfo,181] - init new ips(1) service: DEFAULT_GROUP@@ruoyi-auth -> [{"ip":"192.168.31.122","port":9200,"weight":1.0,"healthy":true,"enabled":true,"ephemeral":true,"clusterName":"DEFAULT","serviceName":"DEFAULT_GROUP@@ruoyi-auth","metadata":{"preserved.register.source":"SPRING_CLOUD"},"instanceHeartBeatInterval":5000,"instanceHeartBeatTimeOut":15000,"ipDeleteTimeout":30000}]
21:22:14.346 [nacos-grpc-client-executor-8] INFO  c.a.n.client.naming - [processServiceInfo,166] - current ips:(1) service: DEFAULT_GROUP@@ruoyi-auth -> [{"ip":"192.168.31.122","port":9200,"weight":1.0,"healthy":true,"enabled":true,"ephemeral":true,"clusterName":"DEFAULT","serviceName":"DEFAULT_GROUP@@ruoyi-auth","metadata":{"preserved.register.source":"SPRING_CLOUD"},"instanceHeartBeatInterval":5000,"instanceHeartBeatTimeOut":15000,"ipDeleteTimeout":30000}]
21:22:14.348 [nacos-grpc-client-executor-8] INFO  c.a.n.c.r.client - [printIfInfoEnabled,60] - [0b56fbfd-18c6-4a9d-bd69-5543c512f24f]ack server push request,request=NotifySubscriberRequest,requestId=4
21:22:14.377 [main] INFO  c.r.a.RuoYiAuthApplication - [logStarted,61] - Started RuoYiAuthApplication in 30.305 seconds (JVM running for 32.284)
21:22:14.391 [main] INFO  c.a.n.c.c.i.ClientWorker - [addCacheDataIfAbsent,384] - [config_rpc_client] [subscribe] ruoyi-auth.yml+DEFAULT_GROUP
21:22:14.392 [main] INFO  c.a.n.c.c.i.CacheData - [addListener,173] - [config_rpc_client] [add-listener] ok, tenant=, dataId=ruoyi-auth.yml, group=DEFAULT_GROUP, cnt=1
21:22:14.394 [main] INFO  c.a.n.c.c.i.ClientWorker - [addCacheDataIfAbsent,384] - [config_rpc_client] [subscribe] ruoyi-auth-dev.yml+DEFAULT_GROUP
21:22:14.394 [main] INFO  c.a.n.c.c.i.CacheData - [addListener,173] - [config_rpc_client] [add-listener] ok, tenant=, dataId=ruoyi-auth-dev.yml, group=DEFAULT_GROUP, cnt=1
21:22:14.395 [main] INFO  c.a.n.c.c.i.ClientWorker - [addCacheDataIfAbsent,384] - [config_rpc_client] [subscribe] ruoyi-auth+DEFAULT_GROUP
21:22:14.395 [main] INFO  c.a.n.c.c.i.CacheData - [addListener,173] - [config_rpc_client] [add-listener] ok, tenant=, dataId=ruoyi-auth, group=DEFAULT_GROUP, cnt=1
21:22:14.696 [SpringApplicationShutdownHook] INFO  c.a.c.n.r.NacosServiceRegistry - [deregister,90] - De-registering from Nacos Server now...
21:22:14.697 [SpringApplicationShutdownHook] INFO  c.a.n.client.naming - [deregisterService,136] - [DEREGISTER-SERVICE] public deregistering service ruoyi-auth with instance: Instance{instanceId='null', ip='192.168.31.122', port=9200, weight=1.0, healthy=true, enabled=true, ephemeral=true, clusterName='DEFAULT', serviceName='null', metadata={}}
21:22:14.703 [SpringApplicationShutdownHook] INFO  c.a.c.n.r.NacosServiceRegistry - [deregister,110] - De-registration finished.
21:22:14.703 [SpringApplicationShutdownHook] INFO  c.a.n.client.naming - [shutdown,256] - com.alibaba.nacos.client.naming.cache.ServiceInfoHolder do shutdown begin
21:22:14.704 [SpringApplicationShutdownHook] INFO  c.a.n.client.naming - [shutdown,140] - com.alibaba.nacos.client.naming.backups.FailoverReactor do shutdown begin
21:22:14.774 [com.alibaba.nacos.client.naming.updater.0] INFO  c.a.n.client.naming - [run,169] - update task is stopped, service:DEFAULT_GROUP@@ruoyi-auth, clusters:DEFAULT
21:22:15.022 [SpringApplicationShutdownHook] INFO  c.a.n.client.naming - [shutdown,142] - com.alibaba.nacos.client.naming.backups.FailoverReactor do shutdown stop
21:22:15.022 [SpringApplicationShutdownHook] INFO  c.a.n.client.naming - [shutdown,258] - com.alibaba.nacos.client.naming.cache.ServiceInfoHolder do shutdown stop
21:22:15.022 [SpringApplicationShutdownHook] INFO  c.a.n.client.naming - [shutdown,176] - com.alibaba.nacos.client.naming.remote.NamingClientProxyDelegate do shutdown begin
21:22:15.022 [SpringApplicationShutdownHook] INFO  c.a.n.client.naming - [shutdown,130] - com.alibaba.nacos.client.naming.core.ServiceInfoUpdateService do shutdown begin
21:22:15.308 [nacos-grpc-client-executor-13] INFO  c.a.n.c.r.client - [printIfInfoEnabled,60] - [0b56fbfd-18c6-4a9d-bd69-5543c512f24f]receive server push request,request=NotifySubscriberRequest,requestId=5
21:22:15.310 [nacos-grpc-client-executor-13] INFO  c.a.n.client.naming - [isChangedServiceInfo,241] - removed ips(1) service: DEFAULT_GROUP@@ruoyi-auth -> [{"ip":"192.168.31.122","port":9200,"weight":1.0,"healthy":true,"enabled":true,"ephemeral":true,"clusterName":"DEFAULT","serviceName":"DEFAULT_GROUP@@ruoyi-auth","metadata":{"preserved.register.source":"SPRING_CLOUD"},"instanceHeartBeatInterval":5000,"instanceHeartBeatTimeOut":15000,"ipDeleteTimeout":30000}]
21:22:15.311 [nacos-grpc-client-executor-13] INFO  c.a.n.client.naming - [processServiceInfo,166] - current ips:(0) service: DEFAULT_GROUP@@ruoyi-auth -> []
21:22:15.312 [nacos-grpc-client-executor-13] INFO  c.a.n.c.r.client - [printIfInfoEnabled,60] - [0b56fbfd-18c6-4a9d-bd69-5543c512f24f]ack server push request,request=NotifySubscriberRequest,requestId=5
21:22:15.351 [SpringApplicationShutdownHook] INFO  c.a.n.client.naming - [shutdown,132] - com.alibaba.nacos.client.naming.core.ServiceInfoUpdateService do shutdown stop
21:22:15.351 [SpringApplicationShutdownHook] INFO  c.a.n.client.naming - [shutdown,188] - com.alibaba.nacos.client.naming.core.ServerListManager do shutdown begin
21:22:15.351 [SpringApplicationShutdownHook] INFO  c.a.n.client.naming - [shutdown,193] - com.alibaba.nacos.client.naming.core.ServerListManager do shutdown stop
21:22:15.351 [SpringApplicationShutdownHook] INFO  c.a.n.client.naming - [shutdown,519] - com.alibaba.nacos.client.naming.remote.http.NamingHttpClientProxy do shutdown begin
21:22:15.351 [SpringApplicationShutdownHook] INFO  c.a.n.client.naming - [shutdown,162] - com.alibaba.nacos.client.naming.beat.BeatReactor do shutdown begin
21:22:15.351 [SpringApplicationShutdownHook] INFO  c.a.n.client.naming - [shutdown,164] - com.alibaba.nacos.client.naming.beat.BeatReactor do shutdown stop
21:22:15.352 [SpringApplicationShutdownHook] INFO  c.a.n.c.i.CredentialWatcher - [stop,105] - [null] CredentialWatcher is stopped
21:22:15.352 [SpringApplicationShutdownHook] INFO  c.a.n.c.i.CredentialService - [free,99] - [null] CredentialService is freed
21:22:15.352 [SpringApplicationShutdownHook] INFO  c.a.n.client.naming - [shutdown,523] - com.alibaba.nacos.client.naming.remote.http.NamingHttpClientProxy do shutdown stop
21:22:15.352 [SpringApplicationShutdownHook] INFO  c.a.n.c.r.client - [shutdown,461] - Shutdown rpc client ,set status to shutdown
21:22:15.352 [SpringApplicationShutdownHook] INFO  c.a.n.c.r.client - [shutdown,463] - Shutdown  client event executor java.util.concurrent.ScheduledThreadPoolExecutor@20d87fb0[Running, pool size = 2, active threads = 2, queued tasks = 0, completed tasks = 0]
21:22:15.352 [SpringApplicationShutdownHook] INFO  c.a.n.c.r.client - [shutdown,465] - Close current connection 1636204931955_127.0.0.1_9696
21:22:15.353 [SpringApplicationShutdownHook] INFO  c.a.n.c.r.c.g.GrpcClient - [shutdown,83] - Shutdown grpc executor java.util.concurrent.ThreadPoolExecutor@31424c49[Running, pool size = 14, active threads = 0, queued tasks = 0, completed tasks = 14]
21:22:15.353 [SpringApplicationShutdownHook] INFO  c.a.n.client.naming - [shutdown,251] - Shutdown grpc redo service executor java.util.concurrent.ScheduledThreadPoolExecutor@bebd088[Running, pool size = 1, active threads = 0, queued tasks = 1, completed tasks = 1]
21:22:15.354 [SpringApplicationShutdownHook] INFO  c.a.n.client.naming - [shutdown,182] - com.alibaba.nacos.client.naming.remote.NamingClientProxyDelegate do shutdown stop
