17:05:55.824 [background-preinit] INFO  o.h.v.i.util.Version - [<clinit>,21] - HV000001: Hibernate Validator 6.2.0.Final
17:05:56.381 [main] INFO  c.a.n.c.c.i.LocalConfigInfoProcessor - [<clinit>,67] - LOCAL_SNAPSHOT_PATH:C:\Users\清研\nacos\config
17:05:56.383 [main] INFO  c.a.n.c.r.client - [lambda$createClient$0,77] - [RpcClientFactory] create a new rpc client of 6548bd7c-034e-4341-b5d5-2bced9a2990a_config-0
17:05:56.408 [main] INFO  o.r.Reflections - [scan,232] - Reflections took 15 ms to scan 1 urls, producing 3 keys and 6 values 
17:05:56.423 [main] INFO  o.r.Reflections - [scan,232] - Reflections took 7 ms to scan 1 urls, producing 4 keys and 9 values 
17:05:56.431 [main] INFO  o.r.Reflections - [scan,232] - Reflections took 6 ms to scan 1 urls, producing 3 keys and 10 values 
17:05:56.440 [main] INFO  o.r.Reflections - [scan,232] - Reflections took 5 ms to scan 1 urls, producing 1 keys and 5 values 
17:05:56.449 [main] INFO  o.r.Reflections - [scan,232] - Reflections took 6 ms to scan 1 urls, producing 1 keys and 7 values 
17:05:56.457 [main] INFO  o.r.Reflections - [scan,232] - Reflections took 7 ms to scan 1 urls, producing 2 keys and 8 values 
17:05:56.460 [main] INFO  c.a.n.c.r.client - [printIfInfoEnabled,60] - [6548bd7c-034e-4341-b5d5-2bced9a2990a_config-0]RpcClient init label, labels={module=config, Vipserver-Tag=null, source=sdk, Amory-Tag=null, Location-Tag=null, taskId=0, AppName=unknown}
17:05:56.461 [main] INFO  c.a.n.c.r.client - [printIfInfoEnabled,60] - [6548bd7c-034e-4341-b5d5-2bced9a2990a_config-0]Register server push request handler:com.alibaba.nacos.client.config.impl.ClientWorker$ConfigRpcTransportClient$$Lambda$452/0x000000080040c840
17:05:56.461 [main] INFO  c.a.n.c.r.client - [printIfInfoEnabled,60] - [6548bd7c-034e-4341-b5d5-2bced9a2990a_config-0]Register server push request handler:com.alibaba.nacos.client.config.impl.ClientWorker$ConfigRpcTransportClient$$Lambda$453/0x000000080040cc40
17:05:56.461 [main] INFO  c.a.n.c.r.client - [printIfInfoEnabled,60] - [6548bd7c-034e-4341-b5d5-2bced9a2990a_config-0]Registry connection listener to current client:com.alibaba.nacos.client.config.impl.ClientWorker$ConfigRpcTransportClient$1
17:05:56.462 [main] INFO  c.a.n.c.r.client - [printIfInfoEnabled,60] - [6548bd7c-034e-4341-b5d5-2bced9a2990a_config-0]RpcClient init, ServerListFactory =com.alibaba.nacos.client.config.impl.ClientWorker$ConfigRpcTransportClient$2
17:05:56.468 [main] INFO  c.a.n.c.r.client - [printIfInfoEnabled,60] - [6548bd7c-034e-4341-b5d5-2bced9a2990a_config-0] Try to connect to server on start up, server: {serverIp='127.0.0.1', server main port=8848}
17:05:57.221 [main] INFO  c.a.n.c.r.client - [printIfInfoEnabled,60] - [6548bd7c-034e-4341-b5d5-2bced9a2990a_config-0] Success to connect to server [127.0.0.1:8848] on start up,connectionId=1636016757061_127.0.0.1_11268
17:05:57.222 [com.alibaba.nacos.client.remote.worker] INFO  c.a.n.c.r.client - [printIfInfoEnabled,60] - [6548bd7c-034e-4341-b5d5-2bced9a2990a_config-0]Notify connected event to listeners.
17:05:57.222 [main] INFO  c.a.n.c.r.client - [printIfInfoEnabled,60] - [6548bd7c-034e-4341-b5d5-2bced9a2990a_config-0]Register server push request handler:com.alibaba.nacos.common.remote.client.RpcClient$ConnectResetRequestHandler
17:05:57.223 [com.alibaba.nacos.client.remote.worker] INFO  c.a.n.c.c.i.ClientWorker - [onConnected,681] - [6548bd7c-034e-4341-b5d5-2bced9a2990a_config-0] Connected,notify listen context...
17:05:57.223 [main] INFO  c.a.n.c.r.client - [printIfInfoEnabled,60] - [6548bd7c-034e-4341-b5d5-2bced9a2990a_config-0]Register server push request handler:com.alibaba.nacos.common.remote.client.RpcClient$4
17:05:57.247 [main] INFO  c.a.n.c.c.i.Limiter - [<clinit>,56] - limitTime:5.0
17:05:57.257 [main] INFO  c.a.n.c.c.u.JvmUtil - [<clinit>,53] - isMultiInstance:false
17:05:57.279 [main] INFO  c.r.j.RuoYiJobApplication - [logStartupProfileInfo,663] - The following profiles are active: dev
17:05:59.111 [main] INFO  o.a.c.h.Http11NioProtocol - [log,173] - Initializing ProtocolHandler ["http-nio-9203"]
17:05:59.111 [main] INFO  o.a.c.c.StandardService - [log,173] - Starting service [Tomcat]
17:05:59.112 [main] INFO  o.a.c.c.StandardEngine - [log,173] - Starting Servlet engine: [Apache Tomcat/9.0.53]
17:05:59.215 [main] INFO  o.a.c.c.C.[.[.[/] - [log,173] - Initializing Spring embedded WebApplicationContext
17:05:59.443 [main] INFO  o.q.i.StdSchedulerFactory - [instantiate,1220] - Using default implementation for ThreadExecutor
17:05:59.452 [main] INFO  o.q.c.SchedulerSignalerImpl - [<init>,61] - Initialized Scheduler Signaller of type: class org.quartz.core.SchedulerSignalerImpl
17:05:59.452 [main] INFO  o.q.c.QuartzScheduler - [<init>,229] - Quartz Scheduler v.2.3.2 created.
17:05:59.477 [main] INFO  c.z.h.HikariDataSource - [getConnection,110] - HikariPool-1 - Starting...
17:05:59.705 [main] INFO  c.z.h.HikariDataSource - [getConnection,123] - HikariPool-1 - Start completed.
17:05:59.722 [main] INFO  o.q.c.QuartzScheduler - [initialize,294] - Scheduler meta-data: Quartz Scheduler (v2.3.2) 'RuoyiScheduler' with instanceId 'wang-Yoga14sIHU20211636016759444'
  Scheduler class: 'org.quartz.core.QuartzScheduler' - running locally.
  NOT STARTED.
  Currently in standby mode.
  Number of jobs executed: 0
  Using thread pool 'org.quartz.simpl.SimpleThreadPool' - with 20 threads.
  Using job-store 'org.springframework.scheduling.quartz.LocalDataSourceJobStore' - which supports persistence. and is clustered.

17:05:59.722 [main] INFO  o.q.i.StdSchedulerFactory - [instantiate,1374] - Quartz scheduler 'RuoyiScheduler' initialized from an externally provided properties instance.
17:05:59.722 [main] INFO  o.q.i.StdSchedulerFactory - [instantiate,1378] - Quartz scheduler version: 2.3.2
17:05:59.724 [main] INFO  o.q.c.QuartzScheduler - [setJobFactory,2293] - JobFactory set to: org.springframework.scheduling.quartz.AdaptableJobFactory@614ae4eb
17:06:00.438 [main] INFO  c.a.c.s.SentinelWebAutoConfiguration - [addInterceptors,80] - [Sentinel Starter] register SentinelWebInterceptor with urlPatterns: [/**].
17:06:00.929 [main] INFO  c.a.n.client.naming - [initNamespaceForNaming,63] - initializer namespace from System Property : null
17:06:00.929 [main] INFO  c.a.n.client.naming - [call,69] - initializer namespace from System Environment :null
17:06:00.930 [main] INFO  c.a.n.client.naming - [call,79] - initializer namespace from System Property :null
17:06:00.941 [main] INFO  c.a.n.c.r.client - [lambda$createClient$0,77] - [RpcClientFactory] create a new rpc client of ec43b2a9-bc5a-457c-bd45-4d66ea4e27f6
17:06:00.941 [main] INFO  c.a.n.c.r.client - [printIfInfoEnabled,60] - [ec43b2a9-bc5a-457c-bd45-4d66ea4e27f6]RpcClient init label, labels={module=naming, source=sdk}
17:06:00.942 [main] INFO  c.a.n.c.r.client - [printIfInfoEnabled,60] - [ec43b2a9-bc5a-457c-bd45-4d66ea4e27f6]RpcClient init, ServerListFactory =com.alibaba.nacos.client.naming.core.ServerListManager
17:06:00.943 [main] INFO  c.a.n.c.r.client - [printIfInfoEnabled,60] - [ec43b2a9-bc5a-457c-bd45-4d66ea4e27f6]Registry connection listener to current client:com.alibaba.nacos.client.naming.remote.gprc.redo.NamingGrpcRedoService
17:06:00.943 [main] INFO  c.a.n.c.r.client - [printIfInfoEnabled,60] - [ec43b2a9-bc5a-457c-bd45-4d66ea4e27f6]Register server push request handler:com.alibaba.nacos.client.naming.remote.gprc.NamingPushRequestHandler
17:06:00.943 [main] INFO  c.a.n.c.r.client - [printIfInfoEnabled,60] - [ec43b2a9-bc5a-457c-bd45-4d66ea4e27f6] Try to connect to server on start up, server: {serverIp='127.0.0.1', server main port=8848}
17:06:01.063 [main] INFO  c.a.n.c.r.client - [printIfInfoEnabled,60] - [ec43b2a9-bc5a-457c-bd45-4d66ea4e27f6] Success to connect to server [127.0.0.1:8848] on start up,connectionId=1636016760950_127.0.0.1_11284
17:06:01.063 [com.alibaba.nacos.client.remote.worker] INFO  c.a.n.c.r.client - [printIfInfoEnabled,60] - [ec43b2a9-bc5a-457c-bd45-4d66ea4e27f6]Notify connected event to listeners.
17:06:01.063 [main] INFO  c.a.n.c.r.client - [printIfInfoEnabled,60] - [ec43b2a9-bc5a-457c-bd45-4d66ea4e27f6]Register server push request handler:com.alibaba.nacos.common.remote.client.RpcClient$ConnectResetRequestHandler
17:06:01.063 [com.alibaba.nacos.client.remote.worker] INFO  c.a.n.client.naming - [onConnected,76] - Grpc connection connect
17:06:01.063 [main] INFO  c.a.n.c.r.client - [printIfInfoEnabled,60] - [ec43b2a9-bc5a-457c-bd45-4d66ea4e27f6]Register server push request handler:com.alibaba.nacos.common.remote.client.RpcClient$4
17:06:02.718 [main] INFO  c.a.n.client.naming - [isChangedServiceInfo,181] - init new ips(0) service: DEFAULT_GROUP@@ruoyi-job@@DEFAULT -> []
17:06:02.726 [main] INFO  c.a.n.client.naming - [processServiceInfo,166] - current ips:(0) service: DEFAULT_GROUP@@ruoyi-job@@DEFAULT -> []
17:06:02.732 [main] INFO  o.a.c.h.Http11NioProtocol - [log,173] - Starting ProtocolHandler ["http-nio-9203"]
17:06:02.750 [main] INFO  c.a.n.client.naming - [registerService,112] - [REGISTER-SERVICE] public registering service ruoyi-job with instance Instance{instanceId='null', ip='10.131.41.89', port=9203, weight=1.0, healthy=true, enabled=true, ephemeral=true, clusterName='DEFAULT', serviceName='null', metadata={preserved.register.source=SPRING_CLOUD}}
17:06:02.755 [main] INFO  c.a.c.n.r.NacosServiceRegistry - [register,75] - nacos registry, DEFAULT_GROUP ruoyi-job 10.131.41.89:9203 register finished
17:06:03.245 [nacos-grpc-client-executor-6] INFO  c.a.n.c.r.client - [printIfInfoEnabled,60] - [ec43b2a9-bc5a-457c-bd45-4d66ea4e27f6]receive server push request,request=NotifySubscriberRequest,requestId=235
17:06:03.246 [nacos-grpc-client-executor-6] INFO  c.a.n.client.naming - [isChangedServiceInfo,181] - init new ips(1) service: DEFAULT_GROUP@@ruoyi-job -> [{"ip":"10.131.41.89","port":9203,"weight":1.0,"healthy":true,"enabled":true,"ephemeral":true,"clusterName":"DEFAULT","serviceName":"DEFAULT_GROUP@@ruoyi-job","metadata":{"preserved.register.source":"SPRING_CLOUD"},"ipDeleteTimeout":30000,"instanceHeartBeatInterval":5000,"instanceHeartBeatTimeOut":15000}]
17:06:03.246 [nacos-grpc-client-executor-6] INFO  c.a.n.client.naming - [processServiceInfo,166] - current ips:(1) service: DEFAULT_GROUP@@ruoyi-job -> [{"ip":"10.131.41.89","port":9203,"weight":1.0,"healthy":true,"enabled":true,"ephemeral":true,"clusterName":"DEFAULT","serviceName":"DEFAULT_GROUP@@ruoyi-job","metadata":{"preserved.register.source":"SPRING_CLOUD"},"ipDeleteTimeout":30000,"instanceHeartBeatInterval":5000,"instanceHeartBeatTimeOut":15000}]
17:06:03.248 [nacos-grpc-client-executor-6] INFO  c.a.n.c.r.client - [printIfInfoEnabled,60] - [ec43b2a9-bc5a-457c-bd45-4d66ea4e27f6]ack server push request,request=NotifySubscriberRequest,requestId=235
17:06:03.283 [main] INFO  c.r.j.RuoYiJobApplication - [logStarted,61] - Started RuoYiJobApplication in 8.09 seconds (JVM running for 10.219)
17:06:03.291 [main] INFO  c.a.n.c.c.i.ClientWorker - [addCacheDataIfAbsent,384] - [config_rpc_client] [subscribe] ruoyi-job+DEFAULT_GROUP
17:06:03.292 [main] INFO  c.a.n.c.c.i.CacheData - [addListener,173] - [config_rpc_client] [add-listener] ok, tenant=, dataId=ruoyi-job, group=DEFAULT_GROUP, cnt=1
17:06:03.294 [main] INFO  c.a.n.c.c.i.ClientWorker - [addCacheDataIfAbsent,384] - [config_rpc_client] [subscribe] ruoyi-job-dev.yml+DEFAULT_GROUP
17:06:03.294 [main] INFO  c.a.n.c.c.i.CacheData - [addListener,173] - [config_rpc_client] [add-listener] ok, tenant=, dataId=ruoyi-job-dev.yml, group=DEFAULT_GROUP, cnt=1
17:06:03.294 [main] INFO  c.a.n.c.c.i.ClientWorker - [addCacheDataIfAbsent,384] - [config_rpc_client] [subscribe] ruoyi-job.yml+DEFAULT_GROUP
17:06:03.294 [main] INFO  c.a.n.c.c.i.CacheData - [addListener,173] - [config_rpc_client] [add-listener] ok, tenant=, dataId=ruoyi-job.yml, group=DEFAULT_GROUP, cnt=1
17:06:03.727 [com.alibaba.nacos.client.naming.updater.0] INFO  c.a.n.client.naming - [isChangedServiceInfo,235] - new ips(1) service: DEFAULT_GROUP@@ruoyi-job@@DEFAULT -> [{"ip":"10.131.41.89","port":9203,"weight":1.0,"healthy":true,"enabled":true,"ephemeral":true,"clusterName":"DEFAULT","serviceName":"DEFAULT_GROUP@@ruoyi-job","metadata":{"preserved.register.source":"SPRING_CLOUD"},"ipDeleteTimeout":30000,"instanceHeartBeatInterval":5000,"instanceHeartBeatTimeOut":15000}]
17:06:03.727 [com.alibaba.nacos.client.naming.updater.0] INFO  c.a.n.client.naming - [processServiceInfo,166] - current ips:(1) service: DEFAULT_GROUP@@ruoyi-job@@DEFAULT -> [{"ip":"10.131.41.89","port":9203,"weight":1.0,"healthy":true,"enabled":true,"ephemeral":true,"clusterName":"DEFAULT","serviceName":"DEFAULT_GROUP@@ruoyi-job","metadata":{"preserved.register.source":"SPRING_CLOUD"},"ipDeleteTimeout":30000,"instanceHeartBeatInterval":5000,"instanceHeartBeatTimeOut":15000}]
17:06:03.874 [RMI TCP Connection(2)-10.131.41.89] INFO  o.a.c.c.C.[.[.[/] - [log,173] - Initializing Spring DispatcherServlet 'dispatcherServlet'
17:06:04.287 [Quartz Scheduler [RuoyiScheduler]] INFO  o.q.c.QuartzScheduler - [start,547] - Scheduler RuoyiScheduler_$_wang-Yoga14sIHU20211636016759444 started.
17:06:49.460 [task-1] INFO  c.a.n.client.naming - [isChangedServiceInfo,181] - init new ips(1) service: DEFAULT_GROUP@@ruoyi-system -> [{"ip":"10.131.41.89","port":9201,"weight":1.0,"healthy":true,"enabled":true,"ephemeral":true,"clusterName":"DEFAULT","serviceName":"DEFAULT_GROUP@@ruoyi-system","metadata":{"preserved.register.source":"SPRING_CLOUD"},"ipDeleteTimeout":30000,"instanceHeartBeatInterval":5000,"instanceHeartBeatTimeOut":15000}]
17:06:49.462 [task-1] INFO  c.a.n.client.naming - [processServiceInfo,166] - current ips:(1) service: DEFAULT_GROUP@@ruoyi-system -> [{"ip":"10.131.41.89","port":9201,"weight":1.0,"healthy":true,"enabled":true,"ephemeral":true,"clusterName":"DEFAULT","serviceName":"DEFAULT_GROUP@@ruoyi-system","metadata":{"preserved.register.source":"SPRING_CLOUD"},"ipDeleteTimeout":30000,"instanceHeartBeatInterval":5000,"instanceHeartBeatTimeOut":15000}]
17:06:50.048 [nacos-grpc-client-executor-21] INFO  c.a.n.c.r.client - [printIfInfoEnabled,60] - [ec43b2a9-bc5a-457c-bd45-4d66ea4e27f6]receive server push request,request=NotifySubscriberRequest,requestId=237
17:06:50.048 [nacos-grpc-client-executor-21] INFO  c.a.n.c.r.client - [printIfInfoEnabled,60] - [ec43b2a9-bc5a-457c-bd45-4d66ea4e27f6]ack server push request,request=NotifySubscriberRequest,requestId=237
17:17:04.648 [SpringApplicationShutdownHook] INFO  o.q.c.QuartzScheduler - [standby,585] - Scheduler RuoyiScheduler_$_wang-Yoga14sIHU20211636016759444 paused.
17:17:04.887 [SpringApplicationShutdownHook] INFO  c.a.c.n.r.NacosServiceRegistry - [deregister,90] - De-registering from Nacos Server now...
17:17:04.888 [SpringApplicationShutdownHook] INFO  c.a.n.client.naming - [deregisterService,136] - [DEREGISTER-SERVICE] public deregistering service ruoyi-job with instance: Instance{instanceId='null', ip='10.131.41.89', port=9203, weight=1.0, healthy=true, enabled=true, ephemeral=true, clusterName='DEFAULT', serviceName='null', metadata={}}
17:17:04.889 [SpringApplicationShutdownHook] INFO  c.a.c.n.r.NacosServiceRegistry - [deregister,110] - De-registration finished.
17:17:04.890 [SpringApplicationShutdownHook] INFO  c.a.n.client.naming - [shutdown,256] - com.alibaba.nacos.client.naming.cache.ServiceInfoHolder do shutdown begin
17:17:04.890 [SpringApplicationShutdownHook] INFO  c.a.n.client.naming - [shutdown,140] - com.alibaba.nacos.client.naming.backups.FailoverReactor do shutdown begin
17:17:04.890 [SpringApplicationShutdownHook] INFO  c.a.n.client.naming - [shutdown,142] - com.alibaba.nacos.client.naming.backups.FailoverReactor do shutdown stop
17:17:04.891 [SpringApplicationShutdownHook] INFO  c.a.n.client.naming - [shutdown,258] - com.alibaba.nacos.client.naming.cache.ServiceInfoHolder do shutdown stop
17:17:04.891 [SpringApplicationShutdownHook] INFO  c.a.n.client.naming - [shutdown,176] - com.alibaba.nacos.client.naming.remote.NamingClientProxyDelegate do shutdown begin
17:17:04.891 [SpringApplicationShutdownHook] INFO  c.a.n.client.naming - [shutdown,130] - com.alibaba.nacos.client.naming.core.ServiceInfoUpdateService do shutdown begin
17:17:05.194 [SpringApplicationShutdownHook] INFO  c.a.n.client.naming - [shutdown,132] - com.alibaba.nacos.client.naming.core.ServiceInfoUpdateService do shutdown stop
17:17:05.194 [SpringApplicationShutdownHook] INFO  c.a.n.client.naming - [shutdown,188] - com.alibaba.nacos.client.naming.core.ServerListManager do shutdown begin
17:17:05.194 [SpringApplicationShutdownHook] INFO  c.a.n.client.naming - [shutdown,193] - com.alibaba.nacos.client.naming.core.ServerListManager do shutdown stop
17:17:05.195 [SpringApplicationShutdownHook] INFO  c.a.n.client.naming - [shutdown,519] - com.alibaba.nacos.client.naming.remote.http.NamingHttpClientProxy do shutdown begin
17:17:05.195 [SpringApplicationShutdownHook] INFO  c.a.n.client.naming - [shutdown,162] - com.alibaba.nacos.client.naming.beat.BeatReactor do shutdown begin
17:17:05.195 [SpringApplicationShutdownHook] INFO  c.a.n.client.naming - [shutdown,164] - com.alibaba.nacos.client.naming.beat.BeatReactor do shutdown stop
17:17:05.195 [SpringApplicationShutdownHook] INFO  c.a.n.c.i.CredentialWatcher - [stop,105] - [null] CredentialWatcher is stopped
17:17:05.195 [SpringApplicationShutdownHook] INFO  c.a.n.c.i.CredentialService - [free,99] - [null] CredentialService is freed
17:17:05.195 [SpringApplicationShutdownHook] INFO  c.a.n.client.naming - [shutdown,523] - com.alibaba.nacos.client.naming.remote.http.NamingHttpClientProxy do shutdown stop
17:17:05.195 [SpringApplicationShutdownHook] INFO  c.a.n.c.r.client - [shutdown,461] - Shutdown rpc client ,set status to shutdown
17:17:05.195 [SpringApplicationShutdownHook] INFO  c.a.n.c.r.client - [shutdown,463] - Shutdown  client event executor java.util.concurrent.ScheduledThreadPoolExecutor@326439dd[Running, pool size = 2, active threads = 2, queued tasks = 0, completed tasks = 0]
17:17:05.195 [SpringApplicationShutdownHook] INFO  c.a.n.c.r.client - [shutdown,465] - Close current connection 1636016760950_127.0.0.1_11284
17:17:05.196 [nacos-grpc-client-executor-154] INFO  c.a.n.c.r.c.g.GrpcClient - [printIfInfoEnabled,60] - [1636016760950_127.0.0.1_11284]Ignore complete event,isRunning:false,isAbandon=false
17:17:05.198 [SpringApplicationShutdownHook] INFO  c.a.n.c.r.c.g.GrpcClient - [shutdown,83] - Shutdown grpc executor java.util.concurrent.ThreadPoolExecutor@88912fb[Running, pool size = 6, active threads = 0, queued tasks = 0, completed tasks = 155]
17:17:05.198 [SpringApplicationShutdownHook] INFO  c.a.n.client.naming - [shutdown,251] - Shutdown grpc redo service executor java.util.concurrent.ScheduledThreadPoolExecutor@29393f9c[Running, pool size = 1, active threads = 0, queued tasks = 1, completed tasks = 220]
17:17:05.199 [SpringApplicationShutdownHook] INFO  c.a.n.client.naming - [shutdown,182] - com.alibaba.nacos.client.naming.remote.NamingClientProxyDelegate do shutdown stop
17:17:05.344 [SpringApplicationShutdownHook] INFO  o.q.c.QuartzScheduler - [shutdown,666] - Scheduler RuoyiScheduler_$_wang-Yoga14sIHU20211636016759444 shutting down.
17:17:05.344 [SpringApplicationShutdownHook] INFO  o.q.c.QuartzScheduler - [standby,585] - Scheduler RuoyiScheduler_$_wang-Yoga14sIHU20211636016759444 paused.
17:17:05.345 [SpringApplicationShutdownHook] INFO  o.q.c.QuartzScheduler - [shutdown,740] - Scheduler RuoyiScheduler_$_wang-Yoga14sIHU20211636016759444 shutdown complete.
17:17:05.345 [SpringApplicationShutdownHook] INFO  c.z.h.HikariDataSource - [close,350] - HikariPool-1 - Shutdown initiated...
17:17:05.351 [SpringApplicationShutdownHook] INFO  c.z.h.HikariDataSource - [close,352] - HikariPool-1 - Shutdown completed.
