03:05:04.120 [com.alibaba.nacos.client.remote.worker] INFO  c.a.n.c.r.client - [printIfInfoEnabled,60] - [4b928519-e534-4bf1-8c17-cba629223f9c_config-0] try to re connect to a new server ,server is  not appointed,will choose a random server.
03:05:04.120 [com.alibaba.nacos.client.remote.worker] INFO  c.a.n.c.r.client - [printIfInfoEnabled,60] - [8acf53f2-6fa1-4f70-bd6e-3cbfc70be840] try to re connect to a new server ,server is  not appointed,will choose a random server.
03:05:04.035 [lettuce-nioEventLoop-4-1] INFO  i.l.c.p.CommandHandler - [log,217] - null Unexpected exception during request: java.io.IOException: 远程主机强迫关闭了一个现有的连接。
java.io.IOException: 远程主机强迫关闭了一个现有的连接。
	at java.base/sun.nio.ch.SocketDispatcher.read0(Native Method)
	at java.base/sun.nio.ch.SocketDispatcher.read(SocketDispatcher.java:43)
	at java.base/sun.nio.ch.IOUtil.readIntoNativeBuffer(IOUtil.java:276)
	at java.base/sun.nio.ch.IOUtil.read(IOUtil.java:233)
	at java.base/sun.nio.ch.IOUtil.read(IOUtil.java:223)
	at java.base/sun.nio.ch.SocketChannelImpl.read(SocketChannelImpl.java:358)
	at io.netty.buffer.PooledByteBuf.setBytes(PooledByteBuf.java:253)
	at io.netty.buffer.AbstractByteBuf.writeBytes(AbstractByteBuf.java:1132)
	at io.netty.channel.socket.nio.NioSocketChannel.doReadBytes(NioSocketChannel.java:350)
	at io.netty.channel.nio.AbstractNioByteChannel$NioByteUnsafe.read(AbstractNioByteChannel.java:151)
	at io.netty.channel.nio.NioEventLoop.processSelectedKey(NioEventLoop.java:719)
	at io.netty.channel.nio.NioEventLoop.processSelectedKeysOptimized(NioEventLoop.java:655)
	at io.netty.channel.nio.NioEventLoop.processSelectedKeys(NioEventLoop.java:581)
	at io.netty.channel.nio.NioEventLoop.run(NioEventLoop.java:493)
	at io.netty.util.concurrent.SingleThreadEventExecutor$4.run(SingleThreadEventExecutor.java:986)
	at io.netty.util.internal.ThreadExecutorMap$2.run(ThreadExecutorMap.java:74)
	at io.netty.util.concurrent.FastThreadLocalRunnable.run(FastThreadLocalRunnable.java:30)
	at java.base/java.lang.Thread.run(Thread.java:834)
03:05:04.362 [lettuce-eventExecutorLoop-1-6] INFO  i.l.c.p.ConnectionWatchdog - [log,171] - Reconnecting, last destination was localhost/127.0.0.1:6379
03:05:08.595 [com.alibaba.nacos.client.remote.worker] INFO  c.a.n.c.r.client - [printIfInfoEnabled,60] - [4b928519-e534-4bf1-8c17-cba629223f9c_config-0] fail to connect server,after trying 1 times, last try server is {serverIp='127.0.0.1', server main port=8848},error=unknown
03:05:08.596 [com.alibaba.nacos.client.remote.worker] INFO  c.a.n.c.r.client - [printIfInfoEnabled,60] - [8acf53f2-6fa1-4f70-bd6e-3cbfc70be840] fail to connect server,after trying 1 times, last try server is {serverIp='127.0.0.1', server main port=8848},error=unknown
03:05:10.242 [SpringApplicationShutdownHook] INFO  o.q.c.QuartzScheduler - [standby,585] - Scheduler RuoyiScheduler_$_wang-Yoga14sIHU20211635347851535 paused.
03:05:10.657 [lettuce-eventExecutorLoop-1-8] INFO  i.l.c.p.ConnectionWatchdog - [log,171] - Reconnecting, last destination was localhost:6379
03:05:10.838 [com.alibaba.nacos.client.remote.worker] INFO  c.a.n.c.r.client - [printIfInfoEnabled,60] - [8acf53f2-6fa1-4f70-bd6e-3cbfc70be840] fail to connect server,after trying 2 times, last try server is {serverIp='127.0.0.1', server main port=8848},error=unknown
03:05:10.845 [com.alibaba.nacos.client.remote.worker] INFO  c.a.n.c.r.client - [printIfInfoEnabled,60] - [4b928519-e534-4bf1-8c17-cba629223f9c_config-0] fail to connect server,after trying 2 times, last try server is {serverIp='127.0.0.1', server main port=8848},error=unknown
03:05:11.411 [SpringApplicationShutdownHook] INFO  c.a.c.n.r.NacosServiceRegistry - [deregister,90] - De-registering from Nacos Server now...
03:05:11.411 [SpringApplicationShutdownHook] INFO  c.a.n.client.naming - [deregisterService,136] - [DEREGISTER-SERVICE] public deregistering service ruoyi-job with instance: Instance{instanceId='null', ip='192.168.31.122', port=9203, weight=1.0, healthy=true, enabled=true, ephemeral=true, clusterName='DEFAULT', serviceName='null', metadata={}}
03:05:11.714 [SpringApplicationShutdownHook] INFO  c.a.c.n.r.NacosServiceRegistry - [deregister,110] - De-registration finished.
03:05:11.716 [SpringApplicationShutdownHook] INFO  c.a.n.client.naming - [shutdown,256] - com.alibaba.nacos.client.naming.cache.ServiceInfoHolder do shutdown begin
03:05:11.716 [SpringApplicationShutdownHook] INFO  c.a.n.client.naming - [shutdown,140] - com.alibaba.nacos.client.naming.backups.FailoverReactor do shutdown begin
03:05:11.716 [SpringApplicationShutdownHook] INFO  c.a.n.client.naming - [shutdown,142] - com.alibaba.nacos.client.naming.backups.FailoverReactor do shutdown stop
03:05:11.716 [SpringApplicationShutdownHook] INFO  c.a.n.client.naming - [shutdown,258] - com.alibaba.nacos.client.naming.cache.ServiceInfoHolder do shutdown stop
03:05:11.717 [SpringApplicationShutdownHook] INFO  c.a.n.client.naming - [shutdown,176] - com.alibaba.nacos.client.naming.remote.NamingClientProxyDelegate do shutdown begin
03:05:11.717 [SpringApplicationShutdownHook] INFO  c.a.n.client.naming - [shutdown,130] - com.alibaba.nacos.client.naming.core.ServiceInfoUpdateService do shutdown begin
03:05:12.039 [SpringApplicationShutdownHook] INFO  c.a.n.client.naming - [shutdown,132] - com.alibaba.nacos.client.naming.core.ServiceInfoUpdateService do shutdown stop
03:05:12.039 [SpringApplicationShutdownHook] INFO  c.a.n.client.naming - [shutdown,188] - com.alibaba.nacos.client.naming.core.ServerListManager do shutdown begin
03:05:12.039 [SpringApplicationShutdownHook] INFO  c.a.n.client.naming - [shutdown,193] - com.alibaba.nacos.client.naming.core.ServerListManager do shutdown stop
03:05:12.040 [SpringApplicationShutdownHook] INFO  c.a.n.client.naming - [shutdown,519] - com.alibaba.nacos.client.naming.remote.http.NamingHttpClientProxy do shutdown begin
03:05:12.040 [SpringApplicationShutdownHook] INFO  c.a.n.client.naming - [shutdown,162] - com.alibaba.nacos.client.naming.beat.BeatReactor do shutdown begin
03:05:12.040 [SpringApplicationShutdownHook] INFO  c.a.n.client.naming - [shutdown,164] - com.alibaba.nacos.client.naming.beat.BeatReactor do shutdown stop
03:05:12.042 [SpringApplicationShutdownHook] INFO  c.a.n.c.i.CredentialWatcher - [stop,105] - [null] CredentialWatcher is stopped
03:05:12.043 [SpringApplicationShutdownHook] INFO  c.a.n.c.i.CredentialService - [free,99] - [null] CredentialService is freed
03:05:12.043 [SpringApplicationShutdownHook] INFO  c.a.n.client.naming - [shutdown,523] - com.alibaba.nacos.client.naming.remote.http.NamingHttpClientProxy do shutdown stop
03:05:12.043 [SpringApplicationShutdownHook] INFO  c.a.n.c.r.client - [shutdown,461] - Shutdown rpc client ,set status to shutdown
03:05:12.043 [SpringApplicationShutdownHook] INFO  c.a.n.c.r.client - [shutdown,463] - Shutdown  client event executor java.util.concurrent.ScheduledThreadPoolExecutor@5baadea0[Running, pool size = 2, active threads = 2, queued tasks = 0, completed tasks = 0]
03:05:12.044 [SpringApplicationShutdownHook] INFO  c.a.n.c.r.client - [shutdown,465] - Close current connection 1635347857381_127.0.0.1_11779
03:05:12.044 [SpringApplicationShutdownHook] INFO  c.a.n.c.r.c.g.GrpcClient - [shutdown,83] - Shutdown grpc executor java.util.concurrent.ThreadPoolExecutor@1f371b4c[Running, pool size = 8, active threads = 0, queued tasks = 0, completed tasks = 2811]
03:05:12.045 [SpringApplicationShutdownHook] INFO  c.a.n.client.naming - [shutdown,251] - Shutdown grpc redo service executor java.util.concurrent.ScheduledThreadPoolExecutor@32a2df74[Running, pool size = 1, active threads = 0, queued tasks = 1, completed tasks = 4545]
03:05:12.083 [SpringApplicationShutdownHook] INFO  c.a.n.client.naming - [shutdown,182] - com.alibaba.nacos.client.naming.remote.NamingClientProxyDelegate do shutdown stop
03:05:12.085 [com.alibaba.nacos.client.remote.worker] INFO  c.a.n.c.r.client - [printIfInfoEnabled,60] - [8acf53f2-6fa1-4f70-bd6e-3cbfc70be840] fail to connect server,after trying 3 times, last try server is {serverIp='127.0.0.1', server main port=8848},error=unknown
03:05:12.239 [SpringApplicationShutdownHook] INFO  o.q.c.QuartzScheduler - [shutdown,666] - Scheduler RuoyiScheduler_$_wang-Yoga14sIHU20211635347851535 shutting down.
03:05:12.239 [SpringApplicationShutdownHook] INFO  o.q.c.QuartzScheduler - [standby,585] - Scheduler RuoyiScheduler_$_wang-Yoga14sIHU20211635347851535 paused.
03:05:12.239 [SpringApplicationShutdownHook] INFO  o.q.c.QuartzScheduler - [shutdown,740] - Scheduler RuoyiScheduler_$_wang-Yoga14sIHU20211635347851535 shutdown complete.
03:05:12.241 [SpringApplicationShutdownHook] INFO  c.z.h.HikariDataSource - [close,350] - HikariPool-1 - Shutdown initiated...
03:05:12.255 [SpringApplicationShutdownHook] INFO  c.z.h.HikariDataSource - [close,352] - HikariPool-1 - Shutdown completed.
08:50:22.813 [background-preinit] INFO  o.h.v.i.util.Version - [<clinit>,21] - HV000001: Hibernate Validator 6.2.0.Final
08:50:24.464 [main] INFO  c.a.n.c.c.i.LocalConfigInfoProcessor - [<clinit>,67] - LOCAL_SNAPSHOT_PATH:C:\Users\清研\nacos\config
08:50:24.467 [main] INFO  c.a.n.c.r.client - [lambda$createClient$0,77] - [RpcClientFactory] create a new rpc client of fc7d5863-662f-437e-9c61-d669ddef0abc_config-0
08:50:24.548 [main] INFO  o.r.Reflections - [scan,232] - Reflections took 35 ms to scan 1 urls, producing 3 keys and 6 values 
08:50:24.596 [main] INFO  o.r.Reflections - [scan,232] - Reflections took 28 ms to scan 1 urls, producing 4 keys and 9 values 
08:50:24.623 [main] INFO  o.r.Reflections - [scan,232] - Reflections took 18 ms to scan 1 urls, producing 3 keys and 10 values 
08:50:24.648 [main] INFO  o.r.Reflections - [scan,232] - Reflections took 15 ms to scan 1 urls, producing 1 keys and 5 values 
08:50:24.695 [main] INFO  o.r.Reflections - [scan,232] - Reflections took 43 ms to scan 1 urls, producing 1 keys and 7 values 
08:50:24.722 [main] INFO  o.r.Reflections - [scan,232] - Reflections took 23 ms to scan 1 urls, producing 2 keys and 8 values 
08:50:24.736 [main] INFO  c.a.n.c.r.client - [printIfInfoEnabled,60] - [fc7d5863-662f-437e-9c61-d669ddef0abc_config-0]RpcClient init label, labels={module=config, Vipserver-Tag=null, source=sdk, Amory-Tag=null, Location-Tag=null, taskId=0, AppName=unknown}
08:50:24.738 [main] INFO  c.a.n.c.r.client - [printIfInfoEnabled,60] - [fc7d5863-662f-437e-9c61-d669ddef0abc_config-0]Register server push request handler:com.alibaba.nacos.client.config.impl.ClientWorker$ConfigRpcTransportClient$$Lambda$452/0x0000000800415840
08:50:24.741 [main] INFO  c.a.n.c.r.client - [printIfInfoEnabled,60] - [fc7d5863-662f-437e-9c61-d669ddef0abc_config-0]Register server push request handler:com.alibaba.nacos.client.config.impl.ClientWorker$ConfigRpcTransportClient$$Lambda$453/0x0000000800415c40
08:50:24.741 [main] INFO  c.a.n.c.r.client - [printIfInfoEnabled,60] - [fc7d5863-662f-437e-9c61-d669ddef0abc_config-0]Registry connection listener to current client:com.alibaba.nacos.client.config.impl.ClientWorker$ConfigRpcTransportClient$1
08:50:24.743 [main] INFO  c.a.n.c.r.client - [printIfInfoEnabled,60] - [fc7d5863-662f-437e-9c61-d669ddef0abc_config-0]RpcClient init, ServerListFactory =com.alibaba.nacos.client.config.impl.ClientWorker$ConfigRpcTransportClient$2
08:50:24.755 [main] INFO  c.a.n.c.r.client - [printIfInfoEnabled,60] - [fc7d5863-662f-437e-9c61-d669ddef0abc_config-0] Try to connect to server on start up, server: {serverIp='127.0.0.1', server main port=8848}
08:50:27.405 [main] INFO  c.a.n.c.r.client - [printIfInfoEnabled,60] - [fc7d5863-662f-437e-9c61-d669ddef0abc_config-0] Success to connect to server [127.0.0.1:8848] on start up,connectionId=1635382227169_127.0.0.1_4024
08:50:27.406 [com.alibaba.nacos.client.remote.worker] INFO  c.a.n.c.r.client - [printIfInfoEnabled,60] - [fc7d5863-662f-437e-9c61-d669ddef0abc_config-0]Notify connected event to listeners.
08:50:27.407 [main] INFO  c.a.n.c.r.client - [printIfInfoEnabled,60] - [fc7d5863-662f-437e-9c61-d669ddef0abc_config-0]Register server push request handler:com.alibaba.nacos.common.remote.client.RpcClient$ConnectResetRequestHandler
08:50:27.407 [com.alibaba.nacos.client.remote.worker] INFO  c.a.n.c.c.i.ClientWorker - [onConnected,681] - [fc7d5863-662f-437e-9c61-d669ddef0abc_config-0] Connected,notify listen context...
08:50:27.407 [main] INFO  c.a.n.c.r.client - [printIfInfoEnabled,60] - [fc7d5863-662f-437e-9c61-d669ddef0abc_config-0]Register server push request handler:com.alibaba.nacos.common.remote.client.RpcClient$4
08:50:27.471 [main] INFO  c.a.n.c.c.i.Limiter - [<clinit>,56] - limitTime:5.0
08:50:27.504 [main] INFO  c.a.n.c.c.u.JvmUtil - [<clinit>,53] - isMultiInstance:false
08:50:27.553 [main] INFO  c.r.j.RuoYiJobApplication - [logStartupProfileInfo,663] - The following profiles are active: dev
08:50:32.533 [main] INFO  o.a.c.h.Http11NioProtocol - [log,173] - Initializing ProtocolHandler ["http-nio-9203"]
08:50:32.537 [main] INFO  o.a.c.c.StandardService - [log,173] - Starting service [Tomcat]
08:50:32.538 [main] INFO  o.a.c.c.StandardEngine - [log,173] - Starting Servlet engine: [Apache Tomcat/9.0.53]
08:50:32.820 [main] INFO  o.a.c.c.C.[.[.[/] - [log,173] - Initializing Spring embedded WebApplicationContext
08:50:33.558 [main] INFO  o.q.i.StdSchedulerFactory - [instantiate,1220] - Using default implementation for ThreadExecutor
08:50:33.576 [main] INFO  o.q.c.SchedulerSignalerImpl - [<init>,61] - Initialized Scheduler Signaller of type: class org.quartz.core.SchedulerSignalerImpl
08:50:33.578 [main] INFO  o.q.c.QuartzScheduler - [<init>,229] - Quartz Scheduler v.2.3.2 created.
08:50:33.591 [main] INFO  c.z.h.HikariDataSource - [getConnection,110] - HikariPool-1 - Starting...
08:50:33.982 [main] INFO  c.z.h.HikariDataSource - [getConnection,123] - HikariPool-1 - Start completed.
08:50:33.997 [main] INFO  o.q.c.QuartzScheduler - [initialize,294] - Scheduler meta-data: Quartz Scheduler (v2.3.2) 'RuoyiScheduler' with instanceId 'wang-Yoga14sIHU20211635382233560'
  Scheduler class: 'org.quartz.core.QuartzScheduler' - running locally.
  NOT STARTED.
  Currently in standby mode.
  Number of jobs executed: 0
  Using thread pool 'org.quartz.simpl.SimpleThreadPool' - with 20 threads.
  Using job-store 'org.springframework.scheduling.quartz.LocalDataSourceJobStore' - which supports persistence. and is clustered.

08:50:33.998 [main] INFO  o.q.i.StdSchedulerFactory - [instantiate,1374] - Quartz scheduler 'RuoyiScheduler' initialized from an externally provided properties instance.
08:50:33.998 [main] INFO  o.q.i.StdSchedulerFactory - [instantiate,1378] - Quartz scheduler version: 2.3.2
08:50:33.999 [main] INFO  o.q.c.QuartzScheduler - [setJobFactory,2293] - JobFactory set to: org.springframework.scheduling.quartz.AdaptableJobFactory@3b3b2290
08:50:35.209 [main] INFO  c.a.c.s.SentinelWebAutoConfiguration - [addInterceptors,80] - [Sentinel Starter] register SentinelWebInterceptor with urlPatterns: [/**].
08:50:35.949 [main] INFO  c.a.n.client.naming - [initNamespaceForNaming,63] - initializer namespace from System Property : null
08:50:35.951 [main] INFO  c.a.n.client.naming - [call,69] - initializer namespace from System Environment :null
08:50:35.952 [main] INFO  c.a.n.client.naming - [call,79] - initializer namespace from System Property :null
08:50:35.967 [main] INFO  c.a.n.c.r.client - [lambda$createClient$0,77] - [RpcClientFactory] create a new rpc client of 660b593f-b93e-4baa-868e-63726c752891
08:50:35.968 [main] INFO  c.a.n.c.r.client - [printIfInfoEnabled,60] - [660b593f-b93e-4baa-868e-63726c752891]RpcClient init label, labels={module=naming, source=sdk}
08:50:35.970 [main] INFO  c.a.n.c.r.client - [printIfInfoEnabled,60] - [660b593f-b93e-4baa-868e-63726c752891]RpcClient init, ServerListFactory =com.alibaba.nacos.client.naming.core.ServerListManager
08:50:35.970 [main] INFO  c.a.n.c.r.client - [printIfInfoEnabled,60] - [660b593f-b93e-4baa-868e-63726c752891]Registry connection listener to current client:com.alibaba.nacos.client.naming.remote.gprc.redo.NamingGrpcRedoService
08:50:35.971 [main] INFO  c.a.n.c.r.client - [printIfInfoEnabled,60] - [660b593f-b93e-4baa-868e-63726c752891]Register server push request handler:com.alibaba.nacos.client.naming.remote.gprc.NamingPushRequestHandler
08:50:35.971 [main] INFO  c.a.n.c.r.client - [printIfInfoEnabled,60] - [660b593f-b93e-4baa-868e-63726c752891] Try to connect to server on start up, server: {serverIp='127.0.0.1', server main port=8848}
08:50:36.091 [main] INFO  c.a.n.c.r.client - [printIfInfoEnabled,60] - [660b593f-b93e-4baa-868e-63726c752891] Success to connect to server [127.0.0.1:8848] on start up,connectionId=1635382235979_127.0.0.1_4190
08:50:36.091 [com.alibaba.nacos.client.remote.worker] INFO  c.a.n.c.r.client - [printIfInfoEnabled,60] - [660b593f-b93e-4baa-868e-63726c752891]Notify connected event to listeners.
08:50:36.091 [main] INFO  c.a.n.c.r.client - [printIfInfoEnabled,60] - [660b593f-b93e-4baa-868e-63726c752891]Register server push request handler:com.alibaba.nacos.common.remote.client.RpcClient$ConnectResetRequestHandler
08:50:36.091 [com.alibaba.nacos.client.remote.worker] INFO  c.a.n.client.naming - [onConnected,76] - Grpc connection connect
08:50:36.091 [main] INFO  c.a.n.c.r.client - [printIfInfoEnabled,60] - [660b593f-b93e-4baa-868e-63726c752891]Register server push request handler:com.alibaba.nacos.common.remote.client.RpcClient$4
08:50:39.543 [main] INFO  c.a.n.client.naming - [isChangedServiceInfo,181] - init new ips(0) service: DEFAULT_GROUP@@ruoyi-job@@DEFAULT -> []
08:50:39.552 [main] INFO  c.a.n.client.naming - [processServiceInfo,166] - current ips:(0) service: DEFAULT_GROUP@@ruoyi-job@@DEFAULT -> []
08:50:39.557 [main] INFO  o.a.c.h.Http11NioProtocol - [log,173] - Starting ProtocolHandler ["http-nio-9203"]
08:50:39.576 [main] INFO  c.a.n.client.naming - [registerService,112] - [REGISTER-SERVICE] public registering service ruoyi-job with instance Instance{instanceId='null', ip='10.131.41.89', port=9203, weight=1.0, healthy=true, enabled=true, ephemeral=true, clusterName='DEFAULT', serviceName='null', metadata={preserved.register.source=SPRING_CLOUD}}
08:50:39.584 [main] INFO  c.a.c.n.r.NacosServiceRegistry - [register,75] - nacos registry, DEFAULT_GROUP ruoyi-job 10.131.41.89:9203 register finished
08:50:40.061 [nacos-grpc-client-executor-7] INFO  c.a.n.c.r.client - [printIfInfoEnabled,60] - [660b593f-b93e-4baa-868e-63726c752891]receive server push request,request=NotifySubscriberRequest,requestId=7
08:50:40.063 [nacos-grpc-client-executor-7] INFO  c.a.n.client.naming - [isChangedServiceInfo,181] - init new ips(1) service: DEFAULT_GROUP@@ruoyi-job -> [{"ip":"10.131.41.89","port":9203,"weight":1.0,"healthy":true,"enabled":true,"ephemeral":true,"clusterName":"DEFAULT","serviceName":"DEFAULT_GROUP@@ruoyi-job","metadata":{"preserved.register.source":"SPRING_CLOUD"},"ipDeleteTimeout":30000,"instanceHeartBeatInterval":5000,"instanceHeartBeatTimeOut":15000}]
08:50:40.063 [nacos-grpc-client-executor-7] INFO  c.a.n.client.naming - [processServiceInfo,166] - current ips:(1) service: DEFAULT_GROUP@@ruoyi-job -> [{"ip":"10.131.41.89","port":9203,"weight":1.0,"healthy":true,"enabled":true,"ephemeral":true,"clusterName":"DEFAULT","serviceName":"DEFAULT_GROUP@@ruoyi-job","metadata":{"preserved.register.source":"SPRING_CLOUD"},"ipDeleteTimeout":30000,"instanceHeartBeatInterval":5000,"instanceHeartBeatTimeOut":15000}]
08:50:40.065 [nacos-grpc-client-executor-7] INFO  c.a.n.c.r.client - [printIfInfoEnabled,60] - [660b593f-b93e-4baa-868e-63726c752891]ack server push request,request=NotifySubscriberRequest,requestId=7
08:50:40.078 [main] INFO  c.r.j.RuoYiJobApplication - [logStarted,61] - Started RuoYiJobApplication in 19.071 seconds (JVM running for 22.58)
08:50:40.090 [main] INFO  c.a.n.c.c.i.ClientWorker - [addCacheDataIfAbsent,384] - [config_rpc_client] [subscribe] ruoyi-job+DEFAULT_GROUP
08:50:40.091 [main] INFO  c.a.n.c.c.i.CacheData - [addListener,173] - [config_rpc_client] [add-listener] ok, tenant=, dataId=ruoyi-job, group=DEFAULT_GROUP, cnt=1
08:50:40.093 [main] INFO  c.a.n.c.c.i.ClientWorker - [addCacheDataIfAbsent,384] - [config_rpc_client] [subscribe] ruoyi-job-dev.yml+DEFAULT_GROUP
08:50:40.093 [main] INFO  c.a.n.c.c.i.CacheData - [addListener,173] - [config_rpc_client] [add-listener] ok, tenant=, dataId=ruoyi-job-dev.yml, group=DEFAULT_GROUP, cnt=1
08:50:40.093 [main] INFO  c.a.n.c.c.i.ClientWorker - [addCacheDataIfAbsent,384] - [config_rpc_client] [subscribe] ruoyi-job.yml+DEFAULT_GROUP
08:50:40.094 [main] INFO  c.a.n.c.c.i.CacheData - [addListener,173] - [config_rpc_client] [add-listener] ok, tenant=, dataId=ruoyi-job.yml, group=DEFAULT_GROUP, cnt=1
08:50:40.545 [com.alibaba.nacos.client.naming.updater.0] INFO  c.a.n.client.naming - [isChangedServiceInfo,235] - new ips(1) service: DEFAULT_GROUP@@ruoyi-job@@DEFAULT -> [{"ip":"10.131.41.89","port":9203,"weight":1.0,"healthy":true,"enabled":true,"ephemeral":true,"clusterName":"DEFAULT","serviceName":"DEFAULT_GROUP@@ruoyi-job","metadata":{"preserved.register.source":"SPRING_CLOUD"},"ipDeleteTimeout":30000,"instanceHeartBeatInterval":5000,"instanceHeartBeatTimeOut":15000}]
08:50:40.545 [com.alibaba.nacos.client.naming.updater.0] INFO  c.a.n.client.naming - [processServiceInfo,166] - current ips:(1) service: DEFAULT_GROUP@@ruoyi-job@@DEFAULT -> [{"ip":"10.131.41.89","port":9203,"weight":1.0,"healthy":true,"enabled":true,"ephemeral":true,"clusterName":"DEFAULT","serviceName":"DEFAULT_GROUP@@ruoyi-job","metadata":{"preserved.register.source":"SPRING_CLOUD"},"ipDeleteTimeout":30000,"instanceHeartBeatInterval":5000,"instanceHeartBeatTimeOut":15000}]
08:50:40.781 [RMI TCP Connection(7)-10.131.41.89] INFO  o.a.c.c.C.[.[.[/] - [log,173] - Initializing Spring DispatcherServlet 'dispatcherServlet'
08:50:41.081 [Quartz Scheduler [RuoyiScheduler]] INFO  o.q.c.QuartzScheduler - [start,547] - Scheduler RuoyiScheduler_$_wang-Yoga14sIHU20211635382233560 started.
09:00:05.168 [SpringApplicationShutdownHook] INFO  o.q.c.QuartzScheduler - [standby,585] - Scheduler RuoyiScheduler_$_wang-Yoga14sIHU20211635382233560 paused.
09:00:05.374 [SpringApplicationShutdownHook] INFO  c.a.c.n.r.NacosServiceRegistry - [deregister,90] - De-registering from Nacos Server now...
09:00:05.374 [SpringApplicationShutdownHook] INFO  c.a.n.client.naming - [deregisterService,136] - [DEREGISTER-SERVICE] public deregistering service ruoyi-job with instance: Instance{instanceId='null', ip='10.131.41.89', port=9203, weight=1.0, healthy=true, enabled=true, ephemeral=true, clusterName='DEFAULT', serviceName='null', metadata={}}
09:00:05.376 [SpringApplicationShutdownHook] INFO  c.a.c.n.r.NacosServiceRegistry - [deregister,110] - De-registration finished.
09:00:05.377 [SpringApplicationShutdownHook] INFO  c.a.n.client.naming - [shutdown,256] - com.alibaba.nacos.client.naming.cache.ServiceInfoHolder do shutdown begin
09:00:05.377 [SpringApplicationShutdownHook] INFO  c.a.n.client.naming - [shutdown,140] - com.alibaba.nacos.client.naming.backups.FailoverReactor do shutdown begin
09:00:05.377 [SpringApplicationShutdownHook] INFO  c.a.n.client.naming - [shutdown,142] - com.alibaba.nacos.client.naming.backups.FailoverReactor do shutdown stop
09:00:05.377 [SpringApplicationShutdownHook] INFO  c.a.n.client.naming - [shutdown,258] - com.alibaba.nacos.client.naming.cache.ServiceInfoHolder do shutdown stop
09:00:05.378 [SpringApplicationShutdownHook] INFO  c.a.n.client.naming - [shutdown,176] - com.alibaba.nacos.client.naming.remote.NamingClientProxyDelegate do shutdown begin
09:00:05.378 [SpringApplicationShutdownHook] INFO  c.a.n.client.naming - [shutdown,130] - com.alibaba.nacos.client.naming.core.ServiceInfoUpdateService do shutdown begin
09:00:05.719 [SpringApplicationShutdownHook] INFO  c.a.n.client.naming - [shutdown,132] - com.alibaba.nacos.client.naming.core.ServiceInfoUpdateService do shutdown stop
09:00:05.720 [SpringApplicationShutdownHook] INFO  c.a.n.client.naming - [shutdown,188] - com.alibaba.nacos.client.naming.core.ServerListManager do shutdown begin
09:00:05.720 [SpringApplicationShutdownHook] INFO  c.a.n.client.naming - [shutdown,193] - com.alibaba.nacos.client.naming.core.ServerListManager do shutdown stop
09:00:05.720 [SpringApplicationShutdownHook] INFO  c.a.n.client.naming - [shutdown,519] - com.alibaba.nacos.client.naming.remote.http.NamingHttpClientProxy do shutdown begin
09:00:05.720 [SpringApplicationShutdownHook] INFO  c.a.n.client.naming - [shutdown,162] - com.alibaba.nacos.client.naming.beat.BeatReactor do shutdown begin
09:00:05.720 [SpringApplicationShutdownHook] INFO  c.a.n.client.naming - [shutdown,164] - com.alibaba.nacos.client.naming.beat.BeatReactor do shutdown stop
09:00:05.721 [SpringApplicationShutdownHook] INFO  c.a.n.c.i.CredentialWatcher - [stop,105] - [null] CredentialWatcher is stopped
09:00:05.721 [SpringApplicationShutdownHook] INFO  c.a.n.c.i.CredentialService - [free,99] - [null] CredentialService is freed
09:00:05.721 [SpringApplicationShutdownHook] INFO  c.a.n.client.naming - [shutdown,523] - com.alibaba.nacos.client.naming.remote.http.NamingHttpClientProxy do shutdown stop
09:00:05.721 [SpringApplicationShutdownHook] INFO  c.a.n.c.r.client - [shutdown,461] - Shutdown rpc client ,set status to shutdown
09:00:05.721 [SpringApplicationShutdownHook] INFO  c.a.n.c.r.client - [shutdown,463] - Shutdown  client event executor java.util.concurrent.ScheduledThreadPoolExecutor@19a2cdfa[Running, pool size = 2, active threads = 2, queued tasks = 0, completed tasks = 0]
09:00:05.722 [SpringApplicationShutdownHook] INFO  c.a.n.c.r.client - [shutdown,465] - Close current connection 1635382235979_127.0.0.1_4190
09:00:05.776 [SpringApplicationShutdownHook] INFO  c.a.n.c.r.c.g.GrpcClient - [shutdown,83] - Shutdown grpc executor java.util.concurrent.ThreadPoolExecutor@4119aaa8[Running, pool size = 4, active threads = 1, queued tasks = 0, completed tasks = 125]
09:00:05.777 [SpringApplicationShutdownHook] INFO  c.a.n.client.naming - [shutdown,251] - Shutdown grpc redo service executor java.util.concurrent.ScheduledThreadPoolExecutor@3033962d[Running, pool size = 1, active threads = 0, queued tasks = 1, completed tasks = 189]
09:00:05.777 [SpringApplicationShutdownHook] INFO  c.a.n.client.naming - [shutdown,182] - com.alibaba.nacos.client.naming.remote.NamingClientProxyDelegate do shutdown stop
09:00:05.778 [nacos-grpc-client-executor-125] INFO  c.a.n.c.r.c.g.GrpcClient - [printIfInfoEnabled,60] - [1635382235979_127.0.0.1_4190]Ignore complete event,isRunning:false,isAbandon=false
09:00:05.900 [SpringApplicationShutdownHook] INFO  o.q.c.QuartzScheduler - [shutdown,666] - Scheduler RuoyiScheduler_$_wang-Yoga14sIHU20211635382233560 shutting down.
09:00:05.901 [SpringApplicationShutdownHook] INFO  o.q.c.QuartzScheduler - [standby,585] - Scheduler RuoyiScheduler_$_wang-Yoga14sIHU20211635382233560 paused.
09:00:05.902 [SpringApplicationShutdownHook] INFO  o.q.c.QuartzScheduler - [shutdown,740] - Scheduler RuoyiScheduler_$_wang-Yoga14sIHU20211635382233560 shutdown complete.
09:00:05.902 [SpringApplicationShutdownHook] INFO  c.z.h.HikariDataSource - [close,350] - HikariPool-1 - Shutdown initiated...
09:00:05.909 [SpringApplicationShutdownHook] INFO  c.z.h.HikariDataSource - [close,352] - HikariPool-1 - Shutdown completed.
14:48:28.875 [background-preinit] INFO  o.h.v.i.util.Version - [<clinit>,21] - HV000001: Hibernate Validator 6.2.0.Final
14:48:29.735 [main] INFO  c.a.n.c.c.i.LocalConfigInfoProcessor - [<clinit>,67] - LOCAL_SNAPSHOT_PATH:C:\Users\清研\nacos\config
14:48:29.738 [main] INFO  c.a.n.c.r.client - [lambda$createClient$0,77] - [RpcClientFactory] create a new rpc client of 40397124-b657-455f-8412-4bc04290f426_config-0
14:48:29.774 [main] INFO  o.r.Reflections - [scan,232] - Reflections took 22 ms to scan 1 urls, producing 3 keys and 6 values 
14:48:29.800 [main] INFO  o.r.Reflections - [scan,232] - Reflections took 14 ms to scan 1 urls, producing 4 keys and 9 values 
14:48:29.812 [main] INFO  o.r.Reflections - [scan,232] - Reflections took 10 ms to scan 1 urls, producing 3 keys and 10 values 
14:48:29.831 [main] INFO  o.r.Reflections - [scan,232] - Reflections took 15 ms to scan 1 urls, producing 1 keys and 5 values 
14:48:29.847 [main] INFO  o.r.Reflections - [scan,232] - Reflections took 13 ms to scan 1 urls, producing 1 keys and 7 values 
14:48:29.862 [main] INFO  o.r.Reflections - [scan,232] - Reflections took 12 ms to scan 1 urls, producing 2 keys and 8 values 
14:48:29.867 [main] INFO  c.a.n.c.r.client - [printIfInfoEnabled,60] - [40397124-b657-455f-8412-4bc04290f426_config-0]RpcClient init label, labels={module=config, Vipserver-Tag=null, source=sdk, Amory-Tag=null, Location-Tag=null, taskId=0, AppName=unknown}
14:48:29.867 [main] INFO  c.a.n.c.r.client - [printIfInfoEnabled,60] - [40397124-b657-455f-8412-4bc04290f426_config-0]Register server push request handler:com.alibaba.nacos.client.config.impl.ClientWorker$ConfigRpcTransportClient$$Lambda$452/0x000000080040a040
14:48:29.868 [main] INFO  c.a.n.c.r.client - [printIfInfoEnabled,60] - [40397124-b657-455f-8412-4bc04290f426_config-0]Register server push request handler:com.alibaba.nacos.client.config.impl.ClientWorker$ConfigRpcTransportClient$$Lambda$453/0x000000080040a440
14:48:29.868 [main] INFO  c.a.n.c.r.client - [printIfInfoEnabled,60] - [40397124-b657-455f-8412-4bc04290f426_config-0]Registry connection listener to current client:com.alibaba.nacos.client.config.impl.ClientWorker$ConfigRpcTransportClient$1
14:48:29.869 [main] INFO  c.a.n.c.r.client - [printIfInfoEnabled,60] - [40397124-b657-455f-8412-4bc04290f426_config-0]RpcClient init, ServerListFactory =com.alibaba.nacos.client.config.impl.ClientWorker$ConfigRpcTransportClient$2
14:48:29.876 [main] INFO  c.a.n.c.r.client - [printIfInfoEnabled,60] - [40397124-b657-455f-8412-4bc04290f426_config-0] Try to connect to server on start up, server: {serverIp='127.0.0.1', server main port=8848}
14:48:32.018 [main] INFO  c.a.n.c.r.client - [printIfInfoEnabled,60] - [40397124-b657-455f-8412-4bc04290f426_config-0] Success to connect to server [127.0.0.1:8848] on start up,connectionId=1635403711765_127.0.0.1_1353
14:48:32.018 [com.alibaba.nacos.client.remote.worker] INFO  c.a.n.c.r.client - [printIfInfoEnabled,60] - [40397124-b657-455f-8412-4bc04290f426_config-0]Notify connected event to listeners.
14:48:32.019 [com.alibaba.nacos.client.remote.worker] INFO  c.a.n.c.c.i.ClientWorker - [onConnected,681] - [40397124-b657-455f-8412-4bc04290f426_config-0] Connected,notify listen context...
14:48:32.019 [main] INFO  c.a.n.c.r.client - [printIfInfoEnabled,60] - [40397124-b657-455f-8412-4bc04290f426_config-0]Register server push request handler:com.alibaba.nacos.common.remote.client.RpcClient$ConnectResetRequestHandler
14:48:32.021 [main] INFO  c.a.n.c.r.client - [printIfInfoEnabled,60] - [40397124-b657-455f-8412-4bc04290f426_config-0]Register server push request handler:com.alibaba.nacos.common.remote.client.RpcClient$4
14:48:32.065 [main] INFO  c.a.n.c.c.i.Limiter - [<clinit>,56] - limitTime:5.0
14:48:32.086 [main] INFO  c.a.n.c.c.u.JvmUtil - [<clinit>,53] - isMultiInstance:false
14:48:32.124 [main] INFO  c.r.j.RuoYiJobApplication - [logStartupProfileInfo,663] - The following profiles are active: dev
14:48:34.534 [main] INFO  o.a.c.h.Http11NioProtocol - [log,173] - Initializing ProtocolHandler ["http-nio-9203"]
14:48:34.534 [main] INFO  o.a.c.c.StandardService - [log,173] - Starting service [Tomcat]
14:48:34.534 [main] INFO  o.a.c.c.StandardEngine - [log,173] - Starting Servlet engine: [Apache Tomcat/9.0.53]
14:48:34.685 [main] INFO  o.a.c.c.C.[.[.[/] - [log,173] - Initializing Spring embedded WebApplicationContext
14:48:35.002 [main] INFO  o.q.i.StdSchedulerFactory - [instantiate,1220] - Using default implementation for ThreadExecutor
14:48:35.013 [main] INFO  o.q.c.SchedulerSignalerImpl - [<init>,61] - Initialized Scheduler Signaller of type: class org.quartz.core.SchedulerSignalerImpl
14:48:35.014 [main] INFO  o.q.c.QuartzScheduler - [<init>,229] - Quartz Scheduler v.2.3.2 created.
14:48:35.024 [main] INFO  c.z.h.HikariDataSource - [getConnection,110] - HikariPool-1 - Starting...
14:48:35.373 [main] INFO  c.z.h.HikariDataSource - [getConnection,123] - HikariPool-1 - Start completed.
14:48:35.386 [main] INFO  o.q.c.QuartzScheduler - [initialize,294] - Scheduler meta-data: Quartz Scheduler (v2.3.2) 'RuoyiScheduler' with instanceId 'wang-Yoga14sIHU20211635403715004'
  Scheduler class: 'org.quartz.core.QuartzScheduler' - running locally.
  NOT STARTED.
  Currently in standby mode.
  Number of jobs executed: 0
  Using thread pool 'org.quartz.simpl.SimpleThreadPool' - with 20 threads.
  Using job-store 'org.springframework.scheduling.quartz.LocalDataSourceJobStore' - which supports persistence. and is clustered.

14:48:35.387 [main] INFO  o.q.i.StdSchedulerFactory - [instantiate,1374] - Quartz scheduler 'RuoyiScheduler' initialized from an externally provided properties instance.
14:48:35.387 [main] INFO  o.q.i.StdSchedulerFactory - [instantiate,1378] - Quartz scheduler version: 2.3.2
14:48:35.388 [main] INFO  o.q.c.QuartzScheduler - [setJobFactory,2293] - JobFactory set to: org.springframework.scheduling.quartz.AdaptableJobFactory@18c26588
14:48:36.290 [main] INFO  c.a.c.s.SentinelWebAutoConfiguration - [addInterceptors,80] - [Sentinel Starter] register SentinelWebInterceptor with urlPatterns: [/**].
14:48:36.992 [main] INFO  c.a.n.client.naming - [initNamespaceForNaming,63] - initializer namespace from System Property : null
14:48:36.993 [main] INFO  c.a.n.client.naming - [call,69] - initializer namespace from System Environment :null
14:48:36.993 [main] INFO  c.a.n.client.naming - [call,79] - initializer namespace from System Property :null
14:48:37.005 [main] INFO  c.a.n.c.r.client - [lambda$createClient$0,77] - [RpcClientFactory] create a new rpc client of a883652a-7c6f-497e-94f4-86909ec597b7
14:48:37.005 [main] INFO  c.a.n.c.r.client - [printIfInfoEnabled,60] - [a883652a-7c6f-497e-94f4-86909ec597b7]RpcClient init label, labels={module=naming, source=sdk}
14:48:37.007 [main] INFO  c.a.n.c.r.client - [printIfInfoEnabled,60] - [a883652a-7c6f-497e-94f4-86909ec597b7]RpcClient init, ServerListFactory =com.alibaba.nacos.client.naming.core.ServerListManager
14:48:37.007 [main] INFO  c.a.n.c.r.client - [printIfInfoEnabled,60] - [a883652a-7c6f-497e-94f4-86909ec597b7]Registry connection listener to current client:com.alibaba.nacos.client.naming.remote.gprc.redo.NamingGrpcRedoService
14:48:37.007 [main] INFO  c.a.n.c.r.client - [printIfInfoEnabled,60] - [a883652a-7c6f-497e-94f4-86909ec597b7]Register server push request handler:com.alibaba.nacos.client.naming.remote.gprc.NamingPushRequestHandler
14:48:37.008 [main] INFO  c.a.n.c.r.client - [printIfInfoEnabled,60] - [a883652a-7c6f-497e-94f4-86909ec597b7] Try to connect to server on start up, server: {serverIp='127.0.0.1', server main port=8848}
14:48:37.129 [main] INFO  c.a.n.c.r.client - [printIfInfoEnabled,60] - [a883652a-7c6f-497e-94f4-86909ec597b7] Success to connect to server [127.0.0.1:8848] on start up,connectionId=1635403717016_127.0.0.1_1431
14:48:37.129 [main] INFO  c.a.n.c.r.client - [printIfInfoEnabled,60] - [a883652a-7c6f-497e-94f4-86909ec597b7]Register server push request handler:com.alibaba.nacos.common.remote.client.RpcClient$ConnectResetRequestHandler
14:48:37.129 [com.alibaba.nacos.client.remote.worker] INFO  c.a.n.c.r.client - [printIfInfoEnabled,60] - [a883652a-7c6f-497e-94f4-86909ec597b7]Notify connected event to listeners.
14:48:37.129 [main] INFO  c.a.n.c.r.client - [printIfInfoEnabled,60] - [a883652a-7c6f-497e-94f4-86909ec597b7]Register server push request handler:com.alibaba.nacos.common.remote.client.RpcClient$4
14:48:37.129 [com.alibaba.nacos.client.remote.worker] INFO  c.a.n.client.naming - [onConnected,76] - Grpc connection connect
14:48:39.011 [main] INFO  c.a.n.client.naming - [isChangedServiceInfo,181] - init new ips(0) service: DEFAULT_GROUP@@ruoyi-job@@DEFAULT -> []
14:48:39.019 [main] INFO  c.a.n.client.naming - [processServiceInfo,166] - current ips:(0) service: DEFAULT_GROUP@@ruoyi-job@@DEFAULT -> []
14:48:39.023 [main] INFO  o.a.c.h.Http11NioProtocol - [log,173] - Starting ProtocolHandler ["http-nio-9203"]
14:48:39.040 [main] INFO  c.a.n.client.naming - [registerService,112] - [REGISTER-SERVICE] public registering service ruoyi-job with instance Instance{instanceId='null', ip='10.131.41.89', port=9203, weight=1.0, healthy=true, enabled=true, ephemeral=true, clusterName='DEFAULT', serviceName='null', metadata={preserved.register.source=SPRING_CLOUD}}
14:48:39.045 [main] INFO  c.a.c.n.r.NacosServiceRegistry - [register,75] - nacos registry, DEFAULT_GROUP ruoyi-job 10.131.41.89:9203 register finished
14:48:39.445 [main] INFO  c.r.j.RuoYiJobApplication - [logStarted,61] - Started RuoYiJobApplication in 11.403 seconds (JVM running for 12.691)
14:48:39.452 [main] INFO  c.a.n.c.c.i.ClientWorker - [addCacheDataIfAbsent,384] - [config_rpc_client] [subscribe] ruoyi-job+DEFAULT_GROUP
14:48:39.452 [main] INFO  c.a.n.c.c.i.CacheData - [addListener,173] - [config_rpc_client] [add-listener] ok, tenant=, dataId=ruoyi-job, group=DEFAULT_GROUP, cnt=1
14:48:39.454 [main] INFO  c.a.n.c.c.i.ClientWorker - [addCacheDataIfAbsent,384] - [config_rpc_client] [subscribe] ruoyi-job-dev.yml+DEFAULT_GROUP
14:48:39.454 [main] INFO  c.a.n.c.c.i.CacheData - [addListener,173] - [config_rpc_client] [add-listener] ok, tenant=, dataId=ruoyi-job-dev.yml, group=DEFAULT_GROUP, cnt=1
14:48:39.454 [main] INFO  c.a.n.c.c.i.ClientWorker - [addCacheDataIfAbsent,384] - [config_rpc_client] [subscribe] ruoyi-job.yml+DEFAULT_GROUP
14:48:39.454 [main] INFO  c.a.n.c.c.i.CacheData - [addListener,173] - [config_rpc_client] [add-listener] ok, tenant=, dataId=ruoyi-job.yml, group=DEFAULT_GROUP, cnt=1
14:48:39.535 [nacos-grpc-client-executor-8] INFO  c.a.n.c.r.client - [printIfInfoEnabled,60] - [a883652a-7c6f-497e-94f4-86909ec597b7]receive server push request,request=NotifySubscriberRequest,requestId=232
14:48:39.538 [nacos-grpc-client-executor-8] INFO  c.a.n.client.naming - [isChangedServiceInfo,181] - init new ips(1) service: DEFAULT_GROUP@@ruoyi-job -> [{"ip":"10.131.41.89","port":9203,"weight":1.0,"healthy":true,"enabled":true,"ephemeral":true,"clusterName":"DEFAULT","serviceName":"DEFAULT_GROUP@@ruoyi-job","metadata":{"preserved.register.source":"SPRING_CLOUD"},"instanceHeartBeatTimeOut":15000,"ipDeleteTimeout":30000,"instanceHeartBeatInterval":5000}]
14:48:39.539 [nacos-grpc-client-executor-8] INFO  c.a.n.client.naming - [processServiceInfo,166] - current ips:(1) service: DEFAULT_GROUP@@ruoyi-job -> [{"ip":"10.131.41.89","port":9203,"weight":1.0,"healthy":true,"enabled":true,"ephemeral":true,"clusterName":"DEFAULT","serviceName":"DEFAULT_GROUP@@ruoyi-job","metadata":{"preserved.register.source":"SPRING_CLOUD"},"instanceHeartBeatTimeOut":15000,"ipDeleteTimeout":30000,"instanceHeartBeatInterval":5000}]
14:48:39.540 [nacos-grpc-client-executor-8] INFO  c.a.n.c.r.client - [printIfInfoEnabled,60] - [a883652a-7c6f-497e-94f4-86909ec597b7]ack server push request,request=NotifySubscriberRequest,requestId=232
14:48:39.932 [RMI TCP Connection(3)-10.131.41.89] INFO  o.a.c.c.C.[.[.[/] - [log,173] - Initializing Spring DispatcherServlet 'dispatcherServlet'
14:48:40.010 [com.alibaba.nacos.client.naming.updater.0] INFO  c.a.n.client.naming - [isChangedServiceInfo,235] - new ips(1) service: DEFAULT_GROUP@@ruoyi-job@@DEFAULT -> [{"ip":"10.131.41.89","port":9203,"weight":1.0,"healthy":true,"enabled":true,"ephemeral":true,"clusterName":"DEFAULT","serviceName":"DEFAULT_GROUP@@ruoyi-job","metadata":{"preserved.register.source":"SPRING_CLOUD"},"instanceHeartBeatTimeOut":15000,"ipDeleteTimeout":30000,"instanceHeartBeatInterval":5000}]
14:48:40.010 [com.alibaba.nacos.client.naming.updater.0] INFO  c.a.n.client.naming - [processServiceInfo,166] - current ips:(1) service: DEFAULT_GROUP@@ruoyi-job@@DEFAULT -> [{"ip":"10.131.41.89","port":9203,"weight":1.0,"healthy":true,"enabled":true,"ephemeral":true,"clusterName":"DEFAULT","serviceName":"DEFAULT_GROUP@@ruoyi-job","metadata":{"preserved.register.source":"SPRING_CLOUD"},"instanceHeartBeatTimeOut":15000,"ipDeleteTimeout":30000,"instanceHeartBeatInterval":5000}]
14:48:40.448 [Quartz Scheduler [RuoyiScheduler]] INFO  o.q.c.QuartzScheduler - [start,547] - Scheduler RuoyiScheduler_$_wang-Yoga14sIHU20211635403715004 started.
15:33:55.287 [SpringApplicationShutdownHook] INFO  o.q.c.QuartzScheduler - [standby,585] - Scheduler RuoyiScheduler_$_wang-Yoga14sIHU20211635403715004 paused.
15:33:55.413 [SpringApplicationShutdownHook] INFO  c.a.c.n.r.NacosServiceRegistry - [deregister,90] - De-registering from Nacos Server now...
15:33:55.414 [SpringApplicationShutdownHook] INFO  c.a.n.client.naming - [deregisterService,136] - [DEREGISTER-SERVICE] public deregistering service ruoyi-job with instance: Instance{instanceId='null', ip='10.131.41.89', port=9203, weight=1.0, healthy=true, enabled=true, ephemeral=true, clusterName='DEFAULT', serviceName='null', metadata={}}
15:33:55.415 [SpringApplicationShutdownHook] INFO  c.a.c.n.r.NacosServiceRegistry - [deregister,110] - De-registration finished.
15:33:55.416 [SpringApplicationShutdownHook] INFO  c.a.n.client.naming - [shutdown,256] - com.alibaba.nacos.client.naming.cache.ServiceInfoHolder do shutdown begin
15:33:55.416 [SpringApplicationShutdownHook] INFO  c.a.n.client.naming - [shutdown,140] - com.alibaba.nacos.client.naming.backups.FailoverReactor do shutdown begin
15:33:55.416 [SpringApplicationShutdownHook] INFO  c.a.n.client.naming - [shutdown,142] - com.alibaba.nacos.client.naming.backups.FailoverReactor do shutdown stop
15:33:55.416 [SpringApplicationShutdownHook] INFO  c.a.n.client.naming - [shutdown,258] - com.alibaba.nacos.client.naming.cache.ServiceInfoHolder do shutdown stop
15:33:55.416 [SpringApplicationShutdownHook] INFO  c.a.n.client.naming - [shutdown,176] - com.alibaba.nacos.client.naming.remote.NamingClientProxyDelegate do shutdown begin
15:33:55.416 [SpringApplicationShutdownHook] INFO  c.a.n.client.naming - [shutdown,130] - com.alibaba.nacos.client.naming.core.ServiceInfoUpdateService do shutdown begin
15:33:55.719 [SpringApplicationShutdownHook] INFO  c.a.n.client.naming - [shutdown,132] - com.alibaba.nacos.client.naming.core.ServiceInfoUpdateService do shutdown stop
15:33:55.719 [SpringApplicationShutdownHook] INFO  c.a.n.client.naming - [shutdown,188] - com.alibaba.nacos.client.naming.core.ServerListManager do shutdown begin
15:33:55.719 [SpringApplicationShutdownHook] INFO  c.a.n.client.naming - [shutdown,193] - com.alibaba.nacos.client.naming.core.ServerListManager do shutdown stop
15:33:55.720 [SpringApplicationShutdownHook] INFO  c.a.n.client.naming - [shutdown,519] - com.alibaba.nacos.client.naming.remote.http.NamingHttpClientProxy do shutdown begin
15:33:55.720 [SpringApplicationShutdownHook] INFO  c.a.n.client.naming - [shutdown,162] - com.alibaba.nacos.client.naming.beat.BeatReactor do shutdown begin
15:33:55.720 [SpringApplicationShutdownHook] INFO  c.a.n.client.naming - [shutdown,164] - com.alibaba.nacos.client.naming.beat.BeatReactor do shutdown stop
15:33:55.720 [SpringApplicationShutdownHook] INFO  c.a.n.c.i.CredentialWatcher - [stop,105] - [null] CredentialWatcher is stopped
15:33:55.720 [SpringApplicationShutdownHook] INFO  c.a.n.c.i.CredentialService - [free,99] - [null] CredentialService is freed
15:33:55.720 [SpringApplicationShutdownHook] INFO  c.a.n.client.naming - [shutdown,523] - com.alibaba.nacos.client.naming.remote.http.NamingHttpClientProxy do shutdown stop
15:33:55.720 [SpringApplicationShutdownHook] INFO  c.a.n.c.r.client - [shutdown,461] - Shutdown rpc client ,set status to shutdown
15:33:55.720 [SpringApplicationShutdownHook] INFO  c.a.n.c.r.client - [shutdown,463] - Shutdown  client event executor java.util.concurrent.ScheduledThreadPoolExecutor@352fd2a0[Running, pool size = 2, active threads = 2, queued tasks = 0, completed tasks = 0]
15:33:55.721 [SpringApplicationShutdownHook] INFO  c.a.n.c.r.client - [shutdown,465] - Close current connection 1635403717016_127.0.0.1_1431
15:33:55.722 [nacos-grpc-client-executor-564] INFO  c.a.n.c.r.c.g.GrpcClient - [printIfInfoEnabled,60] - [1635403717016_127.0.0.1_1431]Ignore complete event,isRunning:false,isAbandon=false
15:33:55.734 [SpringApplicationShutdownHook] INFO  c.a.n.c.r.c.g.GrpcClient - [shutdown,83] - Shutdown grpc executor java.util.concurrent.ThreadPoolExecutor@193f5b81[Running, pool size = 5, active threads = 0, queued tasks = 0, completed tasks = 565]
15:33:55.734 [SpringApplicationShutdownHook] INFO  c.a.n.client.naming - [shutdown,251] - Shutdown grpc redo service executor java.util.concurrent.ScheduledThreadPoolExecutor@6842eccc[Running, pool size = 1, active threads = 0, queued tasks = 1, completed tasks = 905]
15:33:55.734 [SpringApplicationShutdownHook] INFO  c.a.n.client.naming - [shutdown,182] - com.alibaba.nacos.client.naming.remote.NamingClientProxyDelegate do shutdown stop
15:33:55.855 [SpringApplicationShutdownHook] INFO  o.q.c.QuartzScheduler - [shutdown,666] - Scheduler RuoyiScheduler_$_wang-Yoga14sIHU20211635403715004 shutting down.
15:33:55.855 [SpringApplicationShutdownHook] INFO  o.q.c.QuartzScheduler - [standby,585] - Scheduler RuoyiScheduler_$_wang-Yoga14sIHU20211635403715004 paused.
15:33:55.856 [SpringApplicationShutdownHook] INFO  o.q.c.QuartzScheduler - [shutdown,740] - Scheduler RuoyiScheduler_$_wang-Yoga14sIHU20211635403715004 shutdown complete.
15:33:55.856 [SpringApplicationShutdownHook] INFO  c.z.h.HikariDataSource - [close,350] - HikariPool-1 - Shutdown initiated...
15:33:55.861 [SpringApplicationShutdownHook] INFO  c.z.h.HikariDataSource - [close,352] - HikariPool-1 - Shutdown completed.
