16:18:42.200 [background-preinit] INFO  o.h.v.i.util.Version - [<clinit>,21] - HV000001: Hibernate Validator 6.2.0.Final
16:18:42.753 [main] INFO  c.a.n.c.c.i.LocalConfigInfoProcessor - [<clinit>,67] - LOCAL_SNAPSHOT_PATH:C:\Users\清研\nacos\config
16:18:42.754 [main] INFO  c.a.n.c.r.client - [lambda$createClient$0,77] - [RpcClientFactory] create a new rpc client of 7065d584-8849-4783-aa6e-7d1c57f896f9_config-0
16:18:42.788 [main] INFO  o.r.Reflections - [scan,232] - Reflections took 18 ms to scan 1 urls, producing 3 keys and 6 values 
16:18:42.805 [main] INFO  o.r.Reflections - [scan,232] - Reflections took 8 ms to scan 1 urls, producing 4 keys and 9 values 
16:18:42.814 [main] INFO  o.r.Reflections - [scan,232] - Reflections took 7 ms to scan 1 urls, producing 3 keys and 10 values 
16:18:42.824 [main] INFO  o.r.Reflections - [scan,232] - Reflections took 7 ms to scan 1 urls, producing 1 keys and 5 values 
16:18:42.834 [main] INFO  o.r.Reflections - [scan,232] - Reflections took 8 ms to scan 1 urls, producing 1 keys and 7 values 
16:18:42.844 [main] INFO  o.r.Reflections - [scan,232] - Reflections took 7 ms to scan 1 urls, producing 2 keys and 8 values 
16:18:42.846 [main] INFO  c.a.n.c.r.client - [printIfInfoEnabled,60] - [7065d584-8849-4783-aa6e-7d1c57f896f9_config-0]RpcClient init label, labels={module=config, Vipserver-Tag=null, source=sdk, Amory-Tag=null, Location-Tag=null, taskId=0, AppName=unknown}
16:18:42.847 [main] INFO  c.a.n.c.r.client - [printIfInfoEnabled,60] - [7065d584-8849-4783-aa6e-7d1c57f896f9_config-0]Register server push request handler:com.alibaba.nacos.client.config.impl.ClientWorker$ConfigRpcTransportClient$$Lambda$450/0x000000080040a840
16:18:42.847 [main] INFO  c.a.n.c.r.client - [printIfInfoEnabled,60] - [7065d584-8849-4783-aa6e-7d1c57f896f9_config-0]Register server push request handler:com.alibaba.nacos.client.config.impl.ClientWorker$ConfigRpcTransportClient$$Lambda$451/0x000000080040ac40
16:18:42.847 [main] INFO  c.a.n.c.r.client - [printIfInfoEnabled,60] - [7065d584-8849-4783-aa6e-7d1c57f896f9_config-0]Registry connection listener to current client:com.alibaba.nacos.client.config.impl.ClientWorker$ConfigRpcTransportClient$1
16:18:42.848 [main] INFO  c.a.n.c.r.client - [printIfInfoEnabled,60] - [7065d584-8849-4783-aa6e-7d1c57f896f9_config-0]RpcClient init, ServerListFactory =com.alibaba.nacos.client.config.impl.ClientWorker$ConfigRpcTransportClient$2
16:18:42.854 [main] INFO  c.a.n.c.r.client - [printIfInfoEnabled,60] - [7065d584-8849-4783-aa6e-7d1c57f896f9_config-0] Try to connect to server on start up, server: {serverIp='127.0.0.1', server main port=8848}
16:18:43.615 [main] INFO  c.a.n.c.r.client - [printIfInfoEnabled,60] - [7065d584-8849-4783-aa6e-7d1c57f896f9_config-0] Success to connect to server [127.0.0.1:8848] on start up,connectionId=1635841123450_127.0.0.1_11689
16:18:43.616 [main] INFO  c.a.n.c.r.client - [printIfInfoEnabled,60] - [7065d584-8849-4783-aa6e-7d1c57f896f9_config-0]Register server push request handler:com.alibaba.nacos.common.remote.client.RpcClient$ConnectResetRequestHandler
16:18:43.616 [com.alibaba.nacos.client.remote.worker] INFO  c.a.n.c.r.client - [printIfInfoEnabled,60] - [7065d584-8849-4783-aa6e-7d1c57f896f9_config-0]Notify connected event to listeners.
16:18:43.617 [com.alibaba.nacos.client.remote.worker] INFO  c.a.n.c.c.i.ClientWorker - [onConnected,681] - [7065d584-8849-4783-aa6e-7d1c57f896f9_config-0] Connected,notify listen context...
16:18:43.617 [main] INFO  c.a.n.c.r.client - [printIfInfoEnabled,60] - [7065d584-8849-4783-aa6e-7d1c57f896f9_config-0]Register server push request handler:com.alibaba.nacos.common.remote.client.RpcClient$4
16:18:43.643 [main] INFO  c.a.n.c.c.i.Limiter - [<clinit>,56] - limitTime:5.0
16:18:43.655 [main] INFO  c.a.n.c.c.u.JvmUtil - [<clinit>,53] - isMultiInstance:false
16:18:43.682 [main] INFO  c.r.o.OrderServiceApplication - [logStartupProfileInfo,663] - The following profiles are active: dev
16:18:45.741 [main] INFO  o.a.c.h.Http11NioProtocol - [log,173] - Initializing ProtocolHandler ["http-nio-9102"]
16:18:45.741 [main] INFO  o.a.c.c.StandardService - [log,173] - Starting service [Tomcat]
16:18:45.741 [main] INFO  o.a.c.c.StandardEngine - [log,173] - Starting Servlet engine: [Apache Tomcat/9.0.53]
16:18:45.852 [main] INFO  o.a.c.c.C.[.[.[/] - [log,173] - Initializing Spring embedded WebApplicationContext
16:18:46.503 [main] INFO  c.a.d.p.DruidDataSource - [init,998] - {dataSource-1,master} inited
16:18:46.504 [main] INFO  c.b.d.d.DynamicRoutingDataSource - [addDataSource,169] - dynamic-datasource - add a datasource named [master] success
16:18:46.504 [main] INFO  c.b.d.d.DynamicRoutingDataSource - [afterPropertiesSet,249] - dynamic-datasource initial loaded [1] datasource,primary datasource named [master]
16:18:47.039 [main] INFO  c.a.c.s.SentinelWebAutoConfiguration - [addInterceptors,80] - [Sentinel Starter] register SentinelWebInterceptor with urlPatterns: [/**].
16:18:47.678 [main] INFO  c.a.n.client.naming - [initNamespaceForNaming,63] - initializer namespace from System Property : null
16:18:47.678 [main] INFO  c.a.n.client.naming - [call,69] - initializer namespace from System Environment :null
16:18:47.678 [main] INFO  c.a.n.client.naming - [call,79] - initializer namespace from System Property :null
16:18:47.688 [main] INFO  c.a.n.c.r.client - [lambda$createClient$0,77] - [RpcClientFactory] create a new rpc client of ed1ffd8b-0aa1-42eb-bd35-9214542dd041
16:18:47.688 [main] INFO  c.a.n.c.r.client - [printIfInfoEnabled,60] - [ed1ffd8b-0aa1-42eb-bd35-9214542dd041]RpcClient init label, labels={module=naming, source=sdk}
16:18:47.690 [main] INFO  c.a.n.c.r.client - [printIfInfoEnabled,60] - [ed1ffd8b-0aa1-42eb-bd35-9214542dd041]RpcClient init, ServerListFactory =com.alibaba.nacos.client.naming.core.ServerListManager
16:18:47.690 [main] INFO  c.a.n.c.r.client - [printIfInfoEnabled,60] - [ed1ffd8b-0aa1-42eb-bd35-9214542dd041]Registry connection listener to current client:com.alibaba.nacos.client.naming.remote.gprc.redo.NamingGrpcRedoService
16:18:47.690 [main] INFO  c.a.n.c.r.client - [printIfInfoEnabled,60] - [ed1ffd8b-0aa1-42eb-bd35-9214542dd041]Register server push request handler:com.alibaba.nacos.client.naming.remote.gprc.NamingPushRequestHandler
16:18:47.690 [main] INFO  c.a.n.c.r.client - [printIfInfoEnabled,60] - [ed1ffd8b-0aa1-42eb-bd35-9214542dd041] Try to connect to server on start up, server: {serverIp='127.0.0.1', server main port=8848}
16:18:47.801 [main] INFO  c.a.n.c.r.client - [printIfInfoEnabled,60] - [ed1ffd8b-0aa1-42eb-bd35-9214542dd041] Success to connect to server [127.0.0.1:8848] on start up,connectionId=1635841127695_127.0.0.1_11702
16:18:47.801 [main] INFO  c.a.n.c.r.client - [printIfInfoEnabled,60] - [ed1ffd8b-0aa1-42eb-bd35-9214542dd041]Register server push request handler:com.alibaba.nacos.common.remote.client.RpcClient$ConnectResetRequestHandler
16:18:47.801 [com.alibaba.nacos.client.remote.worker] INFO  c.a.n.c.r.client - [printIfInfoEnabled,60] - [ed1ffd8b-0aa1-42eb-bd35-9214542dd041]Notify connected event to listeners.
16:18:47.801 [main] INFO  c.a.n.c.r.client - [printIfInfoEnabled,60] - [ed1ffd8b-0aa1-42eb-bd35-9214542dd041]Register server push request handler:com.alibaba.nacos.common.remote.client.RpcClient$4
16:18:47.801 [com.alibaba.nacos.client.remote.worker] INFO  c.a.n.client.naming - [onConnected,76] - Grpc connection connect
16:18:49.287 [main] INFO  c.a.n.client.naming - [isChangedServiceInfo,181] - init new ips(0) service: DEFAULT_GROUP@@ruoyi-order@@DEFAULT -> []
16:18:49.293 [main] INFO  c.a.n.client.naming - [processServiceInfo,166] - current ips:(0) service: DEFAULT_GROUP@@ruoyi-order@@DEFAULT -> []
16:18:49.298 [main] INFO  o.a.c.h.Http11NioProtocol - [log,173] - Starting ProtocolHandler ["http-nio-9102"]
16:18:49.312 [main] INFO  c.a.n.client.naming - [registerService,112] - [REGISTER-SERVICE] public registering service ruoyi-order with instance Instance{instanceId='null', ip='10.131.41.89', port=9102, weight=1.0, healthy=true, enabled=true, ephemeral=true, clusterName='DEFAULT', serviceName='null', metadata={preserved.register.source=SPRING_CLOUD}}
16:18:49.317 [main] INFO  c.a.c.n.r.NacosServiceRegistry - [register,75] - nacos registry, DEFAULT_GROUP ruoyi-order 10.131.41.89:9102 register finished
16:18:49.605 [main] INFO  c.r.o.OrderServiceApplication - [logStarted,61] - Started OrderServiceApplication in 7.997 seconds (JVM running for 9.048)
16:18:49.612 [main] INFO  c.a.n.c.c.i.ClientWorker - [addCacheDataIfAbsent,384] - [config_rpc_client] [subscribe] ruoyi-order+DEFAULT_GROUP
16:18:49.612 [main] INFO  c.a.n.c.c.i.CacheData - [addListener,173] - [config_rpc_client] [add-listener] ok, tenant=, dataId=ruoyi-order, group=DEFAULT_GROUP, cnt=1
16:18:49.612 [main] INFO  c.a.n.c.c.i.ClientWorker - [addCacheDataIfAbsent,384] - [config_rpc_client] [subscribe] ruoyi-order.yml+DEFAULT_GROUP
16:18:49.612 [main] INFO  c.a.n.c.c.i.CacheData - [addListener,173] - [config_rpc_client] [add-listener] ok, tenant=, dataId=ruoyi-order.yml, group=DEFAULT_GROUP, cnt=1
16:18:49.615 [main] INFO  c.a.n.c.c.i.ClientWorker - [addCacheDataIfAbsent,384] - [config_rpc_client] [subscribe] ruoyi-order-dev.yml+DEFAULT_GROUP
16:18:49.615 [main] INFO  c.a.n.c.c.i.CacheData - [addListener,173] - [config_rpc_client] [add-listener] ok, tenant=, dataId=ruoyi-order-dev.yml, group=DEFAULT_GROUP, cnt=1
16:18:49.826 [nacos-grpc-client-executor-6] INFO  c.a.n.c.r.client - [printIfInfoEnabled,60] - [ed1ffd8b-0aa1-42eb-bd35-9214542dd041]receive server push request,request=NotifySubscriberRequest,requestId=25
16:18:49.827 [nacos-grpc-client-executor-6] INFO  c.a.n.client.naming - [isChangedServiceInfo,181] - init new ips(1) service: DEFAULT_GROUP@@ruoyi-order -> [{"ip":"10.131.41.89","port":9102,"weight":1.0,"healthy":true,"enabled":true,"ephemeral":true,"clusterName":"DEFAULT","serviceName":"DEFAULT_GROUP@@ruoyi-order","metadata":{"preserved.register.source":"SPRING_CLOUD"},"ipDeleteTimeout":30000,"instanceHeartBeatInterval":5000,"instanceHeartBeatTimeOut":15000}]
16:18:49.827 [nacos-grpc-client-executor-6] INFO  c.a.n.client.naming - [processServiceInfo,166] - current ips:(1) service: DEFAULT_GROUP@@ruoyi-order -> [{"ip":"10.131.41.89","port":9102,"weight":1.0,"healthy":true,"enabled":true,"ephemeral":true,"clusterName":"DEFAULT","serviceName":"DEFAULT_GROUP@@ruoyi-order","metadata":{"preserved.register.source":"SPRING_CLOUD"},"ipDeleteTimeout":30000,"instanceHeartBeatInterval":5000,"instanceHeartBeatTimeOut":15000}]
16:18:49.828 [nacos-grpc-client-executor-6] INFO  c.a.n.c.r.client - [printIfInfoEnabled,60] - [ed1ffd8b-0aa1-42eb-bd35-9214542dd041]ack server push request,request=NotifySubscriberRequest,requestId=25
16:18:50.005 [RMI TCP Connection(1)-10.131.41.89] INFO  o.a.c.c.C.[.[.[/] - [log,173] - Initializing Spring DispatcherServlet 'dispatcherServlet'
16:18:50.279 [com.alibaba.nacos.client.naming.updater.0] INFO  c.a.n.client.naming - [isChangedServiceInfo,235] - new ips(1) service: DEFAULT_GROUP@@ruoyi-order@@DEFAULT -> [{"ip":"10.131.41.89","port":9102,"weight":1.0,"healthy":true,"enabled":true,"ephemeral":true,"clusterName":"DEFAULT","serviceName":"DEFAULT_GROUP@@ruoyi-order","metadata":{"preserved.register.source":"SPRING_CLOUD"},"ipDeleteTimeout":30000,"instanceHeartBeatInterval":5000,"instanceHeartBeatTimeOut":15000}]
16:18:50.280 [com.alibaba.nacos.client.naming.updater.0] INFO  c.a.n.client.naming - [processServiceInfo,166] - current ips:(1) service: DEFAULT_GROUP@@ruoyi-order@@DEFAULT -> [{"ip":"10.131.41.89","port":9102,"weight":1.0,"healthy":true,"enabled":true,"ephemeral":true,"clusterName":"DEFAULT","serviceName":"DEFAULT_GROUP@@ruoyi-order","metadata":{"preserved.register.source":"SPRING_CLOUD"},"ipDeleteTimeout":30000,"instanceHeartBeatInterval":5000,"instanceHeartBeatTimeOut":15000}]
16:41:44.220 [SpringApplicationShutdownHook] INFO  c.a.c.n.r.NacosServiceRegistry - [deregister,90] - De-registering from Nacos Server now...
16:41:44.221 [SpringApplicationShutdownHook] INFO  c.a.n.client.naming - [deregisterService,136] - [DEREGISTER-SERVICE] public deregistering service ruoyi-order with instance: Instance{instanceId='null', ip='10.131.41.89', port=9102, weight=1.0, healthy=true, enabled=true, ephemeral=true, clusterName='DEFAULT', serviceName='null', metadata={}}
16:41:44.222 [SpringApplicationShutdownHook] INFO  c.a.c.n.r.NacosServiceRegistry - [deregister,110] - De-registration finished.
16:41:44.223 [SpringApplicationShutdownHook] INFO  c.a.n.client.naming - [shutdown,256] - com.alibaba.nacos.client.naming.cache.ServiceInfoHolder do shutdown begin
16:41:44.223 [SpringApplicationShutdownHook] INFO  c.a.n.client.naming - [shutdown,140] - com.alibaba.nacos.client.naming.backups.FailoverReactor do shutdown begin
16:41:44.223 [SpringApplicationShutdownHook] INFO  c.a.n.client.naming - [shutdown,142] - com.alibaba.nacos.client.naming.backups.FailoverReactor do shutdown stop
16:41:44.223 [SpringApplicationShutdownHook] INFO  c.a.n.client.naming - [shutdown,258] - com.alibaba.nacos.client.naming.cache.ServiceInfoHolder do shutdown stop
16:41:44.223 [SpringApplicationShutdownHook] INFO  c.a.n.client.naming - [shutdown,176] - com.alibaba.nacos.client.naming.remote.NamingClientProxyDelegate do shutdown begin
16:41:44.223 [SpringApplicationShutdownHook] INFO  c.a.n.client.naming - [shutdown,130] - com.alibaba.nacos.client.naming.core.ServiceInfoUpdateService do shutdown begin
16:41:44.526 [SpringApplicationShutdownHook] INFO  c.a.n.client.naming - [shutdown,132] - com.alibaba.nacos.client.naming.core.ServiceInfoUpdateService do shutdown stop
16:41:44.526 [SpringApplicationShutdownHook] INFO  c.a.n.client.naming - [shutdown,188] - com.alibaba.nacos.client.naming.core.ServerListManager do shutdown begin
16:41:44.527 [SpringApplicationShutdownHook] INFO  c.a.n.client.naming - [shutdown,193] - com.alibaba.nacos.client.naming.core.ServerListManager do shutdown stop
16:41:44.527 [SpringApplicationShutdownHook] INFO  c.a.n.client.naming - [shutdown,519] - com.alibaba.nacos.client.naming.remote.http.NamingHttpClientProxy do shutdown begin
16:41:44.527 [SpringApplicationShutdownHook] INFO  c.a.n.client.naming - [shutdown,162] - com.alibaba.nacos.client.naming.beat.BeatReactor do shutdown begin
16:41:44.527 [SpringApplicationShutdownHook] INFO  c.a.n.client.naming - [shutdown,164] - com.alibaba.nacos.client.naming.beat.BeatReactor do shutdown stop
16:41:44.527 [SpringApplicationShutdownHook] INFO  c.a.n.c.i.CredentialWatcher - [stop,105] - [null] CredentialWatcher is stopped
16:41:44.527 [SpringApplicationShutdownHook] INFO  c.a.n.c.i.CredentialService - [free,99] - [null] CredentialService is freed
16:41:44.527 [SpringApplicationShutdownHook] INFO  c.a.n.client.naming - [shutdown,523] - com.alibaba.nacos.client.naming.remote.http.NamingHttpClientProxy do shutdown stop
16:41:44.527 [SpringApplicationShutdownHook] INFO  c.a.n.c.r.client - [shutdown,461] - Shutdown rpc client ,set status to shutdown
16:41:44.527 [SpringApplicationShutdownHook] INFO  c.a.n.c.r.client - [shutdown,463] - Shutdown  client event executor java.util.concurrent.ScheduledThreadPoolExecutor@193de850[Running, pool size = 2, active threads = 2, queued tasks = 0, completed tasks = 0]
16:41:44.527 [SpringApplicationShutdownHook] INFO  c.a.n.c.r.client - [shutdown,465] - Close current connection 1635841127695_127.0.0.1_11702
16:41:44.529 [nacos-grpc-client-executor-285] INFO  c.a.n.c.r.c.g.GrpcClient - [printIfInfoEnabled,60] - [1635841127695_127.0.0.1_11702]Ignore complete event,isRunning:false,isAbandon=false
16:41:44.530 [SpringApplicationShutdownHook] INFO  c.a.n.c.r.c.g.GrpcClient - [shutdown,83] - Shutdown grpc executor java.util.concurrent.ThreadPoolExecutor@1a7fe24[Running, pool size = 5, active threads = 0, queued tasks = 0, completed tasks = 286]
16:41:44.530 [SpringApplicationShutdownHook] INFO  c.a.n.client.naming - [shutdown,251] - Shutdown grpc redo service executor java.util.concurrent.ScheduledThreadPoolExecutor@6c1aee24[Running, pool size = 1, active threads = 0, queued tasks = 1, completed tasks = 457]
16:41:44.530 [SpringApplicationShutdownHook] INFO  c.a.n.client.naming - [shutdown,182] - com.alibaba.nacos.client.naming.remote.NamingClientProxyDelegate do shutdown stop
16:41:44.748 [SpringApplicationShutdownHook] INFO  c.b.d.d.DynamicRoutingDataSource - [destroy,226] - dynamic-datasource start closing ....
16:41:44.751 [SpringApplicationShutdownHook] INFO  c.a.d.p.DruidDataSource - [close,2071] - {dataSource-1} closing ...
16:41:44.756 [SpringApplicationShutdownHook] INFO  c.a.d.p.DruidDataSource - [close,2144] - {dataSource-1} closed
16:41:44.756 [SpringApplicationShutdownHook] INFO  c.b.d.d.DynamicRoutingDataSource - [destroy,230] - dynamic-datasource all closed success,bye
