21:21:57.649 [background-preinit] INFO  o.h.v.i.util.Version - [<clinit>,21] - HV000001: Hibernate Validator 6.2.0.Final
21:22:02.449 [main] INFO  c.a.n.c.c.i.LocalConfigInfoProcessor - [<clinit>,67] - LOCAL_SNAPSHOT_PATH:C:\Users\清研\nacos\config
21:22:02.458 [main] INFO  c.a.n.c.r.client - [lambda$createClient$0,77] - [RpcClientFactory] create a new rpc client of ae609991-60c3-477f-8425-4cb5aad6c55b_config-0
21:22:02.596 [main] INFO  o.r.Reflections - [scan,232] - Reflections took 95 ms to scan 1 urls, producing 3 keys and 6 values 
21:22:02.685 [main] INFO  o.r.Reflections - [scan,232] - Reflections took 50 ms to scan 1 urls, producing 4 keys and 9 values 
21:22:02.737 [main] INFO  o.r.Reflections - [scan,232] - Reflections took 43 ms to scan 1 urls, producing 3 keys and 10 values 
21:22:02.777 [main] INFO  o.r.Reflections - [scan,232] - Reflections took 29 ms to scan 1 urls, producing 1 keys and 5 values 
21:22:02.807 [main] INFO  o.r.Reflections - [scan,232] - Reflections took 25 ms to scan 1 urls, producing 1 keys and 7 values 
21:22:02.844 [main] INFO  o.r.Reflections - [scan,232] - Reflections took 32 ms to scan 1 urls, producing 2 keys and 8 values 
21:22:02.854 [main] INFO  c.a.n.c.r.client - [printIfInfoEnabled,60] - [ae609991-60c3-477f-8425-4cb5aad6c55b_config-0]RpcClient init label, labels={module=config, Vipserver-Tag=null, source=sdk, Amory-Tag=null, Location-Tag=null, taskId=0, AppName=unknown}
21:22:02.857 [main] INFO  c.a.n.c.r.client - [printIfInfoEnabled,60] - [ae609991-60c3-477f-8425-4cb5aad6c55b_config-0]Register server push request handler:com.alibaba.nacos.client.config.impl.ClientWorker$ConfigRpcTransportClient$$Lambda$450/0x000000080040a840
21:22:02.858 [main] INFO  c.a.n.c.r.client - [printIfInfoEnabled,60] - [ae609991-60c3-477f-8425-4cb5aad6c55b_config-0]Register server push request handler:com.alibaba.nacos.client.config.impl.ClientWorker$ConfigRpcTransportClient$$Lambda$451/0x000000080040ac40
21:22:02.860 [main] INFO  c.a.n.c.r.client - [printIfInfoEnabled,60] - [ae609991-60c3-477f-8425-4cb5aad6c55b_config-0]Registry connection listener to current client:com.alibaba.nacos.client.config.impl.ClientWorker$ConfigRpcTransportClient$1
21:22:02.863 [main] INFO  c.a.n.c.r.client - [printIfInfoEnabled,60] - [ae609991-60c3-477f-8425-4cb5aad6c55b_config-0]RpcClient init, ServerListFactory =com.alibaba.nacos.client.config.impl.ClientWorker$ConfigRpcTransportClient$2
21:22:02.888 [main] INFO  c.a.n.c.r.client - [printIfInfoEnabled,60] - [ae609991-60c3-477f-8425-4cb5aad6c55b_config-0] Try to connect to server on start up, server: {serverIp='127.0.0.1', server main port=8848}
21:22:05.461 [main] INFO  c.a.n.c.r.client - [printIfInfoEnabled,60] - [ae609991-60c3-477f-8425-4cb5aad6c55b_config-0] Success to connect to server [127.0.0.1:8848] on start up,connectionId=1636204925215_127.0.0.1_9667
21:22:05.466 [com.alibaba.nacos.client.remote.worker] INFO  c.a.n.c.r.client - [printIfInfoEnabled,60] - [ae609991-60c3-477f-8425-4cb5aad6c55b_config-0]Notify connected event to listeners.
21:22:05.468 [main] INFO  c.a.n.c.r.client - [printIfInfoEnabled,60] - [ae609991-60c3-477f-8425-4cb5aad6c55b_config-0]Register server push request handler:com.alibaba.nacos.common.remote.client.RpcClient$ConnectResetRequestHandler
21:22:05.469 [com.alibaba.nacos.client.remote.worker] INFO  c.a.n.c.c.i.ClientWorker - [onConnected,681] - [ae609991-60c3-477f-8425-4cb5aad6c55b_config-0] Connected,notify listen context...
21:22:05.470 [main] INFO  c.a.n.c.r.client - [printIfInfoEnabled,60] - [ae609991-60c3-477f-8425-4cb5aad6c55b_config-0]Register server push request handler:com.alibaba.nacos.common.remote.client.RpcClient$4
21:22:05.587 [main] INFO  c.a.n.c.c.i.Limiter - [<clinit>,56] - limitTime:5.0
21:22:05.627 [main] INFO  c.a.n.c.c.u.JvmUtil - [<clinit>,53] - isMultiInstance:false
21:22:05.731 [main] INFO  c.r.o.OrderServiceApplication - [logStartupProfileInfo,663] - The following profiles are active: dev
21:22:13.577 [main] INFO  o.a.c.h.Http11NioProtocol - [log,173] - Initializing ProtocolHandler ["http-nio-9102"]
21:22:13.578 [main] INFO  o.a.c.c.StandardService - [log,173] - Starting service [Tomcat]
21:22:13.578 [main] INFO  o.a.c.c.StandardEngine - [log,173] - Starting Servlet engine: [Apache Tomcat/9.0.53]
21:22:15.103 [main] INFO  c.a.d.p.DruidDataSource - [init,998] - {dataSource-1,master} inited
21:22:15.105 [main] INFO  c.b.d.d.DynamicRoutingDataSource - [addDataSource,169] - dynamic-datasource - add a datasource named [master] success
21:22:15.105 [main] INFO  c.b.d.d.DynamicRoutingDataSource - [afterPropertiesSet,249] - dynamic-datasource initial loaded [1] datasource,primary datasource named [master]
21:22:17.204 [main] INFO  c.a.n.client.naming - [initNamespaceForNaming,63] - initializer namespace from System Property : null
21:22:17.205 [main] INFO  c.a.n.client.naming - [call,69] - initializer namespace from System Environment :null
21:22:17.205 [main] INFO  c.a.n.client.naming - [call,79] - initializer namespace from System Property :null
21:22:17.220 [main] INFO  c.a.n.c.r.client - [lambda$createClient$0,77] - [RpcClientFactory] create a new rpc client of 489b824e-d420-411d-9df9-5f80f97e391e
21:22:17.220 [main] INFO  c.a.n.c.r.client - [printIfInfoEnabled,60] - [489b824e-d420-411d-9df9-5f80f97e391e]RpcClient init label, labels={module=naming, source=sdk}
21:22:17.222 [main] INFO  c.a.n.c.r.client - [printIfInfoEnabled,60] - [489b824e-d420-411d-9df9-5f80f97e391e]RpcClient init, ServerListFactory =com.alibaba.nacos.client.naming.core.ServerListManager
21:22:17.223 [main] INFO  c.a.n.c.r.client - [printIfInfoEnabled,60] - [489b824e-d420-411d-9df9-5f80f97e391e]Registry connection listener to current client:com.alibaba.nacos.client.naming.remote.gprc.redo.NamingGrpcRedoService
21:22:17.223 [main] INFO  c.a.n.c.r.client - [printIfInfoEnabled,60] - [489b824e-d420-411d-9df9-5f80f97e391e]Register server push request handler:com.alibaba.nacos.client.naming.remote.gprc.NamingPushRequestHandler
21:22:17.224 [main] INFO  c.a.n.c.r.client - [printIfInfoEnabled,60] - [489b824e-d420-411d-9df9-5f80f97e391e] Try to connect to server on start up, server: {serverIp='127.0.0.1', server main port=8848}
21:22:17.354 [main] INFO  c.a.n.c.r.client - [printIfInfoEnabled,60] - [489b824e-d420-411d-9df9-5f80f97e391e] Success to connect to server [127.0.0.1:8848] on start up,connectionId=1636204937239_127.0.0.1_9725
21:22:17.354 [main] INFO  c.a.n.c.r.client - [printIfInfoEnabled,60] - [489b824e-d420-411d-9df9-5f80f97e391e]Register server push request handler:com.alibaba.nacos.common.remote.client.RpcClient$ConnectResetRequestHandler
21:22:17.354 [com.alibaba.nacos.client.remote.worker] INFO  c.a.n.c.r.client - [printIfInfoEnabled,60] - [489b824e-d420-411d-9df9-5f80f97e391e]Notify connected event to listeners.
21:22:17.354 [main] INFO  c.a.n.c.r.client - [printIfInfoEnabled,60] - [489b824e-d420-411d-9df9-5f80f97e391e]Register server push request handler:com.alibaba.nacos.common.remote.client.RpcClient$4
21:22:17.355 [com.alibaba.nacos.client.remote.worker] INFO  c.a.n.client.naming - [onConnected,76] - Grpc connection connect
21:22:19.411 [main] INFO  c.a.n.client.naming - [isChangedServiceInfo,181] - init new ips(0) service: DEFAULT_GROUP@@ruoyi-order@@DEFAULT -> []
21:22:19.419 [main] INFO  c.a.n.client.naming - [processServiceInfo,166] - current ips:(0) service: DEFAULT_GROUP@@ruoyi-order@@DEFAULT -> []
21:22:19.440 [main] INFO  c.a.n.client.naming - [registerService,112] - [REGISTER-SERVICE] public registering service ruoyi-order with instance Instance{instanceId='null', ip='192.168.31.122', port=9102, weight=1.0, healthy=true, enabled=true, ephemeral=true, clusterName='DEFAULT', serviceName='null', metadata={preserved.register.source=SPRING_CLOUD}}
21:22:19.449 [main] INFO  c.a.c.n.r.NacosServiceRegistry - [register,75] - nacos registry, DEFAULT_GROUP ruoyi-order 192.168.31.122:9102 register finished
21:22:19.824 [main] INFO  c.r.o.OrderServiceApplication - [logStarted,61] - Started OrderServiceApplication in 27.585 seconds (JVM running for 33.166)
21:22:19.832 [main] INFO  c.a.n.c.c.i.ClientWorker - [addCacheDataIfAbsent,384] - [config_rpc_client] [subscribe] ruoyi-order+DEFAULT_GROUP
21:22:19.833 [main] INFO  c.a.n.c.c.i.CacheData - [addListener,173] - [config_rpc_client] [add-listener] ok, tenant=, dataId=ruoyi-order, group=DEFAULT_GROUP, cnt=1
21:22:19.834 [main] INFO  c.a.n.c.c.i.ClientWorker - [addCacheDataIfAbsent,384] - [config_rpc_client] [subscribe] ruoyi-order.yml+DEFAULT_GROUP
21:22:19.834 [main] INFO  c.a.n.c.c.i.CacheData - [addListener,173] - [config_rpc_client] [add-listener] ok, tenant=, dataId=ruoyi-order.yml, group=DEFAULT_GROUP, cnt=1
21:22:19.837 [main] INFO  c.a.n.c.c.i.ClientWorker - [addCacheDataIfAbsent,384] - [config_rpc_client] [subscribe] ruoyi-order-dev.yml+DEFAULT_GROUP
21:22:19.837 [main] INFO  c.a.n.c.c.i.CacheData - [addListener,173] - [config_rpc_client] [add-listener] ok, tenant=, dataId=ruoyi-order-dev.yml, group=DEFAULT_GROUP, cnt=1
21:22:19.988 [nacos-grpc-client-executor-8] INFO  c.a.n.c.r.client - [printIfInfoEnabled,60] - [489b824e-d420-411d-9df9-5f80f97e391e]receive server push request,request=NotifySubscriberRequest,requestId=6
21:22:19.991 [nacos-grpc-client-executor-8] INFO  c.a.n.client.naming - [isChangedServiceInfo,181] - init new ips(1) service: DEFAULT_GROUP@@ruoyi-order -> [{"ip":"192.168.31.122","port":9102,"weight":1.0,"healthy":true,"enabled":true,"ephemeral":true,"clusterName":"DEFAULT","serviceName":"DEFAULT_GROUP@@ruoyi-order","metadata":{"preserved.register.source":"SPRING_CLOUD"},"instanceHeartBeatInterval":5000,"ipDeleteTimeout":30000,"instanceHeartBeatTimeOut":15000}]
21:22:19.991 [nacos-grpc-client-executor-8] INFO  c.a.n.client.naming - [processServiceInfo,166] - current ips:(1) service: DEFAULT_GROUP@@ruoyi-order -> [{"ip":"192.168.31.122","port":9102,"weight":1.0,"healthy":true,"enabled":true,"ephemeral":true,"clusterName":"DEFAULT","serviceName":"DEFAULT_GROUP@@ruoyi-order","metadata":{"preserved.register.source":"SPRING_CLOUD"},"instanceHeartBeatInterval":5000,"ipDeleteTimeout":30000,"instanceHeartBeatTimeOut":15000}]
21:22:19.994 [nacos-grpc-client-executor-8] INFO  c.a.n.c.r.client - [printIfInfoEnabled,60] - [489b824e-d420-411d-9df9-5f80f97e391e]ack server push request,request=NotifySubscriberRequest,requestId=6
21:22:20.016 [SpringApplicationShutdownHook] INFO  c.a.c.n.r.NacosServiceRegistry - [deregister,90] - De-registering from Nacos Server now...
21:22:20.017 [SpringApplicationShutdownHook] INFO  c.a.n.client.naming - [deregisterService,136] - [DEREGISTER-SERVICE] public deregistering service ruoyi-order with instance: Instance{instanceId='null', ip='192.168.31.122', port=9102, weight=1.0, healthy=true, enabled=true, ephemeral=true, clusterName='DEFAULT', serviceName='null', metadata={}}
21:22:20.022 [SpringApplicationShutdownHook] INFO  c.a.c.n.r.NacosServiceRegistry - [deregister,110] - De-registration finished.
21:22:20.023 [SpringApplicationShutdownHook] INFO  c.a.n.client.naming - [shutdown,256] - com.alibaba.nacos.client.naming.cache.ServiceInfoHolder do shutdown begin
21:22:20.024 [SpringApplicationShutdownHook] INFO  c.a.n.client.naming - [shutdown,140] - com.alibaba.nacos.client.naming.backups.FailoverReactor do shutdown begin
21:22:20.327 [SpringApplicationShutdownHook] INFO  c.a.n.client.naming - [shutdown,142] - com.alibaba.nacos.client.naming.backups.FailoverReactor do shutdown stop
21:22:20.328 [SpringApplicationShutdownHook] INFO  c.a.n.client.naming - [shutdown,258] - com.alibaba.nacos.client.naming.cache.ServiceInfoHolder do shutdown stop
21:22:20.328 [SpringApplicationShutdownHook] INFO  c.a.n.client.naming - [shutdown,176] - com.alibaba.nacos.client.naming.remote.NamingClientProxyDelegate do shutdown begin
21:22:20.329 [SpringApplicationShutdownHook] INFO  c.a.n.client.naming - [shutdown,130] - com.alibaba.nacos.client.naming.core.ServiceInfoUpdateService do shutdown begin
21:22:20.394 [com.alibaba.nacos.client.naming.updater.0] INFO  c.a.n.client.naming - [run,169] - update task is stopped, service:DEFAULT_GROUP@@ruoyi-order, clusters:DEFAULT
21:22:20.394 [SpringApplicationShutdownHook] INFO  c.a.n.client.naming - [shutdown,132] - com.alibaba.nacos.client.naming.core.ServiceInfoUpdateService do shutdown stop
21:22:20.395 [SpringApplicationShutdownHook] INFO  c.a.n.client.naming - [shutdown,188] - com.alibaba.nacos.client.naming.core.ServerListManager do shutdown begin
21:22:20.395 [SpringApplicationShutdownHook] INFO  c.a.n.client.naming - [shutdown,193] - com.alibaba.nacos.client.naming.core.ServerListManager do shutdown stop
21:22:20.395 [SpringApplicationShutdownHook] INFO  c.a.n.client.naming - [shutdown,519] - com.alibaba.nacos.client.naming.remote.http.NamingHttpClientProxy do shutdown begin
21:22:20.396 [SpringApplicationShutdownHook] INFO  c.a.n.client.naming - [shutdown,162] - com.alibaba.nacos.client.naming.beat.BeatReactor do shutdown begin
21:22:20.396 [SpringApplicationShutdownHook] INFO  c.a.n.client.naming - [shutdown,164] - com.alibaba.nacos.client.naming.beat.BeatReactor do shutdown stop
21:22:20.396 [SpringApplicationShutdownHook] INFO  c.a.n.c.i.CredentialWatcher - [stop,105] - [null] CredentialWatcher is stopped
21:22:20.396 [SpringApplicationShutdownHook] INFO  c.a.n.c.i.CredentialService - [free,99] - [null] CredentialService is freed
21:22:20.397 [SpringApplicationShutdownHook] INFO  c.a.n.client.naming - [shutdown,523] - com.alibaba.nacos.client.naming.remote.http.NamingHttpClientProxy do shutdown stop
21:22:20.397 [SpringApplicationShutdownHook] INFO  c.a.n.c.r.client - [shutdown,461] - Shutdown rpc client ,set status to shutdown
21:22:20.397 [SpringApplicationShutdownHook] INFO  c.a.n.c.r.client - [shutdown,463] - Shutdown  client event executor java.util.concurrent.ScheduledThreadPoolExecutor@627b6040[Running, pool size = 2, active threads = 2, queued tasks = 0, completed tasks = 0]
21:22:20.397 [SpringApplicationShutdownHook] INFO  c.a.n.c.r.client - [shutdown,465] - Close current connection 1636204937239_127.0.0.1_9725
21:22:20.399 [nacos-grpc-client-executor-13] INFO  c.a.n.c.r.c.g.GrpcClient - [printIfInfoEnabled,60] - [1636204937239_127.0.0.1_9725]Ignore complete event,isRunning:false,isAbandon=false
21:22:20.400 [SpringApplicationShutdownHook] INFO  c.a.n.c.r.c.g.GrpcClient - [shutdown,83] - Shutdown grpc executor java.util.concurrent.ThreadPoolExecutor@2d013760[Running, pool size = 14, active threads = 0, queued tasks = 0, completed tasks = 14]
21:22:20.400 [SpringApplicationShutdownHook] INFO  c.a.n.client.naming - [shutdown,251] - Shutdown grpc redo service executor java.util.concurrent.ScheduledThreadPoolExecutor@141810ed[Running, pool size = 1, active threads = 0, queued tasks = 1, completed tasks = 1]
21:22:20.401 [SpringApplicationShutdownHook] INFO  c.a.n.client.naming - [shutdown,182] - com.alibaba.nacos.client.naming.remote.NamingClientProxyDelegate do shutdown stop
21:22:20.423 [SpringApplicationShutdownHook] INFO  c.b.d.d.DynamicRoutingDataSource - [destroy,226] - dynamic-datasource start closing ....
21:22:20.426 [SpringApplicationShutdownHook] INFO  c.a.d.p.DruidDataSource - [close,2071] - {dataSource-1} closing ...
21:22:20.439 [SpringApplicationShutdownHook] INFO  c.a.d.p.DruidDataSource - [close,2144] - {dataSource-1} closed
21:22:20.439 [SpringApplicationShutdownHook] INFO  c.b.d.d.DynamicRoutingDataSource - [destroy,230] - dynamic-datasource all closed success,bye
