10:57:10.199 [background-preinit] INFO  o.h.v.i.util.Version - [<clinit>,21] - HV000001: Hibernate Validator 6.2.0.Final
10:57:10.981 [main] INFO  c.a.n.c.c.i.LocalConfigInfoProcessor - [<clinit>,67] - LOCAL_SNAPSHOT_PATH:C:\Users\清研\nacos\config
10:57:10.983 [main] INFO  c.a.n.c.r.client - [lambda$createClient$0,77] - [RpcClientFactory] create a new rpc client of 571fc31e-9c74-4a61-bbbb-a9cf85a95c75_config-0
10:57:11.021 [main] INFO  o.r.Reflections - [scan,232] - Reflections took 23 ms to scan 1 urls, producing 3 keys and 6 values 
10:57:11.043 [main] INFO  o.r.Reflections - [scan,232] - Reflections took 12 ms to scan 1 urls, producing 4 keys and 9 values 
10:57:11.055 [main] INFO  o.r.Reflections - [scan,232] - Reflections took 10 ms to scan 1 urls, producing 3 keys and 10 values 
10:57:11.070 [main] INFO  o.r.Reflections - [scan,232] - Reflections took 9 ms to scan 1 urls, producing 1 keys and 5 values 
10:57:11.081 [main] INFO  o.r.Reflections - [scan,232] - Reflections took 10 ms to scan 1 urls, producing 1 keys and 7 values 
10:57:11.093 [main] INFO  o.r.Reflections - [scan,232] - Reflections took 10 ms to scan 1 urls, producing 2 keys and 8 values 
10:57:11.096 [main] INFO  c.a.n.c.r.client - [printIfInfoEnabled,60] - [571fc31e-9c74-4a61-bbbb-a9cf85a95c75_config-0]RpcClient init label, labels={module=config, Vipserver-Tag=null, source=sdk, Amory-Tag=null, Location-Tag=null, taskId=0, AppName=unknown}
10:57:11.096 [main] INFO  c.a.n.c.r.client - [printIfInfoEnabled,60] - [571fc31e-9c74-4a61-bbbb-a9cf85a95c75_config-0]Register server push request handler:com.alibaba.nacos.client.config.impl.ClientWorker$ConfigRpcTransportClient$$Lambda$452/0x000000080040b040
10:57:11.096 [main] INFO  c.a.n.c.r.client - [printIfInfoEnabled,60] - [571fc31e-9c74-4a61-bbbb-a9cf85a95c75_config-0]Register server push request handler:com.alibaba.nacos.client.config.impl.ClientWorker$ConfigRpcTransportClient$$Lambda$453/0x000000080040b440
10:57:11.097 [main] INFO  c.a.n.c.r.client - [printIfInfoEnabled,60] - [571fc31e-9c74-4a61-bbbb-a9cf85a95c75_config-0]Registry connection listener to current client:com.alibaba.nacos.client.config.impl.ClientWorker$ConfigRpcTransportClient$1
10:57:11.097 [main] INFO  c.a.n.c.r.client - [printIfInfoEnabled,60] - [571fc31e-9c74-4a61-bbbb-a9cf85a95c75_config-0]RpcClient init, ServerListFactory =com.alibaba.nacos.client.config.impl.ClientWorker$ConfigRpcTransportClient$2
10:57:11.105 [main] INFO  c.a.n.c.r.client - [printIfInfoEnabled,60] - [571fc31e-9c74-4a61-bbbb-a9cf85a95c75_config-0] Try to connect to server on start up, server: {serverIp='127.0.0.1', server main port=8848}
10:57:13.932 [main] INFO  c.a.n.c.r.client - [printIfInfoEnabled,60] - [571fc31e-9c74-4a61-bbbb-a9cf85a95c75_config-0] Try to connect to server on start up, server: {serverIp='127.0.0.1', server main port=8848}
10:57:15.983 [main] INFO  c.a.n.c.r.client - [printIfInfoEnabled,60] - [571fc31e-9c74-4a61-bbbb-a9cf85a95c75_config-0] Try to connect to server on start up, server: {serverIp='127.0.0.1', server main port=8848}
10:57:18.035 [com.alibaba.nacos.client.remote.worker] INFO  c.a.n.c.r.client - [printIfInfoEnabled,60] - [571fc31e-9c74-4a61-bbbb-a9cf85a95c75_config-0] try to re connect to a new server ,server is  not appointed,will choose a random server.
10:57:18.036 [main] INFO  c.a.n.c.r.client - [printIfInfoEnabled,60] - [571fc31e-9c74-4a61-bbbb-a9cf85a95c75_config-0]Register server push request handler:com.alibaba.nacos.common.remote.client.RpcClient$ConnectResetRequestHandler
10:57:18.039 [main] INFO  c.a.n.c.r.client - [printIfInfoEnabled,60] - [571fc31e-9c74-4a61-bbbb-a9cf85a95c75_config-0]Register server push request handler:com.alibaba.nacos.common.remote.client.RpcClient$4
10:57:18.078 [main] INFO  c.a.n.c.c.i.Limiter - [<clinit>,56] - limitTime:5.0
10:57:19.403 [main] INFO  c.r.s.RuoYiSystemApplication - [logStartupProfileInfo,663] - The following profiles are active: dev
10:57:21.281 [main] INFO  i.s.s.b.a.SeataAutoConfiguration - [globalTransactionScanner,65] - Automatically configure Seata
10:57:21.317 [main] INFO  i.s.c.ConfigurationFactory - [<clinit>,65] - load Configuration:FileConfiguration$$EnhancerByCGLIB$$862af1eb
10:57:21.327 [main] INFO  i.s.c.ConfigurationFactory - [buildConfiguration,123] - load Configuration:FileConfiguration$$EnhancerByCGLIB$$862af1eb
10:57:21.389 [main] INFO  i.s.s.a.GlobalTransactionScanner - [initClient,164] - Initializing Global Transaction Clients ... 
10:57:21.434 [main] INFO  i.s.c.r.n.NettyClientBootstrap - [start,147] - NettyClientBootstrap has started
10:57:21.434 [main] INFO  i.s.s.a.GlobalTransactionScanner - [initClient,172] - Transaction Manager Client is initialized. applicationId[ruoyi-system] txServiceGroup[ruoyi-system-seata-service-group]
10:57:21.445 [main] INFO  i.s.r.d.AsyncWorker - [init,125] - Async Commit Buffer Limit: 10000
10:57:21.446 [main] INFO  i.s.r.d.x.ResourceManagerXA - [init,40] - ResourceManagerXA init ...
10:57:21.451 [main] INFO  i.s.c.r.n.NettyClientBootstrap - [start,147] - NettyClientBootstrap has started
10:57:21.452 [main] INFO  i.s.s.a.GlobalTransactionScanner - [initClient,177] - Resource Manager is initialized. applicationId[ruoyi-system] txServiceGroup[ruoyi-system-seata-service-group]
10:57:21.452 [main] INFO  i.s.s.a.GlobalTransactionScanner - [initClient,181] - Global Transaction Clients are initialized. 
10:57:22.115 [main] INFO  o.a.c.h.Http11NioProtocol - [log,173] - Initializing ProtocolHandler ["http-nio-9201"]
10:57:22.116 [main] INFO  o.a.c.c.StandardService - [log,173] - Starting service [Tomcat]
10:57:22.116 [main] INFO  o.a.c.c.StandardEngine - [log,173] - Starting Servlet engine: [Apache Tomcat/9.0.53]
10:57:22.224 [com.alibaba.nacos.client.remote.worker] INFO  c.a.n.c.r.client - [printIfInfoEnabled,60] - [571fc31e-9c74-4a61-bbbb-a9cf85a95c75_config-0] fail to connect server,after trying 1 times, last try server is {serverIp='127.0.0.1', server main port=8848},error=unknown
10:57:22.281 [main] INFO  o.a.c.c.C.[.[.[/] - [log,173] - Initializing Spring embedded WebApplicationContext
10:57:22.600 [main] INFO  i.s.s.a.d.SeataAutoDataSourceProxyCreator - [getAdvicesAndAdvisorsForBean,45] - Auto proxy of [dataSource]
10:57:23.252 [main] INFO  c.b.d.d.DynamicRoutingDataSource - [destroy,226] - dynamic-datasource start closing ....
10:57:23.252 [main] INFO  c.b.d.d.DynamicRoutingDataSource - [destroy,230] - dynamic-datasource all closed success,bye
10:57:23.255 [main] INFO  o.a.c.c.StandardService - [log,173] - Stopping service [Tomcat]
11:57:09.288 [background-preinit] INFO  o.h.v.i.util.Version - [<clinit>,21] - HV000001: Hibernate Validator 6.2.0.Final
11:57:09.945 [main] INFO  c.a.n.c.c.i.LocalConfigInfoProcessor - [<clinit>,67] - LOCAL_SNAPSHOT_PATH:C:\Users\清研\nacos\config
11:57:09.947 [main] INFO  c.a.n.c.r.client - [lambda$createClient$0,77] - [RpcClientFactory] create a new rpc client of 22195177-f301-4825-b52e-51e774a85148_config-0
11:57:09.988 [main] INFO  o.r.Reflections - [scan,232] - Reflections took 28 ms to scan 1 urls, producing 3 keys and 6 values 
11:57:10.013 [main] INFO  o.r.Reflections - [scan,232] - Reflections took 12 ms to scan 1 urls, producing 4 keys and 9 values 
11:57:10.030 [main] INFO  o.r.Reflections - [scan,232] - Reflections took 15 ms to scan 1 urls, producing 3 keys and 10 values 
11:57:10.046 [main] INFO  o.r.Reflections - [scan,232] - Reflections took 11 ms to scan 1 urls, producing 1 keys and 5 values 
11:57:10.059 [main] INFO  o.r.Reflections - [scan,232] - Reflections took 12 ms to scan 1 urls, producing 1 keys and 7 values 
11:57:10.074 [main] INFO  o.r.Reflections - [scan,232] - Reflections took 13 ms to scan 1 urls, producing 2 keys and 8 values 
11:57:10.077 [main] INFO  c.a.n.c.r.client - [printIfInfoEnabled,60] - [22195177-f301-4825-b52e-51e774a85148_config-0]RpcClient init label, labels={module=config, Vipserver-Tag=null, source=sdk, Amory-Tag=null, Location-Tag=null, taskId=0, AppName=unknown}
11:57:10.078 [main] INFO  c.a.n.c.r.client - [printIfInfoEnabled,60] - [22195177-f301-4825-b52e-51e774a85148_config-0]Register server push request handler:com.alibaba.nacos.client.config.impl.ClientWorker$ConfigRpcTransportClient$$Lambda$452/0x000000080040a040
11:57:10.078 [main] INFO  c.a.n.c.r.client - [printIfInfoEnabled,60] - [22195177-f301-4825-b52e-51e774a85148_config-0]Register server push request handler:com.alibaba.nacos.client.config.impl.ClientWorker$ConfigRpcTransportClient$$Lambda$453/0x000000080040a440
11:57:10.079 [main] INFO  c.a.n.c.r.client - [printIfInfoEnabled,60] - [22195177-f301-4825-b52e-51e774a85148_config-0]Registry connection listener to current client:com.alibaba.nacos.client.config.impl.ClientWorker$ConfigRpcTransportClient$1
11:57:10.079 [main] INFO  c.a.n.c.r.client - [printIfInfoEnabled,60] - [22195177-f301-4825-b52e-51e774a85148_config-0]RpcClient init, ServerListFactory =com.alibaba.nacos.client.config.impl.ClientWorker$ConfigRpcTransportClient$2
11:57:10.087 [main] INFO  c.a.n.c.r.client - [printIfInfoEnabled,60] - [22195177-f301-4825-b52e-51e774a85148_config-0] Try to connect to server on start up, server: {serverIp='127.0.0.1', server main port=8848}
11:57:11.022 [main] INFO  c.a.n.c.r.client - [printIfInfoEnabled,60] - [22195177-f301-4825-b52e-51e774a85148_config-0] Success to connect to server [127.0.0.1:8848] on start up,connectionId=1635307030836_127.0.0.1_14273
11:57:11.023 [com.alibaba.nacos.client.remote.worker] INFO  c.a.n.c.r.client - [printIfInfoEnabled,60] - [22195177-f301-4825-b52e-51e774a85148_config-0]Notify connected event to listeners.
11:57:11.024 [main] INFO  c.a.n.c.r.client - [printIfInfoEnabled,60] - [22195177-f301-4825-b52e-51e774a85148_config-0]Register server push request handler:com.alibaba.nacos.common.remote.client.RpcClient$ConnectResetRequestHandler
11:57:11.026 [com.alibaba.nacos.client.remote.worker] INFO  c.a.n.c.c.i.ClientWorker - [onConnected,681] - [22195177-f301-4825-b52e-51e774a85148_config-0] Connected,notify listen context...
11:57:11.027 [main] INFO  c.a.n.c.r.client - [printIfInfoEnabled,60] - [22195177-f301-4825-b52e-51e774a85148_config-0]Register server push request handler:com.alibaba.nacos.common.remote.client.RpcClient$4
11:57:11.068 [main] INFO  c.a.n.c.c.i.Limiter - [<clinit>,56] - limitTime:5.0
11:57:11.085 [main] INFO  c.a.n.c.c.u.JvmUtil - [<clinit>,53] - isMultiInstance:false
11:57:11.125 [main] INFO  c.r.s.RuoYiSystemApplication - [logStartupProfileInfo,663] - The following profiles are active: dev
11:57:13.610 [main] INFO  o.a.c.h.Http11NioProtocol - [log,173] - Initializing ProtocolHandler ["http-nio-9201"]
11:57:13.611 [main] INFO  o.a.c.c.StandardService - [log,173] - Starting service [Tomcat]
11:57:13.611 [main] INFO  o.a.c.c.StandardEngine - [log,173] - Starting Servlet engine: [Apache Tomcat/9.0.53]
11:57:13.757 [main] INFO  o.a.c.c.C.[.[.[/] - [log,173] - Initializing Spring embedded WebApplicationContext
11:57:14.344 [main] INFO  c.a.d.p.DruidDataSource - [init,998] - {dataSource-1,master} inited
11:57:14.348 [main] INFO  o.a.c.c.StandardService - [log,173] - Stopping service [Tomcat]
12:04:53.822 [background-preinit] INFO  o.h.v.i.util.Version - [<clinit>,21] - HV000001: Hibernate Validator 6.2.0.Final
12:04:54.581 [main] INFO  c.a.n.c.c.i.LocalConfigInfoProcessor - [<clinit>,67] - LOCAL_SNAPSHOT_PATH:C:\Users\清研\nacos\config
12:04:54.584 [main] INFO  c.a.n.c.r.client - [lambda$createClient$0,77] - [RpcClientFactory] create a new rpc client of a6d4e067-1a6f-41fe-9a26-4df95707ddb5_config-0
12:04:54.632 [main] INFO  o.r.Reflections - [scan,232] - Reflections took 31 ms to scan 1 urls, producing 3 keys and 6 values 
12:04:54.658 [main] INFO  o.r.Reflections - [scan,232] - Reflections took 16 ms to scan 1 urls, producing 4 keys and 9 values 
12:04:54.670 [main] INFO  o.r.Reflections - [scan,232] - Reflections took 10 ms to scan 1 urls, producing 3 keys and 10 values 
12:04:54.689 [main] INFO  o.r.Reflections - [scan,232] - Reflections took 15 ms to scan 1 urls, producing 1 keys and 5 values 
12:04:54.702 [main] INFO  o.r.Reflections - [scan,232] - Reflections took 11 ms to scan 1 urls, producing 1 keys and 7 values 
12:04:54.716 [main] INFO  o.r.Reflections - [scan,232] - Reflections took 12 ms to scan 1 urls, producing 2 keys and 8 values 
12:04:54.720 [main] INFO  c.a.n.c.r.client - [printIfInfoEnabled,60] - [a6d4e067-1a6f-41fe-9a26-4df95707ddb5_config-0]RpcClient init label, labels={module=config, Vipserver-Tag=null, source=sdk, Amory-Tag=null, Location-Tag=null, taskId=0, AppName=unknown}
12:04:54.720 [main] INFO  c.a.n.c.r.client - [printIfInfoEnabled,60] - [a6d4e067-1a6f-41fe-9a26-4df95707ddb5_config-0]Register server push request handler:com.alibaba.nacos.client.config.impl.ClientWorker$ConfigRpcTransportClient$$Lambda$452/0x000000080040b040
12:04:54.721 [main] INFO  c.a.n.c.r.client - [printIfInfoEnabled,60] - [a6d4e067-1a6f-41fe-9a26-4df95707ddb5_config-0]Register server push request handler:com.alibaba.nacos.client.config.impl.ClientWorker$ConfigRpcTransportClient$$Lambda$453/0x000000080040b440
12:04:54.721 [main] INFO  c.a.n.c.r.client - [printIfInfoEnabled,60] - [a6d4e067-1a6f-41fe-9a26-4df95707ddb5_config-0]Registry connection listener to current client:com.alibaba.nacos.client.config.impl.ClientWorker$ConfigRpcTransportClient$1
12:04:54.722 [main] INFO  c.a.n.c.r.client - [printIfInfoEnabled,60] - [a6d4e067-1a6f-41fe-9a26-4df95707ddb5_config-0]RpcClient init, ServerListFactory =com.alibaba.nacos.client.config.impl.ClientWorker$ConfigRpcTransportClient$2
12:04:54.730 [main] INFO  c.a.n.c.r.client - [printIfInfoEnabled,60] - [a6d4e067-1a6f-41fe-9a26-4df95707ddb5_config-0] Try to connect to server on start up, server: {serverIp='127.0.0.1', server main port=8848}
12:04:55.669 [main] INFO  c.a.n.c.r.client - [printIfInfoEnabled,60] - [a6d4e067-1a6f-41fe-9a26-4df95707ddb5_config-0] Success to connect to server [127.0.0.1:8848] on start up,connectionId=1635307495487_127.0.0.1_14457
12:04:55.671 [main] INFO  c.a.n.c.r.client - [printIfInfoEnabled,60] - [a6d4e067-1a6f-41fe-9a26-4df95707ddb5_config-0]Register server push request handler:com.alibaba.nacos.common.remote.client.RpcClient$ConnectResetRequestHandler
12:04:55.670 [com.alibaba.nacos.client.remote.worker] INFO  c.a.n.c.r.client - [printIfInfoEnabled,60] - [a6d4e067-1a6f-41fe-9a26-4df95707ddb5_config-0]Notify connected event to listeners.
12:04:55.673 [com.alibaba.nacos.client.remote.worker] INFO  c.a.n.c.c.i.ClientWorker - [onConnected,681] - [a6d4e067-1a6f-41fe-9a26-4df95707ddb5_config-0] Connected,notify listen context...
12:04:55.673 [main] INFO  c.a.n.c.r.client - [printIfInfoEnabled,60] - [a6d4e067-1a6f-41fe-9a26-4df95707ddb5_config-0]Register server push request handler:com.alibaba.nacos.common.remote.client.RpcClient$4
12:04:55.713 [main] INFO  c.a.n.c.c.i.Limiter - [<clinit>,56] - limitTime:5.0
12:04:55.730 [main] INFO  c.a.n.c.c.u.JvmUtil - [<clinit>,53] - isMultiInstance:false
12:04:55.766 [main] INFO  c.r.s.RuoYiSystemApplication - [logStartupProfileInfo,663] - The following profiles are active: dev
12:04:58.261 [main] INFO  o.a.c.h.Http11NioProtocol - [log,173] - Initializing ProtocolHandler ["http-nio-9201"]
12:04:58.262 [main] INFO  o.a.c.c.StandardService - [log,173] - Starting service [Tomcat]
12:04:58.262 [main] INFO  o.a.c.c.StandardEngine - [log,173] - Starting Servlet engine: [Apache Tomcat/9.0.53]
12:04:58.406 [main] INFO  o.a.c.c.C.[.[.[/] - [log,173] - Initializing Spring embedded WebApplicationContext
12:04:59.130 [main] INFO  c.a.d.p.DruidDataSource - [init,998] - {dataSource-1,master} inited
12:04:59.131 [main] INFO  c.b.d.d.DynamicRoutingDataSource - [addDataSource,169] - dynamic-datasource - add a datasource named [master] success
12:04:59.131 [main] INFO  c.b.d.d.DynamicRoutingDataSource - [afterPropertiesSet,249] - dynamic-datasource initial loaded [1] datasource,primary datasource named [master]
12:05:02.864 [main] INFO  c.b.d.d.DynamicRoutingDataSource - [destroy,226] - dynamic-datasource start closing ....
12:05:02.868 [main] INFO  c.a.d.p.DruidDataSource - [close,2071] - {dataSource-1} closing ...
12:05:02.875 [main] INFO  c.a.d.p.DruidDataSource - [close,2144] - {dataSource-1} closed
12:05:02.876 [main] INFO  c.b.d.d.DynamicRoutingDataSource - [destroy,230] - dynamic-datasource all closed success,bye
12:05:02.879 [main] INFO  o.a.c.c.StandardService - [log,173] - Stopping service [Tomcat]
14:32:45.210 [background-preinit] INFO  o.h.v.i.util.Version - [<clinit>,21] - HV000001: Hibernate Validator 6.2.0.Final
14:32:46.215 [main] INFO  c.a.n.c.c.i.LocalConfigInfoProcessor - [<clinit>,67] - LOCAL_SNAPSHOT_PATH:C:\Users\清研\nacos\config
14:32:46.218 [main] INFO  c.a.n.c.r.client - [lambda$createClient$0,77] - [RpcClientFactory] create a new rpc client of 7eef6744-f772-402b-a37a-bd32ca3ee3ac_config-0
14:32:46.260 [main] INFO  o.r.Reflections - [scan,232] - Reflections took 21 ms to scan 1 urls, producing 3 keys and 6 values 
14:32:46.280 [main] INFO  o.r.Reflections - [scan,232] - Reflections took 10 ms to scan 1 urls, producing 4 keys and 9 values 
14:32:46.289 [main] INFO  o.r.Reflections - [scan,232] - Reflections took 7 ms to scan 1 urls, producing 3 keys and 10 values 
14:32:46.300 [main] INFO  o.r.Reflections - [scan,232] - Reflections took 7 ms to scan 1 urls, producing 1 keys and 5 values 
14:32:46.311 [main] INFO  o.r.Reflections - [scan,232] - Reflections took 9 ms to scan 1 urls, producing 1 keys and 7 values 
14:32:46.321 [main] INFO  o.r.Reflections - [scan,232] - Reflections took 8 ms to scan 1 urls, producing 2 keys and 8 values 
14:32:46.324 [main] INFO  c.a.n.c.r.client - [printIfInfoEnabled,60] - [7eef6744-f772-402b-a37a-bd32ca3ee3ac_config-0]RpcClient init label, labels={module=config, Vipserver-Tag=null, source=sdk, Amory-Tag=null, Location-Tag=null, taskId=0, AppName=unknown}
14:32:46.325 [main] INFO  c.a.n.c.r.client - [printIfInfoEnabled,60] - [7eef6744-f772-402b-a37a-bd32ca3ee3ac_config-0]Register server push request handler:com.alibaba.nacos.client.config.impl.ClientWorker$ConfigRpcTransportClient$$Lambda$452/0x000000080040b040
14:32:46.325 [main] INFO  c.a.n.c.r.client - [printIfInfoEnabled,60] - [7eef6744-f772-402b-a37a-bd32ca3ee3ac_config-0]Register server push request handler:com.alibaba.nacos.client.config.impl.ClientWorker$ConfigRpcTransportClient$$Lambda$453/0x000000080040b440
14:32:46.326 [main] INFO  c.a.n.c.r.client - [printIfInfoEnabled,60] - [7eef6744-f772-402b-a37a-bd32ca3ee3ac_config-0]Registry connection listener to current client:com.alibaba.nacos.client.config.impl.ClientWorker$ConfigRpcTransportClient$1
14:32:46.326 [main] INFO  c.a.n.c.r.client - [printIfInfoEnabled,60] - [7eef6744-f772-402b-a37a-bd32ca3ee3ac_config-0]RpcClient init, ServerListFactory =com.alibaba.nacos.client.config.impl.ClientWorker$ConfigRpcTransportClient$2
14:32:46.335 [main] INFO  c.a.n.c.r.client - [printIfInfoEnabled,60] - [7eef6744-f772-402b-a37a-bd32ca3ee3ac_config-0] Try to connect to server on start up, server: {serverIp='127.0.0.1', server main port=8848}
14:32:47.221 [main] INFO  c.a.n.c.r.client - [printIfInfoEnabled,60] - [7eef6744-f772-402b-a37a-bd32ca3ee3ac_config-0] Success to connect to server [127.0.0.1:8848] on start up,connectionId=1635316367048_127.0.0.1_4531
14:32:47.222 [com.alibaba.nacos.client.remote.worker] INFO  c.a.n.c.r.client - [printIfInfoEnabled,60] - [7eef6744-f772-402b-a37a-bd32ca3ee3ac_config-0]Notify connected event to listeners.
14:32:47.223 [main] INFO  c.a.n.c.r.client - [printIfInfoEnabled,60] - [7eef6744-f772-402b-a37a-bd32ca3ee3ac_config-0]Register server push request handler:com.alibaba.nacos.common.remote.client.RpcClient$ConnectResetRequestHandler
14:32:47.223 [com.alibaba.nacos.client.remote.worker] INFO  c.a.n.c.c.i.ClientWorker - [onConnected,681] - [7eef6744-f772-402b-a37a-bd32ca3ee3ac_config-0] Connected,notify listen context...
14:32:47.223 [main] INFO  c.a.n.c.r.client - [printIfInfoEnabled,60] - [7eef6744-f772-402b-a37a-bd32ca3ee3ac_config-0]Register server push request handler:com.alibaba.nacos.common.remote.client.RpcClient$4
14:32:47.254 [main] INFO  c.a.n.c.c.i.Limiter - [<clinit>,56] - limitTime:5.0
14:32:47.265 [main] INFO  c.a.n.c.c.u.JvmUtil - [<clinit>,53] - isMultiInstance:false
14:32:47.641 [main] INFO  c.r.s.RuoYiSystemApplication - [logStartupProfileInfo,663] - The following profiles are active: dev
14:32:50.121 [main] INFO  o.a.c.h.Http11NioProtocol - [log,173] - Initializing ProtocolHandler ["http-nio-9201"]
14:32:50.121 [main] INFO  o.a.c.c.StandardService - [log,173] - Starting service [Tomcat]
14:32:50.121 [main] INFO  o.a.c.c.StandardEngine - [log,173] - Starting Servlet engine: [Apache Tomcat/9.0.53]
14:32:50.261 [main] INFO  o.a.c.c.C.[.[.[/] - [log,173] - Initializing Spring embedded WebApplicationContext
14:32:51.385 [main] INFO  c.a.d.p.DruidDataSource - [init,998] - {dataSource-1,master} inited
14:32:51.386 [main] INFO  c.b.d.d.DynamicRoutingDataSource - [addDataSource,169] - dynamic-datasource - add a datasource named [master] success
14:32:51.386 [main] INFO  c.b.d.d.DynamicRoutingDataSource - [afterPropertiesSet,249] - dynamic-datasource initial loaded [1] datasource,primary datasource named [master]
14:32:53.819 [main] INFO  c.a.c.s.SentinelWebAutoConfiguration - [addInterceptors,80] - [Sentinel Starter] register SentinelWebInterceptor with urlPatterns: [/**].
14:32:54.190 [main] INFO  c.a.n.client.naming - [initNamespaceForNaming,63] - initializer namespace from System Property : null
14:32:54.192 [main] INFO  c.a.n.client.naming - [call,69] - initializer namespace from System Environment :null
14:32:54.193 [main] INFO  c.a.n.client.naming - [call,79] - initializer namespace from System Property :null
14:32:54.220 [main] INFO  c.a.n.c.r.client - [lambda$createClient$0,77] - [RpcClientFactory] create a new rpc client of bee677fb-951b-408a-8647-2f33a97d10b4
14:32:54.220 [main] INFO  c.a.n.c.r.client - [printIfInfoEnabled,60] - [bee677fb-951b-408a-8647-2f33a97d10b4]RpcClient init label, labels={module=naming, source=sdk}
14:32:54.223 [main] INFO  c.a.n.c.r.client - [printIfInfoEnabled,60] - [bee677fb-951b-408a-8647-2f33a97d10b4]RpcClient init, ServerListFactory =com.alibaba.nacos.client.naming.core.ServerListManager
14:32:54.224 [main] INFO  c.a.n.c.r.client - [printIfInfoEnabled,60] - [bee677fb-951b-408a-8647-2f33a97d10b4]Registry connection listener to current client:com.alibaba.nacos.client.naming.remote.gprc.redo.NamingGrpcRedoService
14:32:54.224 [main] INFO  c.a.n.c.r.client - [printIfInfoEnabled,60] - [bee677fb-951b-408a-8647-2f33a97d10b4]Register server push request handler:com.alibaba.nacos.client.naming.remote.gprc.NamingPushRequestHandler
14:32:54.225 [main] INFO  c.a.n.c.r.client - [printIfInfoEnabled,60] - [bee677fb-951b-408a-8647-2f33a97d10b4] Try to connect to server on start up, server: {serverIp='127.0.0.1', server main port=8848}
14:32:54.352 [main] INFO  c.a.n.c.r.client - [printIfInfoEnabled,60] - [bee677fb-951b-408a-8647-2f33a97d10b4] Success to connect to server [127.0.0.1:8848] on start up,connectionId=1635316374234_127.0.0.1_4560
14:32:54.353 [com.alibaba.nacos.client.remote.worker] INFO  c.a.n.c.r.client - [printIfInfoEnabled,60] - [bee677fb-951b-408a-8647-2f33a97d10b4]Notify connected event to listeners.
14:32:54.353 [main] INFO  c.a.n.c.r.client - [printIfInfoEnabled,60] - [bee677fb-951b-408a-8647-2f33a97d10b4]Register server push request handler:com.alibaba.nacos.common.remote.client.RpcClient$ConnectResetRequestHandler
14:32:54.353 [com.alibaba.nacos.client.remote.worker] INFO  c.a.n.client.naming - [onConnected,76] - Grpc connection connect
14:32:54.353 [main] INFO  c.a.n.c.r.client - [printIfInfoEnabled,60] - [bee677fb-951b-408a-8647-2f33a97d10b4]Register server push request handler:com.alibaba.nacos.common.remote.client.RpcClient$4
14:32:55.833 [main] INFO  c.a.n.client.naming - [isChangedServiceInfo,181] - init new ips(0) service: DEFAULT_GROUP@@ruoyi-system@@DEFAULT -> []
14:32:55.839 [main] INFO  c.a.n.client.naming - [processServiceInfo,166] - current ips:(0) service: DEFAULT_GROUP@@ruoyi-system@@DEFAULT -> []
14:32:56.046 [main] INFO  o.a.c.h.Http11NioProtocol - [log,173] - Starting ProtocolHandler ["http-nio-9201"]
14:32:56.064 [main] INFO  c.a.n.client.naming - [registerService,112] - [REGISTER-SERVICE] public registering service ruoyi-system with instance Instance{instanceId='null', ip='10.131.41.89', port=9201, weight=1.0, healthy=true, enabled=true, ephemeral=true, clusterName='DEFAULT', serviceName='null', metadata={preserved.register.source=SPRING_CLOUD}}
14:32:56.070 [main] INFO  c.a.c.n.r.NacosServiceRegistry - [register,75] - nacos registry, DEFAULT_GROUP ruoyi-system 10.131.41.89:9201 register finished
14:32:56.405 [nacos-grpc-client-executor-6] INFO  c.a.n.c.r.client - [printIfInfoEnabled,60] - [bee677fb-951b-408a-8647-2f33a97d10b4]receive server push request,request=NotifySubscriberRequest,requestId=17
14:32:56.406 [nacos-grpc-client-executor-6] INFO  c.a.n.client.naming - [isChangedServiceInfo,181] - init new ips(1) service: DEFAULT_GROUP@@ruoyi-system -> [{"ip":"10.131.41.89","port":9201,"weight":1.0,"healthy":true,"enabled":true,"ephemeral":true,"clusterName":"DEFAULT","serviceName":"DEFAULT_GROUP@@ruoyi-system","metadata":{"preserved.register.source":"SPRING_CLOUD"},"ipDeleteTimeout":30000,"instanceHeartBeatInterval":5000,"instanceHeartBeatTimeOut":15000}]
14:32:56.406 [nacos-grpc-client-executor-6] INFO  c.a.n.client.naming - [processServiceInfo,166] - current ips:(1) service: DEFAULT_GROUP@@ruoyi-system -> [{"ip":"10.131.41.89","port":9201,"weight":1.0,"healthy":true,"enabled":true,"ephemeral":true,"clusterName":"DEFAULT","serviceName":"DEFAULT_GROUP@@ruoyi-system","metadata":{"preserved.register.source":"SPRING_CLOUD"},"ipDeleteTimeout":30000,"instanceHeartBeatInterval":5000,"instanceHeartBeatTimeOut":15000}]
14:32:56.630 [nacos-grpc-client-executor-6] INFO  c.a.n.c.r.client - [printIfInfoEnabled,60] - [bee677fb-951b-408a-8647-2f33a97d10b4]ack server push request,request=NotifySubscriberRequest,requestId=17
14:32:56.718 [main] INFO  c.r.s.RuoYiSystemApplication - [logStarted,61] - Started RuoYiSystemApplication in 12.14 seconds (JVM running for 13.282)
14:32:56.723 [main] INFO  c.a.n.c.c.i.ClientWorker - [addCacheDataIfAbsent,384] - [config_rpc_client] [subscribe] ruoyi-system+DEFAULT_GROUP
14:32:56.723 [main] INFO  c.a.n.c.c.i.CacheData - [addListener,173] - [config_rpc_client] [add-listener] ok, tenant=, dataId=ruoyi-system, group=DEFAULT_GROUP, cnt=1
14:32:56.724 [main] INFO  c.a.n.c.c.i.ClientWorker - [addCacheDataIfAbsent,384] - [config_rpc_client] [subscribe] ruoyi-system.yml+DEFAULT_GROUP
14:32:56.724 [main] INFO  c.a.n.c.c.i.CacheData - [addListener,173] - [config_rpc_client] [add-listener] ok, tenant=, dataId=ruoyi-system.yml, group=DEFAULT_GROUP, cnt=1
14:32:56.725 [main] INFO  c.a.n.c.c.i.ClientWorker - [addCacheDataIfAbsent,384] - [config_rpc_client] [subscribe] ruoyi-system-dev.yml+DEFAULT_GROUP
14:32:56.725 [main] INFO  c.a.n.c.c.i.CacheData - [addListener,173] - [config_rpc_client] [add-listener] ok, tenant=, dataId=ruoyi-system-dev.yml, group=DEFAULT_GROUP, cnt=1
14:32:56.844 [com.alibaba.nacos.client.naming.updater.0] INFO  c.a.n.client.naming - [isChangedServiceInfo,235] - new ips(1) service: DEFAULT_GROUP@@ruoyi-system@@DEFAULT -> [{"ip":"10.131.41.89","port":9201,"weight":1.0,"healthy":true,"enabled":true,"ephemeral":true,"clusterName":"DEFAULT","serviceName":"DEFAULT_GROUP@@ruoyi-system","metadata":{"preserved.register.source":"SPRING_CLOUD"},"ipDeleteTimeout":30000,"instanceHeartBeatInterval":5000,"instanceHeartBeatTimeOut":15000}]
14:32:56.844 [com.alibaba.nacos.client.naming.updater.0] INFO  c.a.n.client.naming - [processServiceInfo,166] - current ips:(1) service: DEFAULT_GROUP@@ruoyi-system@@DEFAULT -> [{"ip":"10.131.41.89","port":9201,"weight":1.0,"healthy":true,"enabled":true,"ephemeral":true,"clusterName":"DEFAULT","serviceName":"DEFAULT_GROUP@@ruoyi-system","metadata":{"preserved.register.source":"SPRING_CLOUD"},"ipDeleteTimeout":30000,"instanceHeartBeatInterval":5000,"instanceHeartBeatTimeOut":15000}]
14:32:56.982 [RMI TCP Connection(4)-10.131.41.89] INFO  o.a.c.c.C.[.[.[/] - [log,173] - Initializing Spring DispatcherServlet 'dispatcherServlet'
16:53:49.061 [SpringApplicationShutdownHook] INFO  c.a.c.n.r.NacosServiceRegistry - [deregister,90] - De-registering from Nacos Server now...
16:53:49.062 [SpringApplicationShutdownHook] INFO  c.a.n.client.naming - [deregisterService,136] - [DEREGISTER-SERVICE] public deregistering service ruoyi-system with instance: Instance{instanceId='null', ip='10.131.41.89', port=9201, weight=1.0, healthy=true, enabled=true, ephemeral=true, clusterName='DEFAULT', serviceName='null', metadata={}}
16:53:49.064 [SpringApplicationShutdownHook] INFO  c.a.c.n.r.NacosServiceRegistry - [deregister,110] - De-registration finished.
16:53:49.064 [SpringApplicationShutdownHook] INFO  c.a.n.client.naming - [shutdown,256] - com.alibaba.nacos.client.naming.cache.ServiceInfoHolder do shutdown begin
16:53:49.065 [SpringApplicationShutdownHook] INFO  c.a.n.client.naming - [shutdown,140] - com.alibaba.nacos.client.naming.backups.FailoverReactor do shutdown begin
16:53:49.065 [SpringApplicationShutdownHook] INFO  c.a.n.client.naming - [shutdown,142] - com.alibaba.nacos.client.naming.backups.FailoverReactor do shutdown stop
16:53:49.065 [SpringApplicationShutdownHook] INFO  c.a.n.client.naming - [shutdown,258] - com.alibaba.nacos.client.naming.cache.ServiceInfoHolder do shutdown stop
16:53:49.065 [SpringApplicationShutdownHook] INFO  c.a.n.client.naming - [shutdown,176] - com.alibaba.nacos.client.naming.remote.NamingClientProxyDelegate do shutdown begin
16:53:49.065 [SpringApplicationShutdownHook] INFO  c.a.n.client.naming - [shutdown,130] - com.alibaba.nacos.client.naming.core.ServiceInfoUpdateService do shutdown begin
16:53:49.369 [SpringApplicationShutdownHook] INFO  c.a.n.client.naming - [shutdown,132] - com.alibaba.nacos.client.naming.core.ServiceInfoUpdateService do shutdown stop
16:53:49.369 [SpringApplicationShutdownHook] INFO  c.a.n.client.naming - [shutdown,188] - com.alibaba.nacos.client.naming.core.ServerListManager do shutdown begin
16:53:49.370 [SpringApplicationShutdownHook] INFO  c.a.n.client.naming - [shutdown,193] - com.alibaba.nacos.client.naming.core.ServerListManager do shutdown stop
16:53:49.371 [SpringApplicationShutdownHook] INFO  c.a.n.client.naming - [shutdown,519] - com.alibaba.nacos.client.naming.remote.http.NamingHttpClientProxy do shutdown begin
16:53:49.371 [SpringApplicationShutdownHook] INFO  c.a.n.client.naming - [shutdown,162] - com.alibaba.nacos.client.naming.beat.BeatReactor do shutdown begin
16:53:49.371 [SpringApplicationShutdownHook] INFO  c.a.n.client.naming - [shutdown,164] - com.alibaba.nacos.client.naming.beat.BeatReactor do shutdown stop
16:53:49.372 [SpringApplicationShutdownHook] INFO  c.a.n.c.i.CredentialWatcher - [stop,105] - [null] CredentialWatcher is stopped
16:53:49.372 [SpringApplicationShutdownHook] INFO  c.a.n.c.i.CredentialService - [free,99] - [null] CredentialService is freed
16:53:49.372 [SpringApplicationShutdownHook] INFO  c.a.n.client.naming - [shutdown,523] - com.alibaba.nacos.client.naming.remote.http.NamingHttpClientProxy do shutdown stop
16:53:49.372 [SpringApplicationShutdownHook] INFO  c.a.n.c.r.client - [shutdown,461] - Shutdown rpc client ,set status to shutdown
16:53:49.373 [SpringApplicationShutdownHook] INFO  c.a.n.c.r.client - [shutdown,463] - Shutdown  client event executor java.util.concurrent.ScheduledThreadPoolExecutor@76002127[Running, pool size = 2, active threads = 2, queued tasks = 0, completed tasks = 0]
16:53:49.373 [SpringApplicationShutdownHook] INFO  c.a.n.c.r.client - [shutdown,465] - Close current connection 1635316374234_127.0.0.1_4560
16:53:49.375 [nacos-grpc-client-executor-1706] INFO  c.a.n.c.r.c.g.GrpcClient - [printIfInfoEnabled,60] - [1635316374234_127.0.0.1_4560]Ignore complete event,isRunning:false,isAbandon=false
16:53:49.390 [SpringApplicationShutdownHook] INFO  c.a.n.c.r.c.g.GrpcClient - [shutdown,83] - Shutdown grpc executor java.util.concurrent.ThreadPoolExecutor@4e9741d9[Running, pool size = 5, active threads = 0, queued tasks = 0, completed tasks = 1707]
16:53:49.390 [SpringApplicationShutdownHook] INFO  c.a.n.client.naming - [shutdown,251] - Shutdown grpc redo service executor java.util.concurrent.ScheduledThreadPoolExecutor@16ae072[Running, pool size = 1, active threads = 0, queued tasks = 1, completed tasks = 2814]
16:53:49.390 [SpringApplicationShutdownHook] INFO  c.a.n.client.naming - [shutdown,182] - com.alibaba.nacos.client.naming.remote.NamingClientProxyDelegate do shutdown stop
16:53:49.629 [SpringApplicationShutdownHook] INFO  c.b.d.d.DynamicRoutingDataSource - [destroy,226] - dynamic-datasource start closing ....
16:53:49.633 [SpringApplicationShutdownHook] INFO  c.a.d.p.DruidDataSource - [close,2071] - {dataSource-1} closing ...
16:53:49.638 [SpringApplicationShutdownHook] INFO  c.a.d.p.DruidDataSource - [close,2144] - {dataSource-1} closed
16:53:49.639 [SpringApplicationShutdownHook] INFO  c.b.d.d.DynamicRoutingDataSource - [destroy,230] - dynamic-datasource all closed success,bye
16:53:56.183 [background-preinit] INFO  o.h.v.i.util.Version - [<clinit>,21] - HV000001: Hibernate Validator 6.2.0.Final
16:53:56.741 [main] INFO  c.a.n.c.c.i.LocalConfigInfoProcessor - [<clinit>,67] - LOCAL_SNAPSHOT_PATH:C:\Users\清研\nacos\config
16:53:56.743 [main] INFO  c.a.n.c.r.client - [lambda$createClient$0,77] - [RpcClientFactory] create a new rpc client of 209b2a29-671f-484a-9d26-de23c31aaf3f_config-0
16:53:56.773 [main] INFO  o.r.Reflections - [scan,232] - Reflections took 17 ms to scan 1 urls, producing 3 keys and 6 values 
16:53:56.791 [main] INFO  o.r.Reflections - [scan,232] - Reflections took 9 ms to scan 1 urls, producing 4 keys and 9 values 
16:53:56.802 [main] INFO  o.r.Reflections - [scan,232] - Reflections took 8 ms to scan 1 urls, producing 3 keys and 10 values 
16:53:56.815 [main] INFO  o.r.Reflections - [scan,232] - Reflections took 9 ms to scan 1 urls, producing 1 keys and 5 values 
16:53:56.825 [main] INFO  o.r.Reflections - [scan,232] - Reflections took 8 ms to scan 1 urls, producing 1 keys and 7 values 
16:53:56.837 [main] INFO  o.r.Reflections - [scan,232] - Reflections took 9 ms to scan 1 urls, producing 2 keys and 8 values 
16:53:56.840 [main] INFO  c.a.n.c.r.client - [printIfInfoEnabled,60] - [209b2a29-671f-484a-9d26-de23c31aaf3f_config-0]RpcClient init label, labels={module=config, Vipserver-Tag=null, source=sdk, Amory-Tag=null, Location-Tag=null, taskId=0, AppName=unknown}
16:53:56.840 [main] INFO  c.a.n.c.r.client - [printIfInfoEnabled,60] - [209b2a29-671f-484a-9d26-de23c31aaf3f_config-0]Register server push request handler:com.alibaba.nacos.client.config.impl.ClientWorker$ConfigRpcTransportClient$$Lambda$452/0x000000080040a040
16:53:56.841 [main] INFO  c.a.n.c.r.client - [printIfInfoEnabled,60] - [209b2a29-671f-484a-9d26-de23c31aaf3f_config-0]Register server push request handler:com.alibaba.nacos.client.config.impl.ClientWorker$ConfigRpcTransportClient$$Lambda$453/0x000000080040a440
16:53:56.841 [main] INFO  c.a.n.c.r.client - [printIfInfoEnabled,60] - [209b2a29-671f-484a-9d26-de23c31aaf3f_config-0]Registry connection listener to current client:com.alibaba.nacos.client.config.impl.ClientWorker$ConfigRpcTransportClient$1
16:53:56.841 [main] INFO  c.a.n.c.r.client - [printIfInfoEnabled,60] - [209b2a29-671f-484a-9d26-de23c31aaf3f_config-0]RpcClient init, ServerListFactory =com.alibaba.nacos.client.config.impl.ClientWorker$ConfigRpcTransportClient$2
16:53:56.849 [main] INFO  c.a.n.c.r.client - [printIfInfoEnabled,60] - [209b2a29-671f-484a-9d26-de23c31aaf3f_config-0] Try to connect to server on start up, server: {serverIp='127.0.0.1', server main port=8848}
16:53:57.724 [main] INFO  c.a.n.c.r.client - [printIfInfoEnabled,60] - [209b2a29-671f-484a-9d26-de23c31aaf3f_config-0] Success to connect to server [127.0.0.1:8848] on start up,connectionId=1635324837548_127.0.0.1_12121
16:53:57.724 [main] INFO  c.a.n.c.r.client - [printIfInfoEnabled,60] - [209b2a29-671f-484a-9d26-de23c31aaf3f_config-0]Register server push request handler:com.alibaba.nacos.common.remote.client.RpcClient$ConnectResetRequestHandler
16:53:57.724 [com.alibaba.nacos.client.remote.worker] INFO  c.a.n.c.r.client - [printIfInfoEnabled,60] - [209b2a29-671f-484a-9d26-de23c31aaf3f_config-0]Notify connected event to listeners.
16:53:57.726 [com.alibaba.nacos.client.remote.worker] INFO  c.a.n.c.c.i.ClientWorker - [onConnected,681] - [209b2a29-671f-484a-9d26-de23c31aaf3f_config-0] Connected,notify listen context...
16:53:57.726 [main] INFO  c.a.n.c.r.client - [printIfInfoEnabled,60] - [209b2a29-671f-484a-9d26-de23c31aaf3f_config-0]Register server push request handler:com.alibaba.nacos.common.remote.client.RpcClient$4
16:53:57.755 [main] INFO  c.a.n.c.c.i.Limiter - [<clinit>,56] - limitTime:5.0
16:53:57.768 [main] INFO  c.a.n.c.c.u.JvmUtil - [<clinit>,53] - isMultiInstance:false
16:53:57.802 [main] INFO  c.r.s.RuoYiSystemApplication - [logStartupProfileInfo,663] - The following profiles are active: dev
16:54:00.027 [main] INFO  o.a.c.h.Http11NioProtocol - [log,173] - Initializing ProtocolHandler ["http-nio-9201"]
16:54:00.028 [main] INFO  o.a.c.c.StandardService - [log,173] - Starting service [Tomcat]
16:54:00.028 [main] INFO  o.a.c.c.StandardEngine - [log,173] - Starting Servlet engine: [Apache Tomcat/9.0.53]
16:54:00.159 [main] INFO  o.a.c.c.C.[.[.[/] - [log,173] - Initializing Spring embedded WebApplicationContext
16:54:00.933 [main] INFO  c.a.d.p.DruidDataSource - [init,998] - {dataSource-1,master} inited
16:54:00.933 [main] INFO  c.b.d.d.DynamicRoutingDataSource - [addDataSource,169] - dynamic-datasource - add a datasource named [master] success
16:54:00.934 [main] INFO  c.b.d.d.DynamicRoutingDataSource - [afterPropertiesSet,249] - dynamic-datasource initial loaded [1] datasource,primary datasource named [master]
16:54:03.024 [main] INFO  c.a.c.s.SentinelWebAutoConfiguration - [addInterceptors,80] - [Sentinel Starter] register SentinelWebInterceptor with urlPatterns: [/**].
16:54:03.355 [main] INFO  c.a.n.client.naming - [initNamespaceForNaming,63] - initializer namespace from System Property : null
16:54:03.356 [main] INFO  c.a.n.client.naming - [call,69] - initializer namespace from System Environment :null
16:54:03.356 [main] INFO  c.a.n.client.naming - [call,79] - initializer namespace from System Property :null
16:54:03.367 [main] INFO  c.a.n.c.r.client - [lambda$createClient$0,77] - [RpcClientFactory] create a new rpc client of 5fab65fa-0465-495f-9167-fa1bcf1a9f77
16:54:03.368 [main] INFO  c.a.n.c.r.client - [printIfInfoEnabled,60] - [5fab65fa-0465-495f-9167-fa1bcf1a9f77]RpcClient init label, labels={module=naming, source=sdk}
16:54:03.370 [main] INFO  c.a.n.c.r.client - [printIfInfoEnabled,60] - [5fab65fa-0465-495f-9167-fa1bcf1a9f77]RpcClient init, ServerListFactory =com.alibaba.nacos.client.naming.core.ServerListManager
16:54:03.371 [main] INFO  c.a.n.c.r.client - [printIfInfoEnabled,60] - [5fab65fa-0465-495f-9167-fa1bcf1a9f77]Registry connection listener to current client:com.alibaba.nacos.client.naming.remote.gprc.redo.NamingGrpcRedoService
16:54:03.371 [main] INFO  c.a.n.c.r.client - [printIfInfoEnabled,60] - [5fab65fa-0465-495f-9167-fa1bcf1a9f77]Register server push request handler:com.alibaba.nacos.client.naming.remote.gprc.NamingPushRequestHandler
16:54:03.371 [main] INFO  c.a.n.c.r.client - [printIfInfoEnabled,60] - [5fab65fa-0465-495f-9167-fa1bcf1a9f77] Try to connect to server on start up, server: {serverIp='127.0.0.1', server main port=8848}
16:54:03.497 [main] INFO  c.a.n.c.r.client - [printIfInfoEnabled,60] - [5fab65fa-0465-495f-9167-fa1bcf1a9f77] Success to connect to server [127.0.0.1:8848] on start up,connectionId=1635324843378_127.0.0.1_12151
16:54:03.497 [com.alibaba.nacos.client.remote.worker] INFO  c.a.n.c.r.client - [printIfInfoEnabled,60] - [5fab65fa-0465-495f-9167-fa1bcf1a9f77]Notify connected event to listeners.
16:54:03.497 [main] INFO  c.a.n.c.r.client - [printIfInfoEnabled,60] - [5fab65fa-0465-495f-9167-fa1bcf1a9f77]Register server push request handler:com.alibaba.nacos.common.remote.client.RpcClient$ConnectResetRequestHandler
16:54:03.497 [com.alibaba.nacos.client.remote.worker] INFO  c.a.n.client.naming - [onConnected,76] - Grpc connection connect
16:54:03.497 [main] INFO  c.a.n.c.r.client - [printIfInfoEnabled,60] - [5fab65fa-0465-495f-9167-fa1bcf1a9f77]Register server push request handler:com.alibaba.nacos.common.remote.client.RpcClient$4
16:54:04.727 [main] INFO  c.a.n.client.naming - [isChangedServiceInfo,181] - init new ips(0) service: DEFAULT_GROUP@@ruoyi-system@@DEFAULT -> []
16:54:04.733 [main] INFO  c.a.n.client.naming - [processServiceInfo,166] - current ips:(0) service: DEFAULT_GROUP@@ruoyi-system@@DEFAULT -> []
16:54:04.737 [main] INFO  o.a.c.h.Http11NioProtocol - [log,173] - Starting ProtocolHandler ["http-nio-9201"]
16:54:04.753 [main] INFO  c.a.n.client.naming - [registerService,112] - [REGISTER-SERVICE] public registering service ruoyi-system with instance Instance{instanceId='null', ip='10.131.41.89', port=9201, weight=1.0, healthy=true, enabled=true, ephemeral=true, clusterName='DEFAULT', serviceName='null', metadata={preserved.register.source=SPRING_CLOUD}}
16:54:04.758 [main] INFO  c.a.c.n.r.NacosServiceRegistry - [register,75] - nacos registry, DEFAULT_GROUP ruoyi-system 10.131.41.89:9201 register finished
16:54:05.301 [nacos-grpc-client-executor-6] INFO  c.a.n.c.r.client - [printIfInfoEnabled,60] - [5fab65fa-0465-495f-9167-fa1bcf1a9f77]receive server push request,request=NotifySubscriberRequest,requestId=46
16:54:05.302 [nacos-grpc-client-executor-6] INFO  c.a.n.client.naming - [isChangedServiceInfo,181] - init new ips(1) service: DEFAULT_GROUP@@ruoyi-system -> [{"ip":"10.131.41.89","port":9201,"weight":1.0,"healthy":true,"enabled":true,"ephemeral":true,"clusterName":"DEFAULT","serviceName":"DEFAULT_GROUP@@ruoyi-system","metadata":{"preserved.register.source":"SPRING_CLOUD"},"ipDeleteTimeout":30000,"instanceHeartBeatInterval":5000,"instanceHeartBeatTimeOut":15000}]
16:54:05.302 [nacos-grpc-client-executor-6] INFO  c.a.n.client.naming - [processServiceInfo,166] - current ips:(1) service: DEFAULT_GROUP@@ruoyi-system -> [{"ip":"10.131.41.89","port":9201,"weight":1.0,"healthy":true,"enabled":true,"ephemeral":true,"clusterName":"DEFAULT","serviceName":"DEFAULT_GROUP@@ruoyi-system","metadata":{"preserved.register.source":"SPRING_CLOUD"},"ipDeleteTimeout":30000,"instanceHeartBeatInterval":5000,"instanceHeartBeatTimeOut":15000}]
16:54:05.304 [nacos-grpc-client-executor-6] INFO  c.a.n.c.r.client - [printIfInfoEnabled,60] - [5fab65fa-0465-495f-9167-fa1bcf1a9f77]ack server push request,request=NotifySubscriberRequest,requestId=46
16:54:05.355 [main] INFO  c.r.s.RuoYiSystemApplication - [logStarted,61] - Started RuoYiSystemApplication in 9.691 seconds (JVM running for 11.024)
16:54:05.364 [main] INFO  c.a.n.c.c.i.ClientWorker - [addCacheDataIfAbsent,384] - [config_rpc_client] [subscribe] ruoyi-system+DEFAULT_GROUP
16:54:05.365 [main] INFO  c.a.n.c.c.i.CacheData - [addListener,173] - [config_rpc_client] [add-listener] ok, tenant=, dataId=ruoyi-system, group=DEFAULT_GROUP, cnt=1
16:54:05.365 [main] INFO  c.a.n.c.c.i.ClientWorker - [addCacheDataIfAbsent,384] - [config_rpc_client] [subscribe] ruoyi-system.yml+DEFAULT_GROUP
16:54:05.365 [main] INFO  c.a.n.c.c.i.CacheData - [addListener,173] - [config_rpc_client] [add-listener] ok, tenant=, dataId=ruoyi-system.yml, group=DEFAULT_GROUP, cnt=1
16:54:05.366 [main] INFO  c.a.n.c.c.i.ClientWorker - [addCacheDataIfAbsent,384] - [config_rpc_client] [subscribe] ruoyi-system-dev.yml+DEFAULT_GROUP
16:54:05.367 [main] INFO  c.a.n.c.c.i.CacheData - [addListener,173] - [config_rpc_client] [add-listener] ok, tenant=, dataId=ruoyi-system-dev.yml, group=DEFAULT_GROUP, cnt=1
16:54:05.730 [com.alibaba.nacos.client.naming.updater.0] INFO  c.a.n.client.naming - [isChangedServiceInfo,235] - new ips(1) service: DEFAULT_GROUP@@ruoyi-system@@DEFAULT -> [{"ip":"10.131.41.89","port":9201,"weight":1.0,"healthy":true,"enabled":true,"ephemeral":true,"clusterName":"DEFAULT","serviceName":"DEFAULT_GROUP@@ruoyi-system","metadata":{"preserved.register.source":"SPRING_CLOUD"},"ipDeleteTimeout":30000,"instanceHeartBeatInterval":5000,"instanceHeartBeatTimeOut":15000}]
16:54:05.730 [com.alibaba.nacos.client.naming.updater.0] INFO  c.a.n.client.naming - [processServiceInfo,166] - current ips:(1) service: DEFAULT_GROUP@@ruoyi-system@@DEFAULT -> [{"ip":"10.131.41.89","port":9201,"weight":1.0,"healthy":true,"enabled":true,"ephemeral":true,"clusterName":"DEFAULT","serviceName":"DEFAULT_GROUP@@ruoyi-system","metadata":{"preserved.register.source":"SPRING_CLOUD"},"ipDeleteTimeout":30000,"instanceHeartBeatInterval":5000,"instanceHeartBeatTimeOut":15000}]
16:54:06.081 [RMI TCP Connection(5)-10.131.41.89] INFO  o.a.c.c.C.[.[.[/] - [log,173] - Initializing Spring DispatcherServlet 'dispatcherServlet'
17:18:41.385 [SpringApplicationShutdownHook] INFO  c.a.c.n.r.NacosServiceRegistry - [deregister,90] - De-registering from Nacos Server now...
17:18:41.385 [SpringApplicationShutdownHook] INFO  c.a.n.client.naming - [deregisterService,136] - [DEREGISTER-SERVICE] public deregistering service ruoyi-system with instance: Instance{instanceId='null', ip='10.131.41.89', port=9201, weight=1.0, healthy=true, enabled=true, ephemeral=true, clusterName='DEFAULT', serviceName='null', metadata={}}
17:18:41.387 [SpringApplicationShutdownHook] INFO  c.a.c.n.r.NacosServiceRegistry - [deregister,110] - De-registration finished.
17:18:41.389 [SpringApplicationShutdownHook] INFO  c.a.n.client.naming - [shutdown,256] - com.alibaba.nacos.client.naming.cache.ServiceInfoHolder do shutdown begin
17:18:41.389 [SpringApplicationShutdownHook] INFO  c.a.n.client.naming - [shutdown,140] - com.alibaba.nacos.client.naming.backups.FailoverReactor do shutdown begin
17:18:41.389 [SpringApplicationShutdownHook] INFO  c.a.n.client.naming - [shutdown,142] - com.alibaba.nacos.client.naming.backups.FailoverReactor do shutdown stop
17:18:41.389 [SpringApplicationShutdownHook] INFO  c.a.n.client.naming - [shutdown,258] - com.alibaba.nacos.client.naming.cache.ServiceInfoHolder do shutdown stop
17:18:41.389 [SpringApplicationShutdownHook] INFO  c.a.n.client.naming - [shutdown,176] - com.alibaba.nacos.client.naming.remote.NamingClientProxyDelegate do shutdown begin
17:18:41.389 [SpringApplicationShutdownHook] INFO  c.a.n.client.naming - [shutdown,130] - com.alibaba.nacos.client.naming.core.ServiceInfoUpdateService do shutdown begin
17:18:41.694 [SpringApplicationShutdownHook] INFO  c.a.n.client.naming - [shutdown,132] - com.alibaba.nacos.client.naming.core.ServiceInfoUpdateService do shutdown stop
17:18:41.695 [SpringApplicationShutdownHook] INFO  c.a.n.client.naming - [shutdown,188] - com.alibaba.nacos.client.naming.core.ServerListManager do shutdown begin
17:18:41.695 [SpringApplicationShutdownHook] INFO  c.a.n.client.naming - [shutdown,193] - com.alibaba.nacos.client.naming.core.ServerListManager do shutdown stop
17:18:41.695 [SpringApplicationShutdownHook] INFO  c.a.n.client.naming - [shutdown,519] - com.alibaba.nacos.client.naming.remote.http.NamingHttpClientProxy do shutdown begin
17:18:41.695 [SpringApplicationShutdownHook] INFO  c.a.n.client.naming - [shutdown,162] - com.alibaba.nacos.client.naming.beat.BeatReactor do shutdown begin
17:18:41.695 [SpringApplicationShutdownHook] INFO  c.a.n.client.naming - [shutdown,164] - com.alibaba.nacos.client.naming.beat.BeatReactor do shutdown stop
17:18:41.695 [SpringApplicationShutdownHook] INFO  c.a.n.c.i.CredentialWatcher - [stop,105] - [null] CredentialWatcher is stopped
17:18:41.696 [SpringApplicationShutdownHook] INFO  c.a.n.c.i.CredentialService - [free,99] - [null] CredentialService is freed
17:18:41.696 [SpringApplicationShutdownHook] INFO  c.a.n.client.naming - [shutdown,523] - com.alibaba.nacos.client.naming.remote.http.NamingHttpClientProxy do shutdown stop
17:18:41.696 [SpringApplicationShutdownHook] INFO  c.a.n.c.r.client - [shutdown,461] - Shutdown rpc client ,set status to shutdown
17:18:41.696 [SpringApplicationShutdownHook] INFO  c.a.n.c.r.client - [shutdown,463] - Shutdown  client event executor java.util.concurrent.ScheduledThreadPoolExecutor@5fc9da45[Running, pool size = 2, active threads = 2, queued tasks = 0, completed tasks = 0]
17:18:41.696 [SpringApplicationShutdownHook] INFO  c.a.n.c.r.client - [shutdown,465] - Close current connection 1635324843378_127.0.0.1_12151
17:18:41.698 [nacos-grpc-client-executor-309] INFO  c.a.n.c.r.c.g.GrpcClient - [printIfInfoEnabled,60] - [1635324843378_127.0.0.1_12151]Ignore complete event,isRunning:false,isAbandon=false
17:18:41.700 [SpringApplicationShutdownHook] INFO  c.a.n.c.r.c.g.GrpcClient - [shutdown,83] - Shutdown grpc executor java.util.concurrent.ThreadPoolExecutor@6ad2bafc[Running, pool size = 5, active threads = 0, queued tasks = 0, completed tasks = 310]
17:18:41.700 [SpringApplicationShutdownHook] INFO  c.a.n.client.naming - [shutdown,251] - Shutdown grpc redo service executor java.util.concurrent.ScheduledThreadPoolExecutor@28d08a2a[Running, pool size = 1, active threads = 0, queued tasks = 1, completed tasks = 491]
17:18:41.701 [SpringApplicationShutdownHook] INFO  c.a.n.client.naming - [shutdown,182] - com.alibaba.nacos.client.naming.remote.NamingClientProxyDelegate do shutdown stop
17:18:41.930 [SpringApplicationShutdownHook] INFO  c.b.d.d.DynamicRoutingDataSource - [destroy,226] - dynamic-datasource start closing ....
17:18:41.933 [SpringApplicationShutdownHook] INFO  c.a.d.p.DruidDataSource - [close,2071] - {dataSource-1} closing ...
17:18:41.939 [SpringApplicationShutdownHook] INFO  c.a.d.p.DruidDataSource - [close,2144] - {dataSource-1} closed
17:18:41.939 [SpringApplicationShutdownHook] INFO  c.b.d.d.DynamicRoutingDataSource - [destroy,230] - dynamic-datasource all closed success,bye
17:19:07.997 [background-preinit] INFO  o.h.v.i.util.Version - [<clinit>,21] - HV000001: Hibernate Validator 6.2.0.Final
17:19:09.000 [main] INFO  c.a.n.c.c.i.LocalConfigInfoProcessor - [<clinit>,67] - LOCAL_SNAPSHOT_PATH:C:\Users\清研\nacos\config
17:19:09.003 [main] INFO  c.a.n.c.r.client - [lambda$createClient$0,77] - [RpcClientFactory] create a new rpc client of 052b3350-dcdd-41b3-8669-1a4557d579e6_config-0
17:19:09.051 [main] INFO  o.r.Reflections - [scan,232] - Reflections took 28 ms to scan 1 urls, producing 3 keys and 6 values 
17:19:09.079 [main] INFO  o.r.Reflections - [scan,232] - Reflections took 16 ms to scan 1 urls, producing 4 keys and 9 values 
17:19:09.096 [main] INFO  o.r.Reflections - [scan,232] - Reflections took 13 ms to scan 1 urls, producing 3 keys and 10 values 
17:19:09.115 [main] INFO  o.r.Reflections - [scan,232] - Reflections took 12 ms to scan 1 urls, producing 1 keys and 5 values 
17:19:09.127 [main] INFO  o.r.Reflections - [scan,232] - Reflections took 9 ms to scan 1 urls, producing 1 keys and 7 values 
17:19:09.142 [main] INFO  o.r.Reflections - [scan,232] - Reflections took 11 ms to scan 1 urls, producing 2 keys and 8 values 
17:19:09.145 [main] INFO  c.a.n.c.r.client - [printIfInfoEnabled,60] - [052b3350-dcdd-41b3-8669-1a4557d579e6_config-0]RpcClient init label, labels={module=config, Vipserver-Tag=null, source=sdk, Amory-Tag=null, Location-Tag=null, taskId=0, AppName=unknown}
17:19:09.146 [main] INFO  c.a.n.c.r.client - [printIfInfoEnabled,60] - [052b3350-dcdd-41b3-8669-1a4557d579e6_config-0]Register server push request handler:com.alibaba.nacos.client.config.impl.ClientWorker$ConfigRpcTransportClient$$Lambda$452/0x000000080040b040
17:19:09.146 [main] INFO  c.a.n.c.r.client - [printIfInfoEnabled,60] - [052b3350-dcdd-41b3-8669-1a4557d579e6_config-0]Register server push request handler:com.alibaba.nacos.client.config.impl.ClientWorker$ConfigRpcTransportClient$$Lambda$453/0x000000080040b440
17:19:09.147 [main] INFO  c.a.n.c.r.client - [printIfInfoEnabled,60] - [052b3350-dcdd-41b3-8669-1a4557d579e6_config-0]Registry connection listener to current client:com.alibaba.nacos.client.config.impl.ClientWorker$ConfigRpcTransportClient$1
17:19:09.147 [main] INFO  c.a.n.c.r.client - [printIfInfoEnabled,60] - [052b3350-dcdd-41b3-8669-1a4557d579e6_config-0]RpcClient init, ServerListFactory =com.alibaba.nacos.client.config.impl.ClientWorker$ConfigRpcTransportClient$2
17:19:09.155 [main] INFO  c.a.n.c.r.client - [printIfInfoEnabled,60] - [052b3350-dcdd-41b3-8669-1a4557d579e6_config-0] Try to connect to server on start up, server: {serverIp='127.0.0.1', server main port=8848}
17:19:11.952 [main] INFO  c.a.n.c.r.client - [printIfInfoEnabled,60] - [052b3350-dcdd-41b3-8669-1a4557d579e6_config-0] Success to connect to server [127.0.0.1:8848] on start up,connectionId=1635326351707_127.0.0.1_14278
17:19:11.952 [com.alibaba.nacos.client.remote.worker] INFO  c.a.n.c.r.client - [printIfInfoEnabled,60] - [052b3350-dcdd-41b3-8669-1a4557d579e6_config-0]Notify connected event to listeners.
17:19:11.953 [main] INFO  c.a.n.c.r.client - [printIfInfoEnabled,60] - [052b3350-dcdd-41b3-8669-1a4557d579e6_config-0]Register server push request handler:com.alibaba.nacos.common.remote.client.RpcClient$ConnectResetRequestHandler
17:19:11.953 [com.alibaba.nacos.client.remote.worker] INFO  c.a.n.c.c.i.ClientWorker - [onConnected,681] - [052b3350-dcdd-41b3-8669-1a4557d579e6_config-0] Connected,notify listen context...
17:19:11.953 [main] INFO  c.a.n.c.r.client - [printIfInfoEnabled,60] - [052b3350-dcdd-41b3-8669-1a4557d579e6_config-0]Register server push request handler:com.alibaba.nacos.common.remote.client.RpcClient$4
17:19:11.986 [main] INFO  c.a.n.c.c.i.Limiter - [<clinit>,56] - limitTime:5.0
17:19:11.998 [main] INFO  c.a.n.c.c.u.JvmUtil - [<clinit>,53] - isMultiInstance:false
17:19:12.026 [main] INFO  c.r.s.RuoYiSystemApplication - [logStartupProfileInfo,663] - The following profiles are active: dev
17:19:14.695 [main] INFO  o.a.c.h.Http11NioProtocol - [log,173] - Initializing ProtocolHandler ["http-nio-9201"]
17:19:14.695 [main] INFO  o.a.c.c.StandardService - [log,173] - Starting service [Tomcat]
17:19:14.695 [main] INFO  o.a.c.c.StandardEngine - [log,173] - Starting Servlet engine: [Apache Tomcat/9.0.53]
17:19:14.826 [main] INFO  o.a.c.c.C.[.[.[/] - [log,173] - Initializing Spring embedded WebApplicationContext
17:19:15.507 [main] INFO  c.a.d.p.DruidDataSource - [init,998] - {dataSource-1,master} inited
17:19:15.508 [main] INFO  c.b.d.d.DynamicRoutingDataSource - [addDataSource,169] - dynamic-datasource - add a datasource named [master] success
17:19:15.508 [main] INFO  c.b.d.d.DynamicRoutingDataSource - [afterPropertiesSet,249] - dynamic-datasource initial loaded [1] datasource,primary datasource named [master]
17:19:17.807 [main] INFO  c.a.c.s.SentinelWebAutoConfiguration - [addInterceptors,80] - [Sentinel Starter] register SentinelWebInterceptor with urlPatterns: [/**].
17:19:18.281 [main] INFO  c.a.n.client.naming - [initNamespaceForNaming,63] - initializer namespace from System Property : null
17:19:18.282 [main] INFO  c.a.n.client.naming - [call,69] - initializer namespace from System Environment :null
17:19:18.282 [main] INFO  c.a.n.client.naming - [call,79] - initializer namespace from System Property :null
17:19:18.293 [main] INFO  c.a.n.c.r.client - [lambda$createClient$0,77] - [RpcClientFactory] create a new rpc client of 424d581c-ccf1-400e-8f26-d3bca0d57841
17:19:18.293 [main] INFO  c.a.n.c.r.client - [printIfInfoEnabled,60] - [424d581c-ccf1-400e-8f26-d3bca0d57841]RpcClient init label, labels={module=naming, source=sdk}
17:19:18.294 [main] INFO  c.a.n.c.r.client - [printIfInfoEnabled,60] - [424d581c-ccf1-400e-8f26-d3bca0d57841]RpcClient init, ServerListFactory =com.alibaba.nacos.client.naming.core.ServerListManager
17:19:18.294 [main] INFO  c.a.n.c.r.client - [printIfInfoEnabled,60] - [424d581c-ccf1-400e-8f26-d3bca0d57841]Registry connection listener to current client:com.alibaba.nacos.client.naming.remote.gprc.redo.NamingGrpcRedoService
17:19:18.295 [main] INFO  c.a.n.c.r.client - [printIfInfoEnabled,60] - [424d581c-ccf1-400e-8f26-d3bca0d57841]Register server push request handler:com.alibaba.nacos.client.naming.remote.gprc.NamingPushRequestHandler
17:19:18.295 [main] INFO  c.a.n.c.r.client - [printIfInfoEnabled,60] - [424d581c-ccf1-400e-8f26-d3bca0d57841] Try to connect to server on start up, server: {serverIp='127.0.0.1', server main port=8848}
17:19:18.422 [main] INFO  c.a.n.c.r.client - [printIfInfoEnabled,60] - [424d581c-ccf1-400e-8f26-d3bca0d57841] Success to connect to server [127.0.0.1:8848] on start up,connectionId=1635326358302_127.0.0.1_14372
17:19:18.422 [main] INFO  c.a.n.c.r.client - [printIfInfoEnabled,60] - [424d581c-ccf1-400e-8f26-d3bca0d57841]Register server push request handler:com.alibaba.nacos.common.remote.client.RpcClient$ConnectResetRequestHandler
17:19:18.422 [com.alibaba.nacos.client.remote.worker] INFO  c.a.n.c.r.client - [printIfInfoEnabled,60] - [424d581c-ccf1-400e-8f26-d3bca0d57841]Notify connected event to listeners.
17:19:18.422 [main] INFO  c.a.n.c.r.client - [printIfInfoEnabled,60] - [424d581c-ccf1-400e-8f26-d3bca0d57841]Register server push request handler:com.alibaba.nacos.common.remote.client.RpcClient$4
17:19:18.422 [com.alibaba.nacos.client.remote.worker] INFO  c.a.n.client.naming - [onConnected,76] - Grpc connection connect
17:19:19.745 [main] INFO  c.a.n.client.naming - [isChangedServiceInfo,181] - init new ips(0) service: DEFAULT_GROUP@@ruoyi-system@@DEFAULT -> []
17:19:19.752 [main] INFO  c.a.n.client.naming - [processServiceInfo,166] - current ips:(0) service: DEFAULT_GROUP@@ruoyi-system@@DEFAULT -> []
17:19:19.756 [main] INFO  o.a.c.h.Http11NioProtocol - [log,173] - Starting ProtocolHandler ["http-nio-9201"]
17:19:19.774 [main] INFO  c.a.n.client.naming - [registerService,112] - [REGISTER-SERVICE] public registering service ruoyi-system with instance Instance{instanceId='null', ip='10.131.41.89', port=9201, weight=1.0, healthy=true, enabled=true, ephemeral=true, clusterName='DEFAULT', serviceName='null', metadata={preserved.register.source=SPRING_CLOUD}}
17:19:19.780 [main] INFO  c.a.c.n.r.NacosServiceRegistry - [register,75] - nacos registry, DEFAULT_GROUP ruoyi-system 10.131.41.89:9201 register finished
17:19:20.325 [nacos-grpc-client-executor-7] INFO  c.a.n.c.r.client - [printIfInfoEnabled,60] - [424d581c-ccf1-400e-8f26-d3bca0d57841]receive server push request,request=NotifySubscriberRequest,requestId=109
17:19:20.327 [nacos-grpc-client-executor-7] INFO  c.a.n.client.naming - [isChangedServiceInfo,181] - init new ips(1) service: DEFAULT_GROUP@@ruoyi-system -> [{"ip":"10.131.41.89","port":9201,"weight":1.0,"healthy":true,"enabled":true,"ephemeral":true,"clusterName":"DEFAULT","serviceName":"DEFAULT_GROUP@@ruoyi-system","metadata":{"preserved.register.source":"SPRING_CLOUD"},"ipDeleteTimeout":30000,"instanceHeartBeatInterval":5000,"instanceHeartBeatTimeOut":15000}]
17:19:20.327 [nacos-grpc-client-executor-7] INFO  c.a.n.client.naming - [processServiceInfo,166] - current ips:(1) service: DEFAULT_GROUP@@ruoyi-system -> [{"ip":"10.131.41.89","port":9201,"weight":1.0,"healthy":true,"enabled":true,"ephemeral":true,"clusterName":"DEFAULT","serviceName":"DEFAULT_GROUP@@ruoyi-system","metadata":{"preserved.register.source":"SPRING_CLOUD"},"ipDeleteTimeout":30000,"instanceHeartBeatInterval":5000,"instanceHeartBeatTimeOut":15000}]
17:19:20.328 [nacos-grpc-client-executor-7] INFO  c.a.n.c.r.client - [printIfInfoEnabled,60] - [424d581c-ccf1-400e-8f26-d3bca0d57841]ack server push request,request=NotifySubscriberRequest,requestId=109
17:19:20.431 [main] INFO  c.r.s.RuoYiSystemApplication - [logStarted,61] - Started RuoYiSystemApplication in 13.349 seconds (JVM running for 14.747)
17:19:20.439 [main] INFO  c.a.n.c.c.i.ClientWorker - [addCacheDataIfAbsent,384] - [config_rpc_client] [subscribe] ruoyi-system+DEFAULT_GROUP
17:19:20.439 [main] INFO  c.a.n.c.c.i.CacheData - [addListener,173] - [config_rpc_client] [add-listener] ok, tenant=, dataId=ruoyi-system, group=DEFAULT_GROUP, cnt=1
17:19:20.440 [main] INFO  c.a.n.c.c.i.ClientWorker - [addCacheDataIfAbsent,384] - [config_rpc_client] [subscribe] ruoyi-system.yml+DEFAULT_GROUP
17:19:20.440 [main] INFO  c.a.n.c.c.i.CacheData - [addListener,173] - [config_rpc_client] [add-listener] ok, tenant=, dataId=ruoyi-system.yml, group=DEFAULT_GROUP, cnt=1
17:19:20.441 [main] INFO  c.a.n.c.c.i.ClientWorker - [addCacheDataIfAbsent,384] - [config_rpc_client] [subscribe] ruoyi-system-dev.yml+DEFAULT_GROUP
17:19:20.442 [main] INFO  c.a.n.c.c.i.CacheData - [addListener,173] - [config_rpc_client] [add-listener] ok, tenant=, dataId=ruoyi-system-dev.yml, group=DEFAULT_GROUP, cnt=1
17:19:20.742 [com.alibaba.nacos.client.naming.updater.0] INFO  c.a.n.client.naming - [isChangedServiceInfo,235] - new ips(1) service: DEFAULT_GROUP@@ruoyi-system@@DEFAULT -> [{"ip":"10.131.41.89","port":9201,"weight":1.0,"healthy":true,"enabled":true,"ephemeral":true,"clusterName":"DEFAULT","serviceName":"DEFAULT_GROUP@@ruoyi-system","metadata":{"preserved.register.source":"SPRING_CLOUD"},"ipDeleteTimeout":30000,"instanceHeartBeatInterval":5000,"instanceHeartBeatTimeOut":15000}]
17:19:20.743 [com.alibaba.nacos.client.naming.updater.0] INFO  c.a.n.client.naming - [processServiceInfo,166] - current ips:(1) service: DEFAULT_GROUP@@ruoyi-system@@DEFAULT -> [{"ip":"10.131.41.89","port":9201,"weight":1.0,"healthy":true,"enabled":true,"ephemeral":true,"clusterName":"DEFAULT","serviceName":"DEFAULT_GROUP@@ruoyi-system","metadata":{"preserved.register.source":"SPRING_CLOUD"},"ipDeleteTimeout":30000,"instanceHeartBeatInterval":5000,"instanceHeartBeatTimeOut":15000}]
17:19:21.088 [RMI TCP Connection(3)-10.131.41.89] INFO  o.a.c.c.C.[.[.[/] - [log,173] - Initializing Spring DispatcherServlet 'dispatcherServlet'
18:17:07.298 [SpringApplicationShutdownHook] INFO  c.a.c.n.r.NacosServiceRegistry - [deregister,90] - De-registering from Nacos Server now...
18:17:07.299 [SpringApplicationShutdownHook] INFO  c.a.n.client.naming - [deregisterService,136] - [DEREGISTER-SERVICE] public deregistering service ruoyi-system with instance: Instance{instanceId='null', ip='10.131.41.89', port=9201, weight=1.0, healthy=true, enabled=true, ephemeral=true, clusterName='DEFAULT', serviceName='null', metadata={}}
18:17:07.300 [SpringApplicationShutdownHook] INFO  c.a.c.n.r.NacosServiceRegistry - [deregister,110] - De-registration finished.
18:17:07.301 [SpringApplicationShutdownHook] INFO  c.a.n.client.naming - [shutdown,256] - com.alibaba.nacos.client.naming.cache.ServiceInfoHolder do shutdown begin
18:17:07.301 [SpringApplicationShutdownHook] INFO  c.a.n.client.naming - [shutdown,140] - com.alibaba.nacos.client.naming.backups.FailoverReactor do shutdown begin
18:17:07.301 [SpringApplicationShutdownHook] INFO  c.a.n.client.naming - [shutdown,142] - com.alibaba.nacos.client.naming.backups.FailoverReactor do shutdown stop
18:17:07.301 [SpringApplicationShutdownHook] INFO  c.a.n.client.naming - [shutdown,258] - com.alibaba.nacos.client.naming.cache.ServiceInfoHolder do shutdown stop
18:17:07.302 [SpringApplicationShutdownHook] INFO  c.a.n.client.naming - [shutdown,176] - com.alibaba.nacos.client.naming.remote.NamingClientProxyDelegate do shutdown begin
18:17:07.302 [SpringApplicationShutdownHook] INFO  c.a.n.client.naming - [shutdown,130] - com.alibaba.nacos.client.naming.core.ServiceInfoUpdateService do shutdown begin
18:17:07.603 [SpringApplicationShutdownHook] INFO  c.a.n.client.naming - [shutdown,132] - com.alibaba.nacos.client.naming.core.ServiceInfoUpdateService do shutdown stop
18:17:07.603 [SpringApplicationShutdownHook] INFO  c.a.n.client.naming - [shutdown,188] - com.alibaba.nacos.client.naming.core.ServerListManager do shutdown begin
18:17:07.603 [SpringApplicationShutdownHook] INFO  c.a.n.client.naming - [shutdown,193] - com.alibaba.nacos.client.naming.core.ServerListManager do shutdown stop
18:17:07.603 [SpringApplicationShutdownHook] INFO  c.a.n.client.naming - [shutdown,519] - com.alibaba.nacos.client.naming.remote.http.NamingHttpClientProxy do shutdown begin
18:17:07.604 [SpringApplicationShutdownHook] INFO  c.a.n.client.naming - [shutdown,162] - com.alibaba.nacos.client.naming.beat.BeatReactor do shutdown begin
18:17:07.604 [SpringApplicationShutdownHook] INFO  c.a.n.client.naming - [shutdown,164] - com.alibaba.nacos.client.naming.beat.BeatReactor do shutdown stop
18:17:07.604 [SpringApplicationShutdownHook] INFO  c.a.n.c.i.CredentialWatcher - [stop,105] - [null] CredentialWatcher is stopped
18:17:07.604 [SpringApplicationShutdownHook] INFO  c.a.n.c.i.CredentialService - [free,99] - [null] CredentialService is freed
18:17:07.604 [SpringApplicationShutdownHook] INFO  c.a.n.client.naming - [shutdown,523] - com.alibaba.nacos.client.naming.remote.http.NamingHttpClientProxy do shutdown stop
18:17:07.604 [SpringApplicationShutdownHook] INFO  c.a.n.c.r.client - [shutdown,461] - Shutdown rpc client ,set status to shutdown
18:17:07.604 [SpringApplicationShutdownHook] INFO  c.a.n.c.r.client - [shutdown,463] - Shutdown  client event executor java.util.concurrent.ScheduledThreadPoolExecutor@6014f76b[Running, pool size = 2, active threads = 2, queued tasks = 0, completed tasks = 0]
18:17:07.605 [SpringApplicationShutdownHook] INFO  c.a.n.c.r.client - [shutdown,465] - Close current connection 1635326358302_127.0.0.1_14372
18:17:07.606 [nacos-grpc-client-executor-733] INFO  c.a.n.c.r.c.g.GrpcClient - [printIfInfoEnabled,60] - [1635326358302_127.0.0.1_14372]Ignore complete event,isRunning:false,isAbandon=false
18:17:07.607 [SpringApplicationShutdownHook] INFO  c.a.n.c.r.c.g.GrpcClient - [shutdown,83] - Shutdown grpc executor java.util.concurrent.ThreadPoolExecutor@63badc5c[Running, pool size = 4, active threads = 0, queued tasks = 0, completed tasks = 734]
18:17:07.607 [SpringApplicationShutdownHook] INFO  c.a.n.client.naming - [shutdown,251] - Shutdown grpc redo service executor java.util.concurrent.ScheduledThreadPoolExecutor@1f04ba92[Running, pool size = 1, active threads = 0, queued tasks = 1, completed tasks = 1154]
18:17:07.607 [SpringApplicationShutdownHook] INFO  c.a.n.client.naming - [shutdown,182] - com.alibaba.nacos.client.naming.remote.NamingClientProxyDelegate do shutdown stop
18:17:07.735 [SpringApplicationShutdownHook] INFO  c.b.d.d.DynamicRoutingDataSource - [destroy,226] - dynamic-datasource start closing ....
18:17:07.737 [SpringApplicationShutdownHook] INFO  c.a.d.p.DruidDataSource - [close,2071] - {dataSource-1} closing ...
18:17:07.740 [SpringApplicationShutdownHook] INFO  c.a.d.p.DruidDataSource - [close,2144] - {dataSource-1} closed
18:17:07.740 [SpringApplicationShutdownHook] INFO  c.b.d.d.DynamicRoutingDataSource - [destroy,230] - dynamic-datasource all closed success,bye
22:52:40.305 [background-preinit] INFO  o.h.v.i.util.Version - [<clinit>,21] - HV000001: Hibernate Validator 6.2.0.Final
22:52:41.111 [main] INFO  c.a.n.c.c.i.LocalConfigInfoProcessor - [<clinit>,67] - LOCAL_SNAPSHOT_PATH:C:\Users\清研\nacos\config
22:52:41.111 [main] INFO  c.a.n.c.r.client - [lambda$createClient$0,77] - [RpcClientFactory] create a new rpc client of 8e4d6290-98ba-4cce-928a-0c01989ef81a_config-0
22:52:41.174 [main] INFO  o.r.Reflections - [scan,232] - Reflections took 34 ms to scan 1 urls, producing 3 keys and 6 values 
22:52:41.211 [main] INFO  o.r.Reflections - [scan,232] - Reflections took 37 ms to scan 1 urls, producing 4 keys and 9 values 
22:52:41.228 [main] INFO  o.r.Reflections - [scan,232] - Reflections took 17 ms to scan 1 urls, producing 3 keys and 10 values 
22:52:41.241 [main] INFO  o.r.Reflections - [scan,232] - Reflections took 13 ms to scan 1 urls, producing 1 keys and 5 values 
22:52:41.257 [main] INFO  o.r.Reflections - [scan,232] - Reflections took 16 ms to scan 1 urls, producing 1 keys and 7 values 
22:52:41.272 [main] INFO  o.r.Reflections - [scan,232] - Reflections took 15 ms to scan 1 urls, producing 2 keys and 8 values 
22:52:41.272 [main] INFO  c.a.n.c.r.client - [printIfInfoEnabled,60] - [8e4d6290-98ba-4cce-928a-0c01989ef81a_config-0]RpcClient init label, labels={module=config, Vipserver-Tag=null, source=sdk, Amory-Tag=null, Location-Tag=null, taskId=0, AppName=unknown}
22:52:41.272 [main] INFO  c.a.n.c.r.client - [printIfInfoEnabled,60] - [8e4d6290-98ba-4cce-928a-0c01989ef81a_config-0]Register server push request handler:com.alibaba.nacos.client.config.impl.ClientWorker$ConfigRpcTransportClient$$Lambda$452/0x000000080040a040
22:52:41.272 [main] INFO  c.a.n.c.r.client - [printIfInfoEnabled,60] - [8e4d6290-98ba-4cce-928a-0c01989ef81a_config-0]Register server push request handler:com.alibaba.nacos.client.config.impl.ClientWorker$ConfigRpcTransportClient$$Lambda$453/0x000000080040a440
22:52:41.272 [main] INFO  c.a.n.c.r.client - [printIfInfoEnabled,60] - [8e4d6290-98ba-4cce-928a-0c01989ef81a_config-0]Registry connection listener to current client:com.alibaba.nacos.client.config.impl.ClientWorker$ConfigRpcTransportClient$1
22:52:41.272 [main] INFO  c.a.n.c.r.client - [printIfInfoEnabled,60] - [8e4d6290-98ba-4cce-928a-0c01989ef81a_config-0]RpcClient init, ServerListFactory =com.alibaba.nacos.client.config.impl.ClientWorker$ConfigRpcTransportClient$2
22:52:41.288 [main] INFO  c.a.n.c.r.client - [printIfInfoEnabled,60] - [8e4d6290-98ba-4cce-928a-0c01989ef81a_config-0] Try to connect to server on start up, server: {serverIp='127.0.0.1', server main port=8848}
22:52:45.183 [main] INFO  c.a.n.c.r.client - [printIfInfoEnabled,60] - [8e4d6290-98ba-4cce-928a-0c01989ef81a_config-0] Try to connect to server on start up, server: {serverIp='127.0.0.1', server main port=8848}
22:52:47.432 [main] INFO  c.a.n.c.r.client - [printIfInfoEnabled,60] - [8e4d6290-98ba-4cce-928a-0c01989ef81a_config-0] Try to connect to server on start up, server: {serverIp='127.0.0.1', server main port=8848}
22:52:49.469 [com.alibaba.nacos.client.remote.worker] INFO  c.a.n.c.r.client - [printIfInfoEnabled,60] - [8e4d6290-98ba-4cce-928a-0c01989ef81a_config-0] try to re connect to a new server ,server is  not appointed,will choose a random server.
22:52:49.469 [main] INFO  c.a.n.c.r.client - [printIfInfoEnabled,60] - [8e4d6290-98ba-4cce-928a-0c01989ef81a_config-0]Register server push request handler:com.alibaba.nacos.common.remote.client.RpcClient$ConnectResetRequestHandler
22:52:49.469 [main] INFO  c.a.n.c.r.client - [printIfInfoEnabled,60] - [8e4d6290-98ba-4cce-928a-0c01989ef81a_config-0]Register server push request handler:com.alibaba.nacos.common.remote.client.RpcClient$4
22:52:49.495 [main] INFO  c.a.n.c.c.i.Limiter - [<clinit>,56] - limitTime:5.0
22:52:49.831 [main] INFO  c.a.n.c.c.u.JvmUtil - [<clinit>,53] - isMultiInstance:false
22:52:50.836 [main] INFO  c.r.s.RuoYiSystemApplication - [logStartupProfileInfo,663] - The following profiles are active: dev
22:52:53.189 [main] INFO  o.a.c.h.Http11NioProtocol - [log,173] - Initializing ProtocolHandler ["http-nio-9201"]
22:52:53.189 [main] INFO  o.a.c.c.StandardService - [log,173] - Starting service [Tomcat]
22:52:53.189 [main] INFO  o.a.c.c.StandardEngine - [log,173] - Starting Servlet engine: [Apache Tomcat/9.0.53]
22:52:53.330 [main] INFO  o.a.c.c.C.[.[.[/] - [log,173] - Initializing Spring embedded WebApplicationContext
22:52:53.634 [com.alibaba.nacos.client.remote.worker] INFO  c.a.n.c.r.client - [printIfInfoEnabled,60] - [8e4d6290-98ba-4cce-928a-0c01989ef81a_config-0] fail to connect server,after trying 1 times, last try server is {serverIp='127.0.0.1', server main port=8848},error=unknown
22:52:54.166 [main] INFO  c.a.d.p.DruidDataSource - [init,998] - {dataSource-1,master} inited
22:52:54.166 [main] INFO  c.b.d.d.DynamicRoutingDataSource - [addDataSource,169] - dynamic-datasource - add a datasource named [master] success
22:52:54.166 [main] INFO  c.b.d.d.DynamicRoutingDataSource - [afterPropertiesSet,249] - dynamic-datasource initial loaded [1] datasource,primary datasource named [master]
22:52:55.857 [com.alibaba.nacos.client.remote.worker] INFO  c.a.n.c.r.client - [printIfInfoEnabled,60] - [8e4d6290-98ba-4cce-928a-0c01989ef81a_config-0] fail to connect server,after trying 2 times, last try server is {serverIp='127.0.0.1', server main port=8848},error=unknown
22:52:57.820 [main] INFO  c.b.d.d.DynamicRoutingDataSource - [destroy,226] - dynamic-datasource start closing ....
22:52:57.833 [main] INFO  c.a.d.p.DruidDataSource - [close,2071] - {dataSource-1} closing ...
22:52:57.836 [main] INFO  c.a.d.p.DruidDataSource - [close,2144] - {dataSource-1} closed
22:52:57.836 [main] INFO  c.b.d.d.DynamicRoutingDataSource - [destroy,230] - dynamic-datasource all closed success,bye
22:52:57.836 [main] INFO  o.a.c.c.StandardService - [log,173] - Stopping service [Tomcat]
22:52:58.217 [com.alibaba.nacos.client.remote.worker] INFO  c.a.n.c.r.client - [printIfInfoEnabled,60] - [8e4d6290-98ba-4cce-928a-0c01989ef81a_config-0] fail to connect server,after trying 3 times, last try server is {serverIp='127.0.0.1', server main port=8848},error=unknown
23:18:07.290 [background-preinit] INFO  o.h.v.i.util.Version - [<clinit>,21] - HV000001: Hibernate Validator 6.2.0.Final
23:18:08.402 [main] INFO  c.a.n.c.c.i.LocalConfigInfoProcessor - [<clinit>,67] - LOCAL_SNAPSHOT_PATH:C:\Users\清研\nacos\config
23:18:08.408 [main] INFO  c.a.n.c.r.client - [lambda$createClient$0,77] - [RpcClientFactory] create a new rpc client of d15073e0-a16e-4125-bd0a-dba01130db7b_config-0
23:18:08.550 [main] INFO  o.r.Reflections - [scan,232] - Reflections took 39 ms to scan 1 urls, producing 3 keys and 6 values 
23:18:08.594 [main] INFO  o.r.Reflections - [scan,232] - Reflections took 26 ms to scan 1 urls, producing 4 keys and 9 values 
23:18:08.634 [main] INFO  o.r.Reflections - [scan,232] - Reflections took 29 ms to scan 1 urls, producing 3 keys and 10 values 
23:18:08.654 [main] INFO  o.r.Reflections - [scan,232] - Reflections took 15 ms to scan 1 urls, producing 1 keys and 5 values 
23:18:08.674 [main] INFO  o.r.Reflections - [scan,232] - Reflections took 16 ms to scan 1 urls, producing 1 keys and 7 values 
23:18:08.695 [main] INFO  o.r.Reflections - [scan,232] - Reflections took 18 ms to scan 1 urls, producing 2 keys and 8 values 
23:18:08.699 [main] INFO  c.a.n.c.r.client - [printIfInfoEnabled,60] - [d15073e0-a16e-4125-bd0a-dba01130db7b_config-0]RpcClient init label, labels={module=config, Vipserver-Tag=null, source=sdk, Amory-Tag=null, Location-Tag=null, taskId=0, AppName=unknown}
23:18:08.700 [main] INFO  c.a.n.c.r.client - [printIfInfoEnabled,60] - [d15073e0-a16e-4125-bd0a-dba01130db7b_config-0]Register server push request handler:com.alibaba.nacos.client.config.impl.ClientWorker$ConfigRpcTransportClient$$Lambda$452/0x000000080040a040
23:18:08.700 [main] INFO  c.a.n.c.r.client - [printIfInfoEnabled,60] - [d15073e0-a16e-4125-bd0a-dba01130db7b_config-0]Register server push request handler:com.alibaba.nacos.client.config.impl.ClientWorker$ConfigRpcTransportClient$$Lambda$453/0x000000080040a440
23:18:08.701 [main] INFO  c.a.n.c.r.client - [printIfInfoEnabled,60] - [d15073e0-a16e-4125-bd0a-dba01130db7b_config-0]Registry connection listener to current client:com.alibaba.nacos.client.config.impl.ClientWorker$ConfigRpcTransportClient$1
23:18:08.702 [main] INFO  c.a.n.c.r.client - [printIfInfoEnabled,60] - [d15073e0-a16e-4125-bd0a-dba01130db7b_config-0]RpcClient init, ServerListFactory =com.alibaba.nacos.client.config.impl.ClientWorker$ConfigRpcTransportClient$2
23:18:08.713 [main] INFO  c.a.n.c.r.client - [printIfInfoEnabled,60] - [d15073e0-a16e-4125-bd0a-dba01130db7b_config-0] Try to connect to server on start up, server: {serverIp='127.0.0.1', server main port=8848}
23:18:10.121 [main] INFO  c.a.n.c.r.client - [printIfInfoEnabled,60] - [d15073e0-a16e-4125-bd0a-dba01130db7b_config-0] Success to connect to server [127.0.0.1:8848] on start up,connectionId=1635347889927_127.0.0.1_11948
23:18:10.121 [com.alibaba.nacos.client.remote.worker] INFO  c.a.n.c.r.client - [printIfInfoEnabled,60] - [d15073e0-a16e-4125-bd0a-dba01130db7b_config-0]Notify connected event to listeners.
23:18:10.122 [main] INFO  c.a.n.c.r.client - [printIfInfoEnabled,60] - [d15073e0-a16e-4125-bd0a-dba01130db7b_config-0]Register server push request handler:com.alibaba.nacos.common.remote.client.RpcClient$ConnectResetRequestHandler
23:18:10.122 [com.alibaba.nacos.client.remote.worker] INFO  c.a.n.c.c.i.ClientWorker - [onConnected,681] - [d15073e0-a16e-4125-bd0a-dba01130db7b_config-0] Connected,notify listen context...
23:18:10.123 [main] INFO  c.a.n.c.r.client - [printIfInfoEnabled,60] - [d15073e0-a16e-4125-bd0a-dba01130db7b_config-0]Register server push request handler:com.alibaba.nacos.common.remote.client.RpcClient$4
23:18:10.162 [main] INFO  c.a.n.c.c.i.Limiter - [<clinit>,56] - limitTime:5.0
23:18:10.178 [main] INFO  c.a.n.c.c.u.JvmUtil - [<clinit>,53] - isMultiInstance:false
23:18:10.218 [main] INFO  c.r.s.RuoYiSystemApplication - [logStartupProfileInfo,663] - The following profiles are active: dev
23:18:13.113 [main] INFO  o.a.c.h.Http11NioProtocol - [log,173] - Initializing ProtocolHandler ["http-nio-9201"]
23:18:13.113 [main] INFO  o.a.c.c.StandardService - [log,173] - Starting service [Tomcat]
23:18:13.113 [main] INFO  o.a.c.c.StandardEngine - [log,173] - Starting Servlet engine: [Apache Tomcat/9.0.53]
23:18:13.269 [main] INFO  o.a.c.c.C.[.[.[/] - [log,173] - Initializing Spring embedded WebApplicationContext
23:18:14.134 [main] INFO  c.a.d.p.DruidDataSource - [init,998] - {dataSource-1,master} inited
23:18:14.135 [main] INFO  c.b.d.d.DynamicRoutingDataSource - [addDataSource,169] - dynamic-datasource - add a datasource named [master] success
23:18:14.135 [main] INFO  c.b.d.d.DynamicRoutingDataSource - [afterPropertiesSet,249] - dynamic-datasource initial loaded [1] datasource,primary datasource named [master]
23:18:17.094 [main] INFO  c.a.c.s.SentinelWebAutoConfiguration - [addInterceptors,80] - [Sentinel Starter] register SentinelWebInterceptor with urlPatterns: [/**].
23:18:17.569 [main] INFO  c.a.n.client.naming - [initNamespaceForNaming,63] - initializer namespace from System Property : null
23:18:17.570 [main] INFO  c.a.n.client.naming - [call,69] - initializer namespace from System Environment :null
23:18:17.570 [main] INFO  c.a.n.client.naming - [call,79] - initializer namespace from System Property :null
23:18:17.587 [main] INFO  c.a.n.c.r.client - [lambda$createClient$0,77] - [RpcClientFactory] create a new rpc client of e5760cec-42db-414b-b241-b4d875401a1b
23:18:17.588 [main] INFO  c.a.n.c.r.client - [printIfInfoEnabled,60] - [e5760cec-42db-414b-b241-b4d875401a1b]RpcClient init label, labels={module=naming, source=sdk}
23:18:17.590 [main] INFO  c.a.n.c.r.client - [printIfInfoEnabled,60] - [e5760cec-42db-414b-b241-b4d875401a1b]RpcClient init, ServerListFactory =com.alibaba.nacos.client.naming.core.ServerListManager
23:18:17.591 [main] INFO  c.a.n.c.r.client - [printIfInfoEnabled,60] - [e5760cec-42db-414b-b241-b4d875401a1b]Registry connection listener to current client:com.alibaba.nacos.client.naming.remote.gprc.redo.NamingGrpcRedoService
23:18:17.591 [main] INFO  c.a.n.c.r.client - [printIfInfoEnabled,60] - [e5760cec-42db-414b-b241-b4d875401a1b]Register server push request handler:com.alibaba.nacos.client.naming.remote.gprc.NamingPushRequestHandler
23:18:17.592 [main] INFO  c.a.n.c.r.client - [printIfInfoEnabled,60] - [e5760cec-42db-414b-b241-b4d875401a1b] Try to connect to server on start up, server: {serverIp='127.0.0.1', server main port=8848}
23:18:17.713 [main] INFO  c.a.n.c.r.client - [printIfInfoEnabled,60] - [e5760cec-42db-414b-b241-b4d875401a1b] Success to connect to server [127.0.0.1:8848] on start up,connectionId=1635347897600_127.0.0.1_12016
23:18:17.714 [com.alibaba.nacos.client.remote.worker] INFO  c.a.n.c.r.client - [printIfInfoEnabled,60] - [e5760cec-42db-414b-b241-b4d875401a1b]Notify connected event to listeners.
23:18:17.714 [main] INFO  c.a.n.c.r.client - [printIfInfoEnabled,60] - [e5760cec-42db-414b-b241-b4d875401a1b]Register server push request handler:com.alibaba.nacos.common.remote.client.RpcClient$ConnectResetRequestHandler
23:18:17.714 [com.alibaba.nacos.client.remote.worker] INFO  c.a.n.client.naming - [onConnected,76] - Grpc connection connect
23:18:17.714 [main] INFO  c.a.n.c.r.client - [printIfInfoEnabled,60] - [e5760cec-42db-414b-b241-b4d875401a1b]Register server push request handler:com.alibaba.nacos.common.remote.client.RpcClient$4
23:18:19.871 [main] INFO  c.a.n.client.naming - [isChangedServiceInfo,181] - init new ips(0) service: DEFAULT_GROUP@@ruoyi-system@@DEFAULT -> []
23:18:19.881 [main] INFO  c.a.n.client.naming - [processServiceInfo,166] - current ips:(0) service: DEFAULT_GROUP@@ruoyi-system@@DEFAULT -> []
23:18:19.887 [main] INFO  o.a.c.h.Http11NioProtocol - [log,173] - Starting ProtocolHandler ["http-nio-9201"]
23:18:19.910 [main] INFO  c.a.n.client.naming - [registerService,112] - [REGISTER-SERVICE] public registering service ruoyi-system with instance Instance{instanceId='null', ip='192.168.31.122', port=9201, weight=1.0, healthy=true, enabled=true, ephemeral=true, clusterName='DEFAULT', serviceName='null', metadata={preserved.register.source=SPRING_CLOUD}}
23:18:19.916 [main] INFO  c.a.c.n.r.NacosServiceRegistry - [register,75] - nacos registry, DEFAULT_GROUP ruoyi-system 192.168.31.122:9201 register finished
23:18:20.403 [nacos-grpc-client-executor-8] INFO  c.a.n.c.r.client - [printIfInfoEnabled,60] - [e5760cec-42db-414b-b241-b4d875401a1b]receive server push request,request=NotifySubscriberRequest,requestId=21
23:18:20.405 [nacos-grpc-client-executor-8] INFO  c.a.n.client.naming - [isChangedServiceInfo,181] - init new ips(1) service: DEFAULT_GROUP@@ruoyi-system -> [{"ip":"192.168.31.122","port":9201,"weight":1.0,"healthy":true,"enabled":true,"ephemeral":true,"clusterName":"DEFAULT","serviceName":"DEFAULT_GROUP@@ruoyi-system","metadata":{"preserved.register.source":"SPRING_CLOUD"},"instanceHeartBeatTimeOut":15000,"ipDeleteTimeout":30000,"instanceHeartBeatInterval":5000}]
23:18:20.406 [nacos-grpc-client-executor-8] INFO  c.a.n.client.naming - [processServiceInfo,166] - current ips:(1) service: DEFAULT_GROUP@@ruoyi-system -> [{"ip":"192.168.31.122","port":9201,"weight":1.0,"healthy":true,"enabled":true,"ephemeral":true,"clusterName":"DEFAULT","serviceName":"DEFAULT_GROUP@@ruoyi-system","metadata":{"preserved.register.source":"SPRING_CLOUD"},"instanceHeartBeatTimeOut":15000,"ipDeleteTimeout":30000,"instanceHeartBeatInterval":5000}]
23:18:20.407 [nacos-grpc-client-executor-8] INFO  c.a.n.c.r.client - [printIfInfoEnabled,60] - [e5760cec-42db-414b-b241-b4d875401a1b]ack server push request,request=NotifySubscriberRequest,requestId=21
23:18:20.614 [main] INFO  c.r.s.RuoYiSystemApplication - [logStarted,61] - Started RuoYiSystemApplication in 14.032 seconds (JVM running for 15.06)
23:18:20.622 [main] INFO  c.a.n.c.c.i.ClientWorker - [addCacheDataIfAbsent,384] - [config_rpc_client] [subscribe] ruoyi-system+DEFAULT_GROUP
23:18:20.623 [main] INFO  c.a.n.c.c.i.CacheData - [addListener,173] - [config_rpc_client] [add-listener] ok, tenant=, dataId=ruoyi-system, group=DEFAULT_GROUP, cnt=1
23:18:20.623 [main] INFO  c.a.n.c.c.i.ClientWorker - [addCacheDataIfAbsent,384] - [config_rpc_client] [subscribe] ruoyi-system.yml+DEFAULT_GROUP
23:18:20.623 [main] INFO  c.a.n.c.c.i.CacheData - [addListener,173] - [config_rpc_client] [add-listener] ok, tenant=, dataId=ruoyi-system.yml, group=DEFAULT_GROUP, cnt=1
23:18:20.633 [main] INFO  c.a.n.c.c.i.ClientWorker - [addCacheDataIfAbsent,384] - [config_rpc_client] [subscribe] ruoyi-system-dev.yml+DEFAULT_GROUP
23:18:20.633 [main] INFO  c.a.n.c.c.i.CacheData - [addListener,173] - [config_rpc_client] [add-listener] ok, tenant=, dataId=ruoyi-system-dev.yml, group=DEFAULT_GROUP, cnt=1
23:18:20.872 [com.alibaba.nacos.client.naming.updater.0] INFO  c.a.n.client.naming - [isChangedServiceInfo,235] - new ips(1) service: DEFAULT_GROUP@@ruoyi-system@@DEFAULT -> [{"ip":"192.168.31.122","port":9201,"weight":1.0,"healthy":true,"enabled":true,"ephemeral":true,"clusterName":"DEFAULT","serviceName":"DEFAULT_GROUP@@ruoyi-system","metadata":{"preserved.register.source":"SPRING_CLOUD"},"instanceHeartBeatTimeOut":15000,"ipDeleteTimeout":30000,"instanceHeartBeatInterval":5000}]
23:18:20.872 [com.alibaba.nacos.client.naming.updater.0] INFO  c.a.n.client.naming - [processServiceInfo,166] - current ips:(1) service: DEFAULT_GROUP@@ruoyi-system@@DEFAULT -> [{"ip":"192.168.31.122","port":9201,"weight":1.0,"healthy":true,"enabled":true,"ephemeral":true,"clusterName":"DEFAULT","serviceName":"DEFAULT_GROUP@@ruoyi-system","metadata":{"preserved.register.source":"SPRING_CLOUD"},"instanceHeartBeatTimeOut":15000,"ipDeleteTimeout":30000,"instanceHeartBeatInterval":5000}]
23:18:20.979 [RMI TCP Connection(9)-192.168.31.122] INFO  o.a.c.c.C.[.[.[/] - [log,173] - Initializing Spring DispatcherServlet 'dispatcherServlet'
