00:12:26.317 [background-preinit] INFO  o.h.v.i.util.Version - [<clinit>,21] - HV000001: Hibernate Validator 6.2.0.Final
00:12:29.153 [main] INFO  c.a.n.c.c.i.LocalConfigInfoProcessor - [<clinit>,67] - LOCAL_SNAPSHOT_PATH:C:\Users\清研\nacos\config
00:12:29.158 [main] INFO  c.a.n.c.r.client - [lambda$createClient$0,77] - [RpcClientFactory] create a new rpc client of 1d3e40aa-b109-434c-a42d-ed0b4f6dba4a_config-0
00:12:29.244 [main] INFO  o.r.Reflections - [scan,232] - Reflections took 56 ms to scan 1 urls, producing 3 keys and 6 values 
00:12:29.308 [main] INFO  o.r.Reflections - [scan,232] - Reflections took 35 ms to scan 1 urls, producing 4 keys and 9 values 
00:12:29.336 [main] INFO  o.r.Reflections - [scan,232] - Reflections took 23 ms to scan 1 urls, producing 3 keys and 10 values 
00:12:29.452 [main] INFO  o.r.Reflections - [scan,232] - Reflections took 105 ms to scan 1 urls, producing 1 keys and 5 values 
00:12:29.512 [main] INFO  o.r.Reflections - [scan,232] - Reflections took 53 ms to scan 1 urls, producing 1 keys and 7 values 
00:12:29.570 [main] INFO  o.r.Reflections - [scan,232] - Reflections took 46 ms to scan 1 urls, producing 2 keys and 8 values 
00:12:29.580 [main] INFO  c.a.n.c.r.client - [printIfInfoEnabled,60] - [1d3e40aa-b109-434c-a42d-ed0b4f6dba4a_config-0]RpcClient init label, labels={module=config, Vipserver-Tag=null, source=sdk, Amory-Tag=null, Location-Tag=null, taskId=0, AppName=unknown}
00:12:29.582 [main] INFO  c.a.n.c.r.client - [printIfInfoEnabled,60] - [1d3e40aa-b109-434c-a42d-ed0b4f6dba4a_config-0]Register server push request handler:com.alibaba.nacos.client.config.impl.ClientWorker$ConfigRpcTransportClient$$Lambda$450/0x000000080040a840
00:12:29.583 [main] INFO  c.a.n.c.r.client - [printIfInfoEnabled,60] - [1d3e40aa-b109-434c-a42d-ed0b4f6dba4a_config-0]Register server push request handler:com.alibaba.nacos.client.config.impl.ClientWorker$ConfigRpcTransportClient$$Lambda$451/0x000000080040ac40
00:12:29.584 [main] INFO  c.a.n.c.r.client - [printIfInfoEnabled,60] - [1d3e40aa-b109-434c-a42d-ed0b4f6dba4a_config-0]Registry connection listener to current client:com.alibaba.nacos.client.config.impl.ClientWorker$ConfigRpcTransportClient$1
00:12:29.586 [main] INFO  c.a.n.c.r.client - [printIfInfoEnabled,60] - [1d3e40aa-b109-434c-a42d-ed0b4f6dba4a_config-0]RpcClient init, ServerListFactory =com.alibaba.nacos.client.config.impl.ClientWorker$ConfigRpcTransportClient$2
00:12:29.608 [main] INFO  c.a.n.c.r.client - [printIfInfoEnabled,60] - [1d3e40aa-b109-434c-a42d-ed0b4f6dba4a_config-0] Try to connect to server on start up, server: {serverIp='127.0.0.1', server main port=8848}
00:12:34.899 [main] INFO  c.a.n.c.r.client - [printIfInfoEnabled,60] - [1d3e40aa-b109-434c-a42d-ed0b4f6dba4a_config-0] Try to connect to server on start up, server: {serverIp='127.0.0.1', server main port=8848}
00:12:35.356 [main] INFO  c.a.n.c.r.client - [printIfInfoEnabled,60] - [1d3e40aa-b109-434c-a42d-ed0b4f6dba4a_config-0] Success to connect to server [127.0.0.1:8848] on start up,connectionId=1636215154943_127.0.0.1_11790
00:12:35.360 [com.alibaba.nacos.client.remote.worker] INFO  c.a.n.c.r.client - [printIfInfoEnabled,60] - [1d3e40aa-b109-434c-a42d-ed0b4f6dba4a_config-0]Notify connected event to listeners.
00:12:35.361 [main] INFO  c.a.n.c.r.client - [printIfInfoEnabled,60] - [1d3e40aa-b109-434c-a42d-ed0b4f6dba4a_config-0]Register server push request handler:com.alibaba.nacos.common.remote.client.RpcClient$ConnectResetRequestHandler
00:12:35.362 [com.alibaba.nacos.client.remote.worker] INFO  c.a.n.c.c.i.ClientWorker - [onConnected,681] - [1d3e40aa-b109-434c-a42d-ed0b4f6dba4a_config-0] Connected,notify listen context...
00:12:35.363 [main] INFO  c.a.n.c.r.client - [printIfInfoEnabled,60] - [1d3e40aa-b109-434c-a42d-ed0b4f6dba4a_config-0]Register server push request handler:com.alibaba.nacos.common.remote.client.RpcClient$4
00:12:35.503 [main] INFO  c.a.n.c.c.i.Limiter - [<clinit>,56] - limitTime:5.0
00:12:35.549 [main] INFO  c.a.n.c.c.u.JvmUtil - [<clinit>,53] - isMultiInstance:false
00:12:35.951 [main] INFO  c.r.o.OrderServiceApplication - [logStartupProfileInfo,663] - The following profiles are active: dev
00:12:48.724 [main] INFO  o.a.c.h.Http11NioProtocol - [log,173] - Initializing ProtocolHandler ["http-nio-9102"]
00:12:48.724 [main] INFO  o.a.c.c.StandardService - [log,173] - Starting service [Tomcat]
00:12:48.724 [main] INFO  o.a.c.c.StandardEngine - [log,173] - Starting Servlet engine: [Apache Tomcat/9.0.53]
00:12:49.225 [main] INFO  o.a.c.c.C.[.[.[/] - [log,173] - Initializing Spring embedded WebApplicationContext
00:12:51.276 [main] INFO  c.a.d.p.DruidDataSource - [init,998] - {dataSource-1,master} inited
00:12:51.278 [main] INFO  c.b.d.d.DynamicRoutingDataSource - [addDataSource,169] - dynamic-datasource - add a datasource named [master] success
00:12:51.279 [main] INFO  c.b.d.d.DynamicRoutingDataSource - [afterPropertiesSet,249] - dynamic-datasource initial loaded [1] datasource,primary datasource named [master]
00:12:56.653 [main] INFO  c.a.n.client.naming - [initNamespaceForNaming,63] - initializer namespace from System Property : null
00:12:56.655 [main] INFO  c.a.n.client.naming - [call,69] - initializer namespace from System Environment :null
00:12:56.657 [main] INFO  c.a.n.client.naming - [call,79] - initializer namespace from System Property :null
00:12:56.686 [main] INFO  c.a.n.c.r.client - [lambda$createClient$0,77] - [RpcClientFactory] create a new rpc client of 56d39b70-e4b5-45a1-8574-d014731f2dd4
00:12:56.686 [main] INFO  c.a.n.c.r.client - [printIfInfoEnabled,60] - [56d39b70-e4b5-45a1-8574-d014731f2dd4]RpcClient init label, labels={module=naming, source=sdk}
00:12:56.688 [main] INFO  c.a.n.c.r.client - [printIfInfoEnabled,60] - [56d39b70-e4b5-45a1-8574-d014731f2dd4]RpcClient init, ServerListFactory =com.alibaba.nacos.client.naming.core.ServerListManager
00:12:56.689 [main] INFO  c.a.n.c.r.client - [printIfInfoEnabled,60] - [56d39b70-e4b5-45a1-8574-d014731f2dd4]Registry connection listener to current client:com.alibaba.nacos.client.naming.remote.gprc.redo.NamingGrpcRedoService
00:12:56.690 [main] INFO  c.a.n.c.r.client - [printIfInfoEnabled,60] - [56d39b70-e4b5-45a1-8574-d014731f2dd4]Register server push request handler:com.alibaba.nacos.client.naming.remote.gprc.NamingPushRequestHandler
00:12:56.691 [main] INFO  c.a.n.c.r.client - [printIfInfoEnabled,60] - [56d39b70-e4b5-45a1-8574-d014731f2dd4] Try to connect to server on start up, server: {serverIp='127.0.0.1', server main port=8848}
00:12:56.820 [main] INFO  c.a.n.c.r.client - [printIfInfoEnabled,60] - [56d39b70-e4b5-45a1-8574-d014731f2dd4] Success to connect to server [127.0.0.1:8848] on start up,connectionId=1636215176699_127.0.0.1_11892
00:12:56.820 [com.alibaba.nacos.client.remote.worker] INFO  c.a.n.c.r.client - [printIfInfoEnabled,60] - [56d39b70-e4b5-45a1-8574-d014731f2dd4]Notify connected event to listeners.
00:12:56.820 [main] INFO  c.a.n.c.r.client - [printIfInfoEnabled,60] - [56d39b70-e4b5-45a1-8574-d014731f2dd4]Register server push request handler:com.alibaba.nacos.common.remote.client.RpcClient$ConnectResetRequestHandler
00:12:56.821 [com.alibaba.nacos.client.remote.worker] INFO  c.a.n.client.naming - [onConnected,76] - Grpc connection connect
00:12:56.821 [main] INFO  c.a.n.c.r.client - [printIfInfoEnabled,60] - [56d39b70-e4b5-45a1-8574-d014731f2dd4]Register server push request handler:com.alibaba.nacos.common.remote.client.RpcClient$4
00:13:00.850 [main] INFO  c.a.n.client.naming - [isChangedServiceInfo,181] - init new ips(0) service: DEFAULT_GROUP@@ruoyi-order@@DEFAULT -> []
00:13:00.864 [main] INFO  c.a.n.client.naming - [processServiceInfo,166] - current ips:(0) service: DEFAULT_GROUP@@ruoyi-order@@DEFAULT -> []
00:13:00.875 [main] INFO  o.a.c.h.Http11NioProtocol - [log,173] - Starting ProtocolHandler ["http-nio-9102"]
00:13:00.905 [main] INFO  c.a.n.client.naming - [registerService,112] - [REGISTER-SERVICE] public registering service ruoyi-order with instance Instance{instanceId='null', ip='192.168.31.122', port=9102, weight=1.0, healthy=true, enabled=true, ephemeral=true, clusterName='DEFAULT', serviceName='null', metadata={preserved.register.source=SPRING_CLOUD}}
00:13:00.913 [main] INFO  c.a.c.n.r.NacosServiceRegistry - [register,75] - nacos registry, DEFAULT_GROUP ruoyi-order 192.168.31.122:9102 register finished
00:13:01.396 [nacos-grpc-client-executor-6] INFO  c.a.n.c.r.client - [printIfInfoEnabled,60] - [56d39b70-e4b5-45a1-8574-d014731f2dd4]receive server push request,request=NotifySubscriberRequest,requestId=13
00:13:01.398 [nacos-grpc-client-executor-6] INFO  c.a.n.client.naming - [isChangedServiceInfo,181] - init new ips(1) service: DEFAULT_GROUP@@ruoyi-order -> [{"ip":"192.168.31.122","port":9102,"weight":1.0,"healthy":true,"enabled":true,"ephemeral":true,"clusterName":"DEFAULT","serviceName":"DEFAULT_GROUP@@ruoyi-order","metadata":{"preserved.register.source":"SPRING_CLOUD"},"instanceHeartBeatTimeOut":15000,"ipDeleteTimeout":30000,"instanceHeartBeatInterval":5000}]
00:13:01.398 [nacos-grpc-client-executor-6] INFO  c.a.n.client.naming - [processServiceInfo,166] - current ips:(1) service: DEFAULT_GROUP@@ruoyi-order -> [{"ip":"192.168.31.122","port":9102,"weight":1.0,"healthy":true,"enabled":true,"ephemeral":true,"clusterName":"DEFAULT","serviceName":"DEFAULT_GROUP@@ruoyi-order","metadata":{"preserved.register.source":"SPRING_CLOUD"},"instanceHeartBeatTimeOut":15000,"ipDeleteTimeout":30000,"instanceHeartBeatInterval":5000}]
00:13:01.400 [nacos-grpc-client-executor-6] INFO  c.a.n.c.r.client - [printIfInfoEnabled,60] - [56d39b70-e4b5-45a1-8574-d014731f2dd4]ack server push request,request=NotifySubscriberRequest,requestId=13
00:13:01.733 [main] INFO  c.r.o.OrderServiceApplication - [logStarted,61] - Started OrderServiceApplication in 38.188 seconds (JVM running for 43.462)
00:13:01.750 [main] INFO  c.a.n.c.c.i.ClientWorker - [addCacheDataIfAbsent,384] - [config_rpc_client] [subscribe] ruoyi-order+DEFAULT_GROUP
00:13:01.752 [main] INFO  c.a.n.c.c.i.CacheData - [addListener,173] - [config_rpc_client] [add-listener] ok, tenant=, dataId=ruoyi-order, group=DEFAULT_GROUP, cnt=1
00:13:01.755 [main] INFO  c.a.n.c.c.i.ClientWorker - [addCacheDataIfAbsent,384] - [config_rpc_client] [subscribe] ruoyi-order.yml+DEFAULT_GROUP
00:13:01.755 [main] INFO  c.a.n.c.c.i.CacheData - [addListener,173] - [config_rpc_client] [add-listener] ok, tenant=, dataId=ruoyi-order.yml, group=DEFAULT_GROUP, cnt=1
00:13:01.764 [main] INFO  c.a.n.c.c.i.ClientWorker - [addCacheDataIfAbsent,384] - [config_rpc_client] [subscribe] ruoyi-order-dev.yml+DEFAULT_GROUP
00:13:01.765 [main] INFO  c.a.n.c.c.i.CacheData - [addListener,173] - [config_rpc_client] [add-listener] ok, tenant=, dataId=ruoyi-order-dev.yml, group=DEFAULT_GROUP, cnt=1
00:13:01.858 [com.alibaba.nacos.client.naming.updater.0] INFO  c.a.n.client.naming - [isChangedServiceInfo,235] - new ips(1) service: DEFAULT_GROUP@@ruoyi-order@@DEFAULT -> [{"ip":"192.168.31.122","port":9102,"weight":1.0,"healthy":true,"enabled":true,"ephemeral":true,"clusterName":"DEFAULT","serviceName":"DEFAULT_GROUP@@ruoyi-order","metadata":{"preserved.register.source":"SPRING_CLOUD"},"instanceHeartBeatTimeOut":15000,"ipDeleteTimeout":30000,"instanceHeartBeatInterval":5000}]
00:13:01.859 [com.alibaba.nacos.client.naming.updater.0] INFO  c.a.n.client.naming - [processServiceInfo,166] - current ips:(1) service: DEFAULT_GROUP@@ruoyi-order@@DEFAULT -> [{"ip":"192.168.31.122","port":9102,"weight":1.0,"healthy":true,"enabled":true,"ephemeral":true,"clusterName":"DEFAULT","serviceName":"DEFAULT_GROUP@@ruoyi-order","metadata":{"preserved.register.source":"SPRING_CLOUD"},"instanceHeartBeatTimeOut":15000,"ipDeleteTimeout":30000,"instanceHeartBeatInterval":5000}]
00:13:02.143 [RMI TCP Connection(8)-192.168.31.122] INFO  o.a.c.c.C.[.[.[/] - [log,173] - Initializing Spring DispatcherServlet 'dispatcherServlet'
00:20:19.173 [http-nio-9102-exec-1] INFO  c.r.o.c.OrderController - [getOrderListByUserId,112] - 根据userId查询订单列表
00:20:52.191 [http-nio-9102-exec-2] INFO  c.r.o.c.OrderController - [getOrderByOrderId,89] - 根据orderId查询单个订单
00:50:20.073 [SpringApplicationShutdownHook] INFO  c.a.c.n.r.NacosServiceRegistry - [deregister,90] - De-registering from Nacos Server now...
00:50:20.074 [SpringApplicationShutdownHook] INFO  c.a.n.client.naming - [deregisterService,136] - [DEREGISTER-SERVICE] public deregistering service ruoyi-order with instance: Instance{instanceId='null', ip='192.168.31.122', port=9102, weight=1.0, healthy=true, enabled=true, ephemeral=true, clusterName='DEFAULT', serviceName='null', metadata={}}
00:50:20.076 [SpringApplicationShutdownHook] INFO  c.a.c.n.r.NacosServiceRegistry - [deregister,110] - De-registration finished.
00:50:20.078 [SpringApplicationShutdownHook] INFO  c.a.n.client.naming - [shutdown,256] - com.alibaba.nacos.client.naming.cache.ServiceInfoHolder do shutdown begin
00:50:20.078 [SpringApplicationShutdownHook] INFO  c.a.n.client.naming - [shutdown,140] - com.alibaba.nacos.client.naming.backups.FailoverReactor do shutdown begin
00:50:20.079 [SpringApplicationShutdownHook] INFO  c.a.n.client.naming - [shutdown,142] - com.alibaba.nacos.client.naming.backups.FailoverReactor do shutdown stop
00:50:20.079 [SpringApplicationShutdownHook] INFO  c.a.n.client.naming - [shutdown,258] - com.alibaba.nacos.client.naming.cache.ServiceInfoHolder do shutdown stop
00:50:20.079 [SpringApplicationShutdownHook] INFO  c.a.n.client.naming - [shutdown,176] - com.alibaba.nacos.client.naming.remote.NamingClientProxyDelegate do shutdown begin
00:50:20.080 [SpringApplicationShutdownHook] INFO  c.a.n.client.naming - [shutdown,130] - com.alibaba.nacos.client.naming.core.ServiceInfoUpdateService do shutdown begin
00:50:20.406 [SpringApplicationShutdownHook] INFO  c.a.n.client.naming - [shutdown,132] - com.alibaba.nacos.client.naming.core.ServiceInfoUpdateService do shutdown stop
00:50:20.406 [SpringApplicationShutdownHook] INFO  c.a.n.client.naming - [shutdown,188] - com.alibaba.nacos.client.naming.core.ServerListManager do shutdown begin
00:50:20.407 [SpringApplicationShutdownHook] INFO  c.a.n.client.naming - [shutdown,193] - com.alibaba.nacos.client.naming.core.ServerListManager do shutdown stop
00:50:20.407 [SpringApplicationShutdownHook] INFO  c.a.n.client.naming - [shutdown,519] - com.alibaba.nacos.client.naming.remote.http.NamingHttpClientProxy do shutdown begin
00:50:20.408 [SpringApplicationShutdownHook] INFO  c.a.n.client.naming - [shutdown,162] - com.alibaba.nacos.client.naming.beat.BeatReactor do shutdown begin
00:50:20.408 [SpringApplicationShutdownHook] INFO  c.a.n.client.naming - [shutdown,164] - com.alibaba.nacos.client.naming.beat.BeatReactor do shutdown stop
00:50:20.408 [SpringApplicationShutdownHook] INFO  c.a.n.c.i.CredentialWatcher - [stop,105] - [null] CredentialWatcher is stopped
00:50:20.408 [SpringApplicationShutdownHook] INFO  c.a.n.c.i.CredentialService - [free,99] - [null] CredentialService is freed
00:50:20.409 [SpringApplicationShutdownHook] INFO  c.a.n.client.naming - [shutdown,523] - com.alibaba.nacos.client.naming.remote.http.NamingHttpClientProxy do shutdown stop
00:50:20.409 [SpringApplicationShutdownHook] INFO  c.a.n.c.r.client - [shutdown,461] - Shutdown rpc client ,set status to shutdown
00:50:20.409 [SpringApplicationShutdownHook] INFO  c.a.n.c.r.client - [shutdown,463] - Shutdown  client event executor java.util.concurrent.ScheduledThreadPoolExecutor@4eb28477[Running, pool size = 2, active threads = 2, queued tasks = 0, completed tasks = 0]
00:50:20.409 [SpringApplicationShutdownHook] INFO  c.a.n.c.r.client - [shutdown,465] - Close current connection 1636215176699_127.0.0.1_11892
00:50:20.410 [SpringApplicationShutdownHook] INFO  c.a.n.c.r.c.g.GrpcClient - [shutdown,83] - Shutdown grpc executor java.util.concurrent.ThreadPoolExecutor@764bc64c[Running, pool size = 4, active threads = 1, queued tasks = 0, completed tasks = 461]
00:50:20.411 [nacos-grpc-client-executor-461] INFO  c.a.n.c.r.c.g.GrpcClient - [printIfInfoEnabled,60] - [1636215176699_127.0.0.1_11892]Ignore complete event,isRunning:false,isAbandon=false
00:50:20.410 [SpringApplicationShutdownHook] INFO  c.a.n.client.naming - [shutdown,251] - Shutdown grpc redo service executor java.util.concurrent.ScheduledThreadPoolExecutor@3e3d031f[Running, pool size = 1, active threads = 0, queued tasks = 1, completed tasks = 746]
00:50:20.412 [SpringApplicationShutdownHook] INFO  c.a.n.client.naming - [shutdown,182] - com.alibaba.nacos.client.naming.remote.NamingClientProxyDelegate do shutdown stop
00:50:20.562 [SpringApplicationShutdownHook] INFO  c.b.d.d.DynamicRoutingDataSource - [destroy,226] - dynamic-datasource start closing ....
00:50:20.567 [SpringApplicationShutdownHook] INFO  c.a.d.p.DruidDataSource - [close,2071] - {dataSource-1} closing ...
00:50:20.569 [SpringApplicationShutdownHook] INFO  c.a.d.p.DruidDataSource - [close,2144] - {dataSource-1} closed
00:50:20.570 [SpringApplicationShutdownHook] INFO  c.b.d.d.DynamicRoutingDataSource - [destroy,230] - dynamic-datasource all closed success,bye
22:27:31.410 [background-preinit] INFO  o.h.v.i.util.Version - [<clinit>,21] - HV000001: Hibernate Validator 6.2.0.Final
22:27:34.156 [main] INFO  c.a.n.c.c.i.LocalConfigInfoProcessor - [<clinit>,67] - LOCAL_SNAPSHOT_PATH:C:\Users\清研\nacos\config
22:27:34.162 [main] INFO  c.a.n.c.r.client - [lambda$createClient$0,77] - [RpcClientFactory] create a new rpc client of de0fa347-d04b-4216-8652-6922999dd893_config-0
22:27:34.264 [main] INFO  o.r.Reflections - [scan,232] - Reflections took 69 ms to scan 1 urls, producing 3 keys and 6 values 
22:27:34.330 [main] INFO  o.r.Reflections - [scan,232] - Reflections took 37 ms to scan 1 urls, producing 4 keys and 9 values 
22:27:34.369 [main] INFO  o.r.Reflections - [scan,232] - Reflections took 33 ms to scan 1 urls, producing 3 keys and 10 values 
22:27:34.408 [main] INFO  o.r.Reflections - [scan,232] - Reflections took 30 ms to scan 1 urls, producing 1 keys and 5 values 
22:27:34.436 [main] INFO  o.r.Reflections - [scan,232] - Reflections took 23 ms to scan 1 urls, producing 1 keys and 7 values 
22:27:34.470 [main] INFO  o.r.Reflections - [scan,232] - Reflections took 28 ms to scan 1 urls, producing 2 keys and 8 values 
22:27:34.477 [main] INFO  c.a.n.c.r.client - [printIfInfoEnabled,60] - [de0fa347-d04b-4216-8652-6922999dd893_config-0]RpcClient init label, labels={module=config, Vipserver-Tag=null, source=sdk, Amory-Tag=null, Location-Tag=null, taskId=0, AppName=unknown}
22:27:34.479 [main] INFO  c.a.n.c.r.client - [printIfInfoEnabled,60] - [de0fa347-d04b-4216-8652-6922999dd893_config-0]Register server push request handler:com.alibaba.nacos.client.config.impl.ClientWorker$ConfigRpcTransportClient$$Lambda$450/0x000000080040a840
22:27:34.480 [main] INFO  c.a.n.c.r.client - [printIfInfoEnabled,60] - [de0fa347-d04b-4216-8652-6922999dd893_config-0]Register server push request handler:com.alibaba.nacos.client.config.impl.ClientWorker$ConfigRpcTransportClient$$Lambda$451/0x000000080040ac40
22:27:34.481 [main] INFO  c.a.n.c.r.client - [printIfInfoEnabled,60] - [de0fa347-d04b-4216-8652-6922999dd893_config-0]Registry connection listener to current client:com.alibaba.nacos.client.config.impl.ClientWorker$ConfigRpcTransportClient$1
22:27:34.482 [main] INFO  c.a.n.c.r.client - [printIfInfoEnabled,60] - [de0fa347-d04b-4216-8652-6922999dd893_config-0]RpcClient init, ServerListFactory =com.alibaba.nacos.client.config.impl.ClientWorker$ConfigRpcTransportClient$2
22:27:34.499 [main] INFO  c.a.n.c.r.client - [printIfInfoEnabled,60] - [de0fa347-d04b-4216-8652-6922999dd893_config-0] Try to connect to server on start up, server: {serverIp='127.0.0.1', server main port=8848}
22:27:39.945 [main] INFO  c.a.n.c.r.client - [printIfInfoEnabled,60] - [de0fa347-d04b-4216-8652-6922999dd893_config-0] Success to connect to server [127.0.0.1:8848] on start up,connectionId=1636295259340_127.0.0.1_12022
22:27:39.951 [main] INFO  c.a.n.c.r.client - [printIfInfoEnabled,60] - [de0fa347-d04b-4216-8652-6922999dd893_config-0]Register server push request handler:com.alibaba.nacos.common.remote.client.RpcClient$ConnectResetRequestHandler
22:27:39.952 [main] INFO  c.a.n.c.r.client - [printIfInfoEnabled,60] - [de0fa347-d04b-4216-8652-6922999dd893_config-0]Register server push request handler:com.alibaba.nacos.common.remote.client.RpcClient$4
22:27:39.950 [com.alibaba.nacos.client.remote.worker] INFO  c.a.n.c.r.client - [printIfInfoEnabled,60] - [de0fa347-d04b-4216-8652-6922999dd893_config-0]Notify connected event to listeners.
22:27:39.959 [com.alibaba.nacos.client.remote.worker] INFO  c.a.n.c.c.i.ClientWorker - [onConnected,681] - [de0fa347-d04b-4216-8652-6922999dd893_config-0] Connected,notify listen context...
22:27:40.035 [main] INFO  c.a.n.c.c.i.Limiter - [<clinit>,56] - limitTime:5.0
22:27:40.232 [main] INFO  c.a.n.c.c.u.JvmUtil - [<clinit>,53] - isMultiInstance:false
22:27:40.344 [main] INFO  c.r.o.OrderServiceApplication - [logStartupProfileInfo,663] - The following profiles are active: dev
22:27:46.609 [main] INFO  o.a.c.h.Http11NioProtocol - [log,173] - Initializing ProtocolHandler ["http-nio-9102"]
22:27:46.610 [main] INFO  o.a.c.c.StandardService - [log,173] - Starting service [Tomcat]
22:27:46.610 [main] INFO  o.a.c.c.StandardEngine - [log,173] - Starting Servlet engine: [Apache Tomcat/9.0.53]
22:27:46.821 [main] INFO  o.a.c.c.C.[.[.[/] - [log,173] - Initializing Spring embedded WebApplicationContext
22:27:48.147 [main] INFO  c.a.d.p.DruidDataSource - [init,998] - {dataSource-1,master} inited
22:27:48.150 [main] INFO  c.b.d.d.DynamicRoutingDataSource - [addDataSource,169] - dynamic-datasource - add a datasource named [master] success
22:27:48.151 [main] INFO  c.b.d.d.DynamicRoutingDataSource - [afterPropertiesSet,249] - dynamic-datasource initial loaded [1] datasource,primary datasource named [master]
22:27:51.092 [main] INFO  c.a.n.client.naming - [initNamespaceForNaming,63] - initializer namespace from System Property : null
22:27:51.093 [main] INFO  c.a.n.client.naming - [call,69] - initializer namespace from System Environment :null
22:27:51.094 [main] INFO  c.a.n.client.naming - [call,79] - initializer namespace from System Property :null
22:27:51.112 [main] INFO  c.a.n.c.r.client - [lambda$createClient$0,77] - [RpcClientFactory] create a new rpc client of 62c2cafb-0053-4675-9810-ed42a8c676c4
22:27:51.112 [main] INFO  c.a.n.c.r.client - [printIfInfoEnabled,60] - [62c2cafb-0053-4675-9810-ed42a8c676c4]RpcClient init label, labels={module=naming, source=sdk}
22:27:51.115 [main] INFO  c.a.n.c.r.client - [printIfInfoEnabled,60] - [62c2cafb-0053-4675-9810-ed42a8c676c4]RpcClient init, ServerListFactory =com.alibaba.nacos.client.naming.core.ServerListManager
22:27:51.115 [main] INFO  c.a.n.c.r.client - [printIfInfoEnabled,60] - [62c2cafb-0053-4675-9810-ed42a8c676c4]Registry connection listener to current client:com.alibaba.nacos.client.naming.remote.gprc.redo.NamingGrpcRedoService
22:27:51.116 [main] INFO  c.a.n.c.r.client - [printIfInfoEnabled,60] - [62c2cafb-0053-4675-9810-ed42a8c676c4]Register server push request handler:com.alibaba.nacos.client.naming.remote.gprc.NamingPushRequestHandler
22:27:51.117 [main] INFO  c.a.n.c.r.client - [printIfInfoEnabled,60] - [62c2cafb-0053-4675-9810-ed42a8c676c4] Try to connect to server on start up, server: {serverIp='127.0.0.1', server main port=8848}
22:27:51.241 [main] INFO  c.a.n.c.r.client - [printIfInfoEnabled,60] - [62c2cafb-0053-4675-9810-ed42a8c676c4] Success to connect to server [127.0.0.1:8848] on start up,connectionId=1636295271128_127.0.0.1_12098
22:27:51.241 [main] INFO  c.a.n.c.r.client - [printIfInfoEnabled,60] - [62c2cafb-0053-4675-9810-ed42a8c676c4]Register server push request handler:com.alibaba.nacos.common.remote.client.RpcClient$ConnectResetRequestHandler
22:27:51.241 [com.alibaba.nacos.client.remote.worker] INFO  c.a.n.c.r.client - [printIfInfoEnabled,60] - [62c2cafb-0053-4675-9810-ed42a8c676c4]Notify connected event to listeners.
22:27:51.241 [com.alibaba.nacos.client.remote.worker] INFO  c.a.n.client.naming - [onConnected,76] - Grpc connection connect
22:27:51.241 [main] INFO  c.a.n.c.r.client - [printIfInfoEnabled,60] - [62c2cafb-0053-4675-9810-ed42a8c676c4]Register server push request handler:com.alibaba.nacos.common.remote.client.RpcClient$4
22:27:53.982 [main] INFO  c.a.n.client.naming - [isChangedServiceInfo,181] - init new ips(0) service: DEFAULT_GROUP@@ruoyi-order@@DEFAULT -> []
22:27:54.003 [main] INFO  c.a.n.client.naming - [processServiceInfo,166] - current ips:(0) service: DEFAULT_GROUP@@ruoyi-order@@DEFAULT -> []
22:27:54.011 [main] INFO  o.a.c.h.Http11NioProtocol - [log,173] - Starting ProtocolHandler ["http-nio-9102"]
22:27:54.037 [main] INFO  c.a.n.client.naming - [registerService,112] - [REGISTER-SERVICE] public registering service ruoyi-order with instance Instance{instanceId='null', ip='192.168.31.122', port=9102, weight=1.0, healthy=true, enabled=true, ephemeral=true, clusterName='DEFAULT', serviceName='null', metadata={preserved.register.source=SPRING_CLOUD}}
22:27:54.047 [main] INFO  c.a.c.n.r.NacosServiceRegistry - [register,75] - nacos registry, DEFAULT_GROUP ruoyi-order 192.168.31.122:9102 register finished
22:27:54.538 [main] INFO  c.r.o.OrderServiceApplication - [logStarted,61] - Started OrderServiceApplication in 25.627 seconds (JVM running for 29.025)
22:27:54.549 [main] INFO  c.a.n.c.c.i.ClientWorker - [addCacheDataIfAbsent,384] - [config_rpc_client] [subscribe] ruoyi-order+DEFAULT_GROUP
22:27:54.550 [main] INFO  c.a.n.c.c.i.CacheData - [addListener,173] - [config_rpc_client] [add-listener] ok, tenant=, dataId=ruoyi-order, group=DEFAULT_GROUP, cnt=1
22:27:54.551 [main] INFO  c.a.n.c.c.i.ClientWorker - [addCacheDataIfAbsent,384] - [config_rpc_client] [subscribe] ruoyi-order.yml+DEFAULT_GROUP
22:27:54.551 [main] INFO  c.a.n.c.c.i.CacheData - [addListener,173] - [config_rpc_client] [add-listener] ok, tenant=, dataId=ruoyi-order.yml, group=DEFAULT_GROUP, cnt=1
22:27:54.564 [main] INFO  c.a.n.c.c.i.ClientWorker - [addCacheDataIfAbsent,384] - [config_rpc_client] [subscribe] ruoyi-order-dev.yml+DEFAULT_GROUP
22:27:54.565 [main] INFO  c.a.n.c.c.i.CacheData - [addListener,173] - [config_rpc_client] [add-listener] ok, tenant=, dataId=ruoyi-order-dev.yml, group=DEFAULT_GROUP, cnt=1
22:27:54.579 [nacos-grpc-client-executor-7] INFO  c.a.n.c.r.client - [printIfInfoEnabled,60] - [62c2cafb-0053-4675-9810-ed42a8c676c4]receive server push request,request=NotifySubscriberRequest,requestId=5
22:27:54.581 [nacos-grpc-client-executor-7] INFO  c.a.n.client.naming - [isChangedServiceInfo,181] - init new ips(1) service: DEFAULT_GROUP@@ruoyi-order -> [{"ip":"192.168.31.122","port":9102,"weight":1.0,"healthy":true,"enabled":true,"ephemeral":true,"clusterName":"DEFAULT","serviceName":"DEFAULT_GROUP@@ruoyi-order","metadata":{"preserved.register.source":"SPRING_CLOUD"},"ipDeleteTimeout":30000,"instanceHeartBeatInterval":5000,"instanceHeartBeatTimeOut":15000}]
22:27:54.581 [nacos-grpc-client-executor-7] INFO  c.a.n.client.naming - [processServiceInfo,166] - current ips:(1) service: DEFAULT_GROUP@@ruoyi-order -> [{"ip":"192.168.31.122","port":9102,"weight":1.0,"healthy":true,"enabled":true,"ephemeral":true,"clusterName":"DEFAULT","serviceName":"DEFAULT_GROUP@@ruoyi-order","metadata":{"preserved.register.source":"SPRING_CLOUD"},"ipDeleteTimeout":30000,"instanceHeartBeatInterval":5000,"instanceHeartBeatTimeOut":15000}]
22:27:54.582 [nacos-grpc-client-executor-7] INFO  c.a.n.c.r.client - [printIfInfoEnabled,60] - [62c2cafb-0053-4675-9810-ed42a8c676c4]ack server push request,request=NotifySubscriberRequest,requestId=5
22:27:54.987 [com.alibaba.nacos.client.naming.updater.0] INFO  c.a.n.client.naming - [isChangedServiceInfo,235] - new ips(1) service: DEFAULT_GROUP@@ruoyi-order@@DEFAULT -> [{"ip":"192.168.31.122","port":9102,"weight":1.0,"healthy":true,"enabled":true,"ephemeral":true,"clusterName":"DEFAULT","serviceName":"DEFAULT_GROUP@@ruoyi-order","metadata":{"preserved.register.source":"SPRING_CLOUD"},"ipDeleteTimeout":30000,"instanceHeartBeatInterval":5000,"instanceHeartBeatTimeOut":15000}]
22:27:54.987 [com.alibaba.nacos.client.naming.updater.0] INFO  c.a.n.client.naming - [processServiceInfo,166] - current ips:(1) service: DEFAULT_GROUP@@ruoyi-order@@DEFAULT -> [{"ip":"192.168.31.122","port":9102,"weight":1.0,"healthy":true,"enabled":true,"ephemeral":true,"clusterName":"DEFAULT","serviceName":"DEFAULT_GROUP@@ruoyi-order","metadata":{"preserved.register.source":"SPRING_CLOUD"},"ipDeleteTimeout":30000,"instanceHeartBeatInterval":5000,"instanceHeartBeatTimeOut":15000}]
22:27:55.095 [RMI TCP Connection(2)-192.168.31.122] INFO  o.a.c.c.C.[.[.[/] - [log,173] - Initializing Spring DispatcherServlet 'dispatcherServlet'
